1132 [Test worker] INFO  manager.ApplicationManager - test starts in chrome driver
2001 [Test worker] INFO  tests.TestBase - Start test --->addNewContactSuccsessDataProviderCSV
2004 [Test worker] INFO  manager.MyListener - 'Start find' element ---> By.xpath: //*[text()='Sign Out']
4074 [Test worker] INFO  manager.MyListener - 'The element with locator' -->By.xpath: //*[text()='Sign Out'] was found
4075 [Test worker] INFO  manager.MyListener - 'Start find' element ---> By.cssSelector: [href='/login']
4084 [Test worker] INFO  manager.MyListener - 'The element with locator' -->By.cssSelector: [href='/login'] was found
4128 [Test worker] INFO  manager.MyListener - 'Start find' element ---> By.xpath: //input[1]
4136 [Test worker] INFO  manager.MyListener - 'The element with locator' -->By.xpath: //input[1] was found
4202 [Test worker] INFO  manager.MyListener - 'Start find' element ---> By.xpath: //input[2]
4210 [Test worker] INFO  manager.MyListener - 'The element with locator' -->By.xpath: //input[2] was found
4277 [Test worker] INFO  manager.MyListener - 'Start find' element ---> By.xpath: //*[text()=' Login']
4286 [Test worker] INFO  manager.MyListener - 'The element with locator' -->By.xpath: //*[text()=' Login'] was found
4312 [Test worker] INFO  manager.MyListener - 'Start find' element ---> By.cssSelector: .navbar-logged_nav__2Hx7M a:nth-child(5)
4826 [Test worker] INFO  manager.MyListener - 'The element with locator' -->By.cssSelector: .navbar-logged_nav__2Hx7M a:nth-child(5) was found
4851 [Test worker] INFO  manager.MyListener - 'Start find' element ---> By.cssSelector: [placeholder='Name']
4860 [Test worker] INFO  manager.MyListener - 'The element with locator' -->By.cssSelector: [placeholder='Name'] was found
4916 [Test worker] INFO  manager.MyListener - 'Start find' element ---> By.cssSelector: [placeholder='Last Name']
4924 [Test worker] INFO  manager.MyListener - 'The element with locator' -->By.cssSelector: [placeholder='Last Name'] was found
4976 [Test worker] INFO  manager.MyListener - 'Start find' element ---> By.cssSelector: [placeholder='Phone']
4984 [Test worker] INFO  manager.MyListener - 'The element with locator' -->By.cssSelector: [placeholder='Phone'] was found
5038 [Test worker] INFO  manager.MyListener - 'Start find' element ---> By.cssSelector: [placeholder='email']
5048 [Test worker] INFO  manager.MyListener - 'The element with locator' -->By.cssSelector: [placeholder='email'] was found
5105 [Test worker] INFO  manager.MyListener - 'Start find' element ---> By.cssSelector: [placeholder='Address']
5113 [Test worker] INFO  manager.MyListener - 'The element with locator' -->By.cssSelector: [placeholder='Address'] was found
5166 [Test worker] INFO  manager.MyListener - 'Start find' element ---> By.cssSelector: [placeholder='description']
5174 [Test worker] INFO  manager.MyListener - 'The element with locator' -->By.cssSelector: [placeholder='description'] was found
5224 [Test worker] INFO  manager.MyListener - 'Start find' element ---> By.xpath: //*[text()='Save']
5233 [Test worker] INFO  manager.MyListener - 'The element with locator' -->By.xpath: //*[text()='Save'] was found
5251 [Test worker] INFO  manager.MyListener - 'Start find' element ---> By.cssSelector: h2
5566 [Test worker] INFO  manager.MyListener - 'The element with locator' -->By.cssSelector: h2 was found
5578 [Test worker] INFO  manager.MyListener - 'Start find' element ---> By.cssSelector: h3
5586 [Test worker] INFO  manager.MyListener - 'The element with locator' -->By.cssSelector: h3 was found
5595 [Test worker] INFO  tests.TestBase - Start test --->addNewContactSuccsessDataProviderCSV
5595 [Test worker] INFO  manager.MyListener - 'Start find' element ---> By.xpath: //*[text()='Sign Out']
5601 [Test worker] INFO  manager.MyListener - 'The element with locator' -->By.xpath: //*[text()='Sign Out'] was found
5601 [Test worker] INFO  manager.MyListener - 'Start find' element ---> By.cssSelector: .navbar-logged_nav__2Hx7M a:nth-child(5)
5606 [Test worker] INFO  manager.MyListener - 'The element with locator' -->By.cssSelector: .navbar-logged_nav__2Hx7M a:nth-child(5) was found
5624 [Test worker] INFO  manager.MyListener - 'Start find' element ---> By.cssSelector: [placeholder='Name']
5631 [Test worker] INFO  manager.MyListener - 'The element with locator' -->By.cssSelector: [placeholder='Name'] was found
5687 [Test worker] INFO  manager.MyListener - 'Start find' element ---> By.cssSelector: [placeholder='Last Name']
5693 [Test worker] INFO  manager.MyListener - 'The element with locator' -->By.cssSelector: [placeholder='Last Name'] was found
5749 [Test worker] INFO  manager.MyListener - 'Start find' element ---> By.cssSelector: [placeholder='Phone']
5755 [Test worker] INFO  manager.MyListener - 'The element with locator' -->By.cssSelector: [placeholder='Phone'] was found
5812 [Test worker] INFO  manager.MyListener - 'Start find' element ---> By.cssSelector: [placeholder='email']
5819 [Test worker] INFO  manager.MyListener - 'The element with locator' -->By.cssSelector: [placeholder='email'] was found
5878 [Test worker] INFO  manager.MyListener - 'Start find' element ---> By.cssSelector: [placeholder='Address']
5883 [Test worker] INFO  manager.MyListener - 'The element with locator' -->By.cssSelector: [placeholder='Address'] was found
5934 [Test worker] INFO  manager.MyListener - 'Start find' element ---> By.cssSelector: [placeholder='description']
5939 [Test worker] INFO  manager.MyListener - 'The element with locator' -->By.cssSelector: [placeholder='description'] was found
5994 [Test worker] INFO  manager.MyListener - 'Start find' element ---> By.xpath: //*[text()='Save']
6000 [Test worker] INFO  manager.MyListener - 'The element with locator' -->By.xpath: //*[text()='Save'] was found
6019 [Test worker] INFO  manager.MyListener - 'Start find' element ---> By.cssSelector: h2
6268 [Test worker] INFO  manager.MyListener - 'The element with locator' -->By.cssSelector: h2 was found
6283 [Test worker] INFO  manager.MyListener - 'Start find' element ---> By.cssSelector: h3
6289 [Test worker] INFO  manager.MyListener - 'The element with locator' -->By.cssSelector: h3 was found
6304 [Test worker] INFO  tests.TestBase - Start test --->addNewContactSuccsessDataProviderCSV
6304 [Test worker] INFO  manager.MyListener - 'Start find' element ---> By.xpath: //*[text()='Sign Out']
6310 [Test worker] INFO  manager.MyListener - 'The element with locator' -->By.xpath: //*[text()='Sign Out'] was found
6310 [Test worker] INFO  manager.MyListener - 'Start find' element ---> By.cssSelector: .navbar-logged_nav__2Hx7M a:nth-child(5)
6316 [Test worker] INFO  manager.MyListener - 'The element with locator' -->By.cssSelector: .navbar-logged_nav__2Hx7M a:nth-child(5) was found
6334 [Test worker] INFO  manager.MyListener - 'Start find' element ---> By.cssSelector: [placeholder='Name']
6341 [Test worker] INFO  manager.MyListener - 'The element with locator' -->By.cssSelector: [placeholder='Name'] was found
6396 [Test worker] INFO  manager.MyListener - 'Start find' element ---> By.cssSelector: [placeholder='Last Name']
6402 [Test worker] INFO  manager.MyListener - 'The element with locator' -->By.cssSelector: [placeholder='Last Name'] was found
6453 [Test worker] INFO  manager.MyListener - 'Start find' element ---> By.cssSelector: [placeholder='Phone']
6458 [Test worker] INFO  manager.MyListener - 'The element with locator' -->By.cssSelector: [placeholder='Phone'] was found
6511 [Test worker] INFO  manager.MyListener - 'Start find' element ---> By.cssSelector: [placeholder='email']
6516 [Test worker] INFO  manager.MyListener - 'The element with locator' -->By.cssSelector: [placeholder='email'] was found
6571 [Test worker] INFO  manager.MyListener - 'Start find' element ---> By.cssSelector: [placeholder='Address']
6577 [Test worker] INFO  manager.MyListener - 'The element with locator' -->By.cssSelector: [placeholder='Address'] was found
6626 [Test worker] INFO  manager.MyListener - 'Start find' element ---> By.cssSelector: [placeholder='description']
6632 [Test worker] INFO  manager.MyListener - 'The element with locator' -->By.cssSelector: [placeholder='description'] was found
6682 [Test worker] INFO  manager.MyListener - 'Start find' element ---> By.xpath: //*[text()='Save']
6687 [Test worker] INFO  manager.MyListener - 'The element with locator' -->By.xpath: //*[text()='Save'] was found
6706 [Test worker] INFO  manager.MyListener - 'Start find' element ---> By.cssSelector: h2
6960 [Test worker] INFO  manager.MyListener - 'The element with locator' -->By.cssSelector: h2 was found
6986 [Test worker] INFO  manager.MyListener - 'Start find' element ---> By.cssSelector: h3
6992 [Test worker] INFO  manager.MyListener - 'The element with locator' -->By.cssSelector: h3 was found
7013 [Test worker] INFO  tests.TestBase - Start test --->addNewContactSuccsessDataProviderCSV
7013 [Test worker] INFO  manager.MyListener - 'Start find' element ---> By.xpath: //*[text()='Sign Out']
7019 [Test worker] INFO  manager.MyListener - 'The element with locator' -->By.xpath: //*[text()='Sign Out'] was found
7020 [Test worker] INFO  manager.MyListener - 'Start find' element ---> By.cssSelector: .navbar-logged_nav__2Hx7M a:nth-child(5)
7024 [Test worker] INFO  manager.MyListener - 'The element with locator' -->By.cssSelector: .navbar-logged_nav__2Hx7M a:nth-child(5) was found
7038 [Test worker] INFO  manager.MyListener - 'Start find' element ---> By.cssSelector: [placeholder='Name']
7044 [Test worker] INFO  manager.MyListener - 'The element with locator' -->By.cssSelector: [placeholder='Name'] was found
7095 [Test worker] INFO  manager.MyListener - 'Start find' element ---> By.cssSelector: [placeholder='Last Name']
7101 [Test worker] INFO  manager.MyListener - 'The element with locator' -->By.cssSelector: [placeholder='Last Name'] was found
7152 [Test worker] INFO  manager.MyListener - 'Start find' element ---> By.cssSelector: [placeholder='Phone']
7157 [Test worker] INFO  manager.MyListener - 'The element with locator' -->By.cssSelector: [placeholder='Phone'] was found
7207 [Test worker] INFO  manager.MyListener - 'Start find' element ---> By.cssSelector: [placeholder='email']
7213 [Test worker] INFO  manager.MyListener - 'The element with locator' -->By.cssSelector: [placeholder='email'] was found
7266 [Test worker] INFO  manager.MyListener - 'Start find' element ---> By.cssSelector: [placeholder='Address']
7272 [Test worker] INFO  manager.MyListener - 'The element with locator' -->By.cssSelector: [placeholder='Address'] was found
7324 [Test worker] INFO  manager.MyListener - 'Start find' element ---> By.cssSelector: [placeholder='description']
7329 [Test worker] INFO  manager.MyListener - 'The element with locator' -->By.cssSelector: [placeholder='description'] was found
7379 [Test worker] INFO  manager.MyListener - 'Start find' element ---> By.xpath: //*[text()='Save']
7385 [Test worker] INFO  manager.MyListener - 'The element with locator' -->By.xpath: //*[text()='Save'] was found
7403 [Test worker] INFO  manager.MyListener - 'Start find' element ---> By.cssSelector: h2
7589 [Test worker] INFO  manager.MyListener - 'The element with locator' -->By.cssSelector: h2 was found
7620 [Test worker] INFO  manager.MyListener - 'Start find' element ---> By.cssSelector: h3
7625 [Test worker] INFO  manager.MyListener - 'The element with locator' -->By.cssSelector: h3 was found
7654 [Test worker] INFO  tests.TestBase - Start test --->fillContactPositive
7654 [Test worker] INFO  manager.MyListener - 'Start find' element ---> By.xpath: //*[text()='Sign Out']
7659 [Test worker] INFO  manager.MyListener - 'The element with locator' -->By.xpath: //*[text()='Sign Out'] was found
7662 [Test worker] INFO  manager.MyListener - 'Start find' element ---> By.cssSelector: .navbar-logged_nav__2Hx7M a:nth-child(5)
7667 [Test worker] INFO  manager.MyListener - 'The element with locator' -->By.cssSelector: .navbar-logged_nav__2Hx7M a:nth-child(5) was found
7681 [Test worker] INFO  manager.MyListener - 'Start find' element ---> By.cssSelector: [placeholder='Name']
7687 [Test worker] INFO  manager.MyListener - 'The element with locator' -->By.cssSelector: [placeholder='Name'] was found
7737 [Test worker] INFO  manager.MyListener - 'Start find' element ---> By.cssSelector: [placeholder='Last Name']
7743 [Test worker] INFO  manager.MyListener - 'The element with locator' -->By.cssSelector: [placeholder='Last Name'] was found
7793 [Test worker] INFO  manager.MyListener - 'Start find' element ---> By.cssSelector: [placeholder='Phone']
7799 [Test worker] INFO  manager.MyListener - 'The element with locator' -->By.cssSelector: [placeholder='Phone'] was found
7852 [Test worker] INFO  manager.MyListener - 'Start find' element ---> By.cssSelector: [placeholder='email']
7857 [Test worker] INFO  manager.MyListener - 'The element with locator' -->By.cssSelector: [placeholder='email'] was found
7914 [Test worker] INFO  manager.MyListener - 'Start find' element ---> By.cssSelector: [placeholder='Address']
7920 [Test worker] INFO  manager.MyListener - 'The element with locator' -->By.cssSelector: [placeholder='Address'] was found
7969 [Test worker] INFO  manager.MyListener - 'Start find' element ---> By.cssSelector: [placeholder='description']
7974 [Test worker] INFO  manager.MyListener - 'The element with locator' -->By.cssSelector: [placeholder='description'] was found
8024 [Test worker] INFO  manager.MyListener - 'Start find' element ---> By.xpath: //*[text()='Save']
8030 [Test worker] INFO  manager.MyListener - 'The element with locator' -->By.xpath: //*[text()='Save'] was found
8047 [Test worker] INFO  manager.MyListener - 'Start find' element ---> By.cssSelector: h2
8234 [Test worker] INFO  manager.MyListener - 'The element with locator' -->By.cssSelector: h2 was found
8270 [Test worker] INFO  manager.MyListener - 'Start find' element ---> By.cssSelector: h3
8275 [Test worker] INFO  manager.MyListener - 'The element with locator' -->By.cssSelector: h3 was found
8308 [Test worker] INFO  tests.TestBase - Start test --->loginModelDataPrividerCSV
8308 [Test worker] INFO  manager.MyListener - 'Start find' element ---> By.xpath: //*[text()='Sign Out']
8313 [Test worker] INFO  manager.MyListener - 'The element with locator' -->By.xpath: //*[text()='Sign Out'] was found
8313 [Test worker] INFO  manager.MyListener - 'Start find' element ---> By.xpath: //*[text()='Sign Out']
8320 [Test worker] INFO  manager.MyListener - 'The element with locator' -->By.xpath: //*[text()='Sign Out'] was found
8342 [Test worker] INFO  tests.TestBase - Tests start with email : bobik@gmail.comand password : Bobik12345$
8343 [Test worker] INFO  manager.MyListener - 'Start find' element ---> By.cssSelector: [href='/login']
8350 [Test worker] INFO  manager.MyListener - 'The element with locator' -->By.cssSelector: [href='/login'] was found
8371 [Test worker] INFO  manager.MyListener - 'Start find' element ---> By.xpath: //input[1]
8379 [Test worker] INFO  manager.MyListener - 'The element with locator' -->By.xpath: //input[1] was found
8433 [Test worker] INFO  manager.MyListener - 'Start find' element ---> By.xpath: //input[2]
8440 [Test worker] INFO  manager.MyListener - 'The element with locator' -->By.xpath: //input[2] was found
8493 [Test worker] INFO  manager.MyListener - 'Start find' element ---> By.xpath: //*[text()=' Login']
8501 [Test worker] INFO  manager.MyListener - 'The element with locator' -->By.xpath: //*[text()=' Login'] was found
8525 [Test worker] INFO  manager.MyListener - 'Start find' element ---> By.xpath: //*[text()='Sign Out']
8718 [Test worker] INFO  manager.MyListener - 'The element with locator' -->By.xpath: //*[text()='Sign Out'] was found
8719 [Test worker] INFO  tests.TestBase - test passed
8719 [Test worker] INFO  tests.TestBase - Start test --->loginModelDataPrividerCSV
8719 [Test worker] INFO  manager.MyListener - 'Start find' element ---> By.xpath: //*[text()='Sign Out']
8725 [Test worker] INFO  manager.MyListener - 'The element with locator' -->By.xpath: //*[text()='Sign Out'] was found
8725 [Test worker] INFO  manager.MyListener - 'Start find' element ---> By.xpath: //*[text()='Sign Out']
8730 [Test worker] INFO  manager.MyListener - 'The element with locator' -->By.xpath: //*[text()='Sign Out'] was found
8749 [Test worker] INFO  tests.TestBase - Tests start with email : bobik@gmail.comand password : Bobik12345$
8749 [Test worker] INFO  manager.MyListener - 'Start find' element ---> By.cssSelector: [href='/login']
8755 [Test worker] INFO  manager.MyListener - 'The element with locator' -->By.cssSelector: [href='/login'] was found
8774 [Test worker] INFO  manager.MyListener - 'Start find' element ---> By.xpath: //input[1]
8780 [Test worker] INFO  manager.MyListener - 'The element with locator' -->By.xpath: //input[1] was found
8833 [Test worker] INFO  manager.MyListener - 'Start find' element ---> By.xpath: //input[2]
8839 [Test worker] INFO  manager.MyListener - 'The element with locator' -->By.xpath: //input[2] was found
8890 [Test worker] INFO  manager.MyListener - 'Start find' element ---> By.xpath: //*[text()=' Login']
8895 [Test worker] INFO  manager.MyListener - 'The element with locator' -->By.xpath: //*[text()=' Login'] was found
8913 [Test worker] INFO  manager.MyListener - 'Start find' element ---> By.xpath: //*[text()='Sign Out']
9046 [Test worker] INFO  manager.MyListener - 'The element with locator' -->By.xpath: //*[text()='Sign Out'] was found
9047 [Test worker] INFO  tests.TestBase - test passed
9047 [Test worker] INFO  tests.TestBase - Start test --->loginModelDataPrividerCSV
9048 [Test worker] INFO  manager.MyListener - 'Start find' element ---> By.xpath: //*[text()='Sign Out']
9053 [Test worker] INFO  manager.MyListener - 'The element with locator' -->By.xpath: //*[text()='Sign Out'] was found
9053 [Test worker] INFO  manager.MyListener - 'Start find' element ---> By.xpath: //*[text()='Sign Out']
9057 [Test worker] INFO  manager.MyListener - 'The element with locator' -->By.xpath: //*[text()='Sign Out'] was found
9078 [Test worker] INFO  tests.TestBase - Tests start with email : bobik@gmail.comand password : Bobik12345$
9078 [Test worker] INFO  manager.MyListener - 'Start find' element ---> By.cssSelector: [href='/login']
9084 [Test worker] INFO  manager.MyListener - 'The element with locator' -->By.cssSelector: [href='/login'] was found
9104 [Test worker] INFO  manager.MyListener - 'Start find' element ---> By.xpath: //input[1]
9110 [Test worker] INFO  manager.MyListener - 'The element with locator' -->By.xpath: //input[1] was found
9162 [Test worker] INFO  manager.MyListener - 'Start find' element ---> By.xpath: //input[2]
9168 [Test worker] INFO  manager.MyListener - 'The element with locator' -->By.xpath: //input[2] was found
9220 [Test worker] INFO  manager.MyListener - 'Start find' element ---> By.xpath: //*[text()=' Login']
9225 [Test worker] INFO  manager.MyListener - 'The element with locator' -->By.xpath: //*[text()=' Login'] was found
9244 [Test worker] INFO  manager.MyListener - 'Start find' element ---> By.xpath: //*[text()='Sign Out']
9375 [Test worker] INFO  manager.MyListener - 'The element with locator' -->By.xpath: //*[text()='Sign Out'] was found
9376 [Test worker] INFO  tests.TestBase - test passed
9376 [Test worker] INFO  tests.TestBase - Start test --->loginModelDataPrividerCSV
9377 [Test worker] INFO  manager.MyListener - 'Start find' element ---> By.xpath: //*[text()='Sign Out']
9382 [Test worker] INFO  manager.MyListener - 'The element with locator' -->By.xpath: //*[text()='Sign Out'] was found
9382 [Test worker] INFO  manager.MyListener - 'Start find' element ---> By.xpath: //*[text()='Sign Out']
9387 [Test worker] INFO  manager.MyListener - 'The element with locator' -->By.xpath: //*[text()='Sign Out'] was found
9409 [Test worker] INFO  tests.TestBase - Tests start with email : bobik@gmail.comand password : Bobik12345$
9410 [Test worker] INFO  manager.MyListener - 'Start find' element ---> By.cssSelector: [href='/login']
9415 [Test worker] INFO  manager.MyListener - 'The element with locator' -->By.cssSelector: [href='/login'] was found
9434 [Test worker] INFO  manager.MyListener - 'Start find' element ---> By.xpath: //input[1]
9440 [Test worker] INFO  manager.MyListener - 'The element with locator' -->By.xpath: //input[1] was found
9496 [Test worker] INFO  manager.MyListener - 'Start find' element ---> By.xpath: //input[2]
9501 [Test worker] INFO  manager.MyListener - 'The element with locator' -->By.xpath: //input[2] was found
9553 [Test worker] INFO  manager.MyListener - 'Start find' element ---> By.xpath: //*[text()=' Login']
9558 [Test worker] INFO  manager.MyListener - 'The element with locator' -->By.xpath: //*[text()=' Login'] was found
9577 [Test worker] INFO  manager.MyListener - 'Start find' element ---> By.xpath: //*[text()='Sign Out']
9706 [Test worker] INFO  manager.MyListener - 'The element with locator' -->By.xpath: //*[text()='Sign Out'] was found
9706 [Test worker] INFO  tests.TestBase - test passed
9707 [Test worker] INFO  tests.TestBase - Start test --->loginNegativePass
9707 [Test worker] INFO  manager.MyListener - 'Start find' element ---> By.xpath: //*[text()='Sign Out']
9713 [Test worker] INFO  manager.MyListener - 'The element with locator' -->By.xpath: //*[text()='Sign Out'] was found
9713 [Test worker] INFO  manager.MyListener - 'Start find' element ---> By.xpath: //*[text()='Sign Out']
9718 [Test worker] INFO  manager.MyListener - 'The element with locator' -->By.xpath: //*[text()='Sign Out'] was found
9738 [Test worker] INFO  manager.MyListener - 'Start find' element ---> By.cssSelector: [href='/login']
9743 [Test worker] INFO  manager.MyListener - 'The element with locator' -->By.cssSelector: [href='/login'] was found
9762 [Test worker] INFO  manager.MyListener - 'Start find' element ---> By.xpath: //input[1]
9767 [Test worker] INFO  manager.MyListener - 'The element with locator' -->By.xpath: //input[1] was found
9822 [Test worker] INFO  manager.MyListener - 'Start find' element ---> By.xpath: //input[2]
9827 [Test worker] INFO  manager.MyListener - 'The element with locator' -->By.xpath: //input[2] was found
9878 [Test worker] INFO  manager.MyListener - 'Start find' element ---> By.xpath: //*[text()=' Login']
9883 [Test worker] INFO  manager.MyListener - 'The element with locator' -->By.xpath: //*[text()=' Login'] was found
9902 [Test worker] INFO  manager.MyListener - 'Start find' element ---> By.xpath: //*[text()='Sign Out']
10035 [Test worker] INFO  manager.MyListener - 'The element with locator' -->By.xpath: //*[text()='Sign Out'] was found
10047 [Test worker] INFO  tests.TestBase - Start test --->loginSuccessModel
10047 [Test worker] INFO  manager.MyListener - 'Start find' element ---> By.xpath: //*[text()='Sign Out']
12109 [Test worker] INFO  manager.MyListener - 'The element with locator' -->By.xpath: //*[text()='Sign Out'] was found
12110 [Test worker] INFO  manager.MyListener - 'Start find' element ---> By.cssSelector: [href='/login']
12115 [Test worker] INFO  manager.MyListener - 'The element with locator' -->By.cssSelector: [href='/login'] was found
12130 [Test worker] INFO  manager.MyListener - 'Start find' element ---> By.xpath: //input[1]
12136 [Test worker] INFO  manager.MyListener - 'The element with locator' -->By.xpath: //input[1] was found
12198 [Test worker] INFO  manager.MyListener - 'Start find' element ---> By.xpath: //input[2]
12204 [Test worker] INFO  manager.MyListener - 'The element with locator' -->By.xpath: //input[2] was found
12266 [Test worker] INFO  manager.MyListener - 'Start find' element ---> By.xpath: //*[text()=' Login']
12272 [Test worker] INFO  manager.MyListener - 'The element with locator' -->By.xpath: //*[text()=' Login'] was found
12290 [Test worker] INFO  manager.MyListener - 'Start find' element ---> By.xpath: //*[text()='Sign Out']
12421 [Test worker] INFO  manager.MyListener - 'The element with locator' -->By.xpath: //*[text()='Sign Out'] was found
12422 [Test worker] INFO  tests.TestBase - Start test --->loginSuccessNew
12422 [Test worker] INFO  manager.MyListener - 'Start find' element ---> By.xpath: //*[text()='Sign Out']
12428 [Test worker] INFO  manager.MyListener - 'The element with locator' -->By.xpath: //*[text()='Sign Out'] was found
12428 [Test worker] INFO  manager.MyListener - 'Start find' element ---> By.xpath: //*[text()='Sign Out']
12432 [Test worker] INFO  manager.MyListener - 'The element with locator' -->By.xpath: //*[text()='Sign Out'] was found
12454 [Test worker] INFO  tests.TestBase - test starts with email:bobik@gmail.com password:Bobik12345$
12454 [Test worker] INFO  manager.MyListener - 'Start find' element ---> By.cssSelector: [href='/login']
12460 [Test worker] INFO  manager.MyListener - 'The element with locator' -->By.cssSelector: [href='/login'] was found
12480 [Test worker] INFO  manager.MyListener - 'Start find' element ---> By.xpath: //input[1]
12485 [Test worker] INFO  manager.MyListener - 'The element with locator' -->By.xpath: //input[1] was found
12539 [Test worker] INFO  manager.MyListener - 'Start find' element ---> By.xpath: //input[2]
12544 [Test worker] INFO  manager.MyListener - 'The element with locator' -->By.xpath: //input[2] was found
12597 [Test worker] INFO  manager.MyListener - 'Start find' element ---> By.xpath: //*[text()=' Login']
12602 [Test worker] INFO  manager.MyListener - 'The element with locator' -->By.xpath: //*[text()=' Login'] was found
12621 [Test worker] INFO  manager.MyListener - 'Start find' element ---> By.xpath: //*[text()='Sign Out']
12751 [Test worker] INFO  manager.MyListener - 'The element with locator' -->By.xpath: //*[text()='Sign Out'] was found
12752 [Test worker] INFO  tests.TestBase - Start test --->loginSuccessNew
12752 [Test worker] INFO  manager.MyListener - 'Start find' element ---> By.xpath: //*[text()='Sign Out']
12758 [Test worker] INFO  manager.MyListener - 'The element with locator' -->By.xpath: //*[text()='Sign Out'] was found
12758 [Test worker] INFO  manager.MyListener - 'Start find' element ---> By.xpath: //*[text()='Sign Out']
12763 [Test worker] INFO  manager.MyListener - 'The element with locator' -->By.xpath: //*[text()='Sign Out'] was found
12784 [Test worker] INFO  tests.TestBase - test starts with email:bobik@gmail.com password:Bobik12345$
12784 [Test worker] INFO  manager.MyListener - 'Start find' element ---> By.cssSelector: [href='/login']
12790 [Test worker] INFO  manager.MyListener - 'The element with locator' -->By.cssSelector: [href='/login'] was found
12810 [Test worker] INFO  manager.MyListener - 'Start find' element ---> By.xpath: //input[1]
12816 [Test worker] INFO  manager.MyListener - 'The element with locator' -->By.xpath: //input[1] was found
12871 [Test worker] INFO  manager.MyListener - 'Start find' element ---> By.xpath: //input[2]
12878 [Test worker] INFO  manager.MyListener - 'The element with locator' -->By.xpath: //input[2] was found
12929 [Test worker] INFO  manager.MyListener - 'Start find' element ---> By.xpath: //*[text()=' Login']
12934 [Test worker] INFO  manager.MyListener - 'The element with locator' -->By.xpath: //*[text()=' Login'] was found
12953 [Test worker] INFO  manager.MyListener - 'Start find' element ---> By.xpath: //*[text()='Sign Out']
13081 [Test worker] INFO  manager.MyListener - 'The element with locator' -->By.xpath: //*[text()='Sign Out'] was found
13082 [Test worker] INFO  tests.TestBase - Start test --->loginSuccessNew
13082 [Test worker] INFO  manager.MyListener - 'Start find' element ---> By.xpath: //*[text()='Sign Out']
13087 [Test worker] INFO  manager.MyListener - 'The element with locator' -->By.xpath: //*[text()='Sign Out'] was found
13087 [Test worker] INFO  manager.MyListener - 'Start find' element ---> By.xpath: //*[text()='Sign Out']
13092 [Test worker] INFO  manager.MyListener - 'The element with locator' -->By.xpath: //*[text()='Sign Out'] was found
13113 [Test worker] INFO  tests.TestBase - test starts with email:bobik@gmail.com password:Bobik12345$
13113 [Test worker] INFO  manager.MyListener - 'Start find' element ---> By.cssSelector: [href='/login']
13119 [Test worker] INFO  manager.MyListener - 'The element with locator' -->By.cssSelector: [href='/login'] was found
13137 [Test worker] INFO  manager.MyListener - 'Start find' element ---> By.xpath: //input[1]
13143 [Test worker] INFO  manager.MyListener - 'The element with locator' -->By.xpath: //input[1] was found
13197 [Test worker] INFO  manager.MyListener - 'Start find' element ---> By.xpath: //input[2]
13203 [Test worker] INFO  manager.MyListener - 'The element with locator' -->By.xpath: //input[2] was found
13255 [Test worker] INFO  manager.MyListener - 'Start find' element ---> By.xpath: //*[text()=' Login']
13261 [Test worker] INFO  manager.MyListener - 'The element with locator' -->By.xpath: //*[text()=' Login'] was found
13280 [Test worker] INFO  manager.MyListener - 'Start find' element ---> By.xpath: //*[text()='Sign Out']
13410 [Test worker] INFO  manager.MyListener - 'The element with locator' -->By.xpath: //*[text()='Sign Out'] was found
13411 [Test worker] INFO  tests.TestBase - Start test --->loginSuccessNew
13411 [Test worker] INFO  manager.MyListener - 'Start find' element ---> By.xpath: //*[text()='Sign Out']
13416 [Test worker] INFO  manager.MyListener - 'The element with locator' -->By.xpath: //*[text()='Sign Out'] was found
13416 [Test worker] INFO  manager.MyListener - 'Start find' element ---> By.xpath: //*[text()='Sign Out']
13421 [Test worker] INFO  manager.MyListener - 'The element with locator' -->By.xpath: //*[text()='Sign Out'] was found
13442 [Test worker] INFO  tests.TestBase - test starts with email:bobik@gmail.com password:Bobik12345$
13442 [Test worker] INFO  manager.MyListener - 'Start find' element ---> By.cssSelector: [href='/login']
13447 [Test worker] INFO  manager.MyListener - 'The element with locator' -->By.cssSelector: [href='/login'] was found
13467 [Test worker] INFO  manager.MyListener - 'Start find' element ---> By.xpath: //input[1]
13472 [Test worker] INFO  manager.MyListener - 'The element with locator' -->By.xpath: //input[1] was found
13528 [Test worker] INFO  manager.MyListener - 'Start find' element ---> By.xpath: //input[2]
13534 [Test worker] INFO  manager.MyListener - 'The element with locator' -->By.xpath: //input[2] was found
13588 [Test worker] INFO  manager.MyListener - 'Start find' element ---> By.xpath: //*[text()=' Login']
13593 [Test worker] INFO  manager.MyListener - 'The element with locator' -->By.xpath: //*[text()=' Login'] was found
13611 [Test worker] INFO  manager.MyListener - 'Start find' element ---> By.xpath: //*[text()='Sign Out']
13739 [Test worker] INFO  manager.MyListener - 'The element with locator' -->By.xpath: //*[text()='Sign Out'] was found
13740 [Test worker] INFO  tests.TestBase - Start test --->removeAllContacts
13741 [Test worker] INFO  manager.MyListener - 'Start find' element ---> By.xpath: //*[text()='Sign Out']
13746 [Test worker] INFO  manager.MyListener - 'The element with locator' -->By.xpath: //*[text()='Sign Out'] was found
13746 [Test worker] INFO  manager.MyListener - 'Start find' element ---> By.cssSelector: .navbar-logged_nav__2Hx7M a:nth-child(5)
13752 [Test worker] INFO  manager.MyListener - 'The element with locator' -->By.cssSelector: .navbar-logged_nav__2Hx7M a:nth-child(5) was found
13772 [Test worker] INFO  manager.MyListener - 'Start find' element ---> By.cssSelector: [placeholder='Name']
13779 [Test worker] INFO  manager.MyListener - 'The element with locator' -->By.cssSelector: [placeholder='Name'] was found
13832 [Test worker] INFO  manager.MyListener - 'Start find' element ---> By.cssSelector: [placeholder='Last Name']
13837 [Test worker] INFO  manager.MyListener - 'The element with locator' -->By.cssSelector: [placeholder='Last Name'] was found
13891 [Test worker] INFO  manager.MyListener - 'Start find' element ---> By.cssSelector: [placeholder='Phone']
13899 [Test worker] INFO  manager.MyListener - 'The element with locator' -->By.cssSelector: [placeholder='Phone'] was found
13951 [Test worker] INFO  manager.MyListener - 'Start find' element ---> By.cssSelector: [placeholder='email']
13959 [Test worker] INFO  manager.MyListener - 'The element with locator' -->By.cssSelector: [placeholder='email'] was found
14013 [Test worker] INFO  manager.MyListener - 'Start find' element ---> By.cssSelector: [placeholder='Address']
14022 [Test worker] INFO  manager.MyListener - 'The element with locator' -->By.cssSelector: [placeholder='Address'] was found
14073 [Test worker] INFO  manager.MyListener - 'Start find' element ---> By.cssSelector: [placeholder='description']
14080 [Test worker] INFO  manager.MyListener - 'The element with locator' -->By.cssSelector: [placeholder='description'] was found
14130 [Test worker] INFO  manager.MyListener - 'Start find' element ---> By.xpath: //*[text()='Save']
14138 [Test worker] INFO  manager.MyListener - 'The element with locator' -->By.xpath: //*[text()='Save'] was found
14155 [Test worker] INFO  manager.MyListener - 'Start find' element ---> By.cssSelector: h2
14358 [Test worker] INFO  manager.MyListener - 'The element with locator' -->By.cssSelector: h2 was found
14391 [Test worker] INFO  manager.MyListener - 'Start find' element ---> By.cssSelector: h3
14398 [Test worker] INFO  manager.MyListener - 'The element with locator' -->By.cssSelector: h3 was found
14437 [Test worker] INFO  manager.MyListener - 'Start find' element ---> By.cssSelector: .contact-item_card__2SOIM
14443 [Test worker] INFO  manager.MyListener - 'The element with locator' -->By.cssSelector: .contact-item_card__2SOIM was found
14444 [Test worker] INFO  manager.MyListener - 'Start find' element ---> By.cssSelector: .contact-item_card__2SOIM
14450 [Test worker] INFO  manager.MyListener - 'The element with locator' -->By.cssSelector: .contact-item_card__2SOIM was found
14472 [Test worker] INFO  manager.MyListener - 'Start find' element ---> By.xpath: //button[text()='Remove']
14480 [Test worker] INFO  manager.MyListener - 'The element with locator' -->By.xpath: //button[text()='Remove'] was found
15009 [Test worker] INFO  manager.MyListener - 'Start find' element ---> By.cssSelector: .contact-item_card__2SOIM
15016 [Test worker] INFO  manager.MyListener - 'The element with locator' -->By.cssSelector: .contact-item_card__2SOIM was found
15016 [Test worker] INFO  manager.MyListener - 'Start find' element ---> By.cssSelector: .contact-item_card__2SOIM
15021 [Test worker] INFO  manager.MyListener - 'The element with locator' -->By.cssSelector: .contact-item_card__2SOIM was found
15035 [Test worker] INFO  manager.MyListener - 'Start find' element ---> By.xpath: //button[text()='Remove']
15041 [Test worker] INFO  manager.MyListener - 'The element with locator' -->By.xpath: //button[text()='Remove'] was found
15572 [Test worker] INFO  manager.MyListener - 'Start find' element ---> By.cssSelector: .contact-item_card__2SOIM
15579 [Test worker] INFO  manager.MyListener - 'The element with locator' -->By.cssSelector: .contact-item_card__2SOIM was found
15580 [Test worker] INFO  manager.MyListener - 'Start find' element ---> By.cssSelector: .contact-item_card__2SOIM
15585 [Test worker] INFO  manager.MyListener - 'The element with locator' -->By.cssSelector: .contact-item_card__2SOIM was found
15599 [Test worker] INFO  manager.MyListener - 'Start find' element ---> By.xpath: //button[text()='Remove']
15605 [Test worker] INFO  manager.MyListener - 'The element with locator' -->By.xpath: //button[text()='Remove'] was found
16135 [Test worker] INFO  manager.MyListener - 'Start find' element ---> By.cssSelector: .contact-item_card__2SOIM
16141 [Test worker] INFO  manager.MyListener - 'The element with locator' -->By.cssSelector: .contact-item_card__2SOIM was found
16142 [Test worker] INFO  manager.MyListener - 'Start find' element ---> By.cssSelector: .contact-item_card__2SOIM
16147 [Test worker] INFO  manager.MyListener - 'The element with locator' -->By.cssSelector: .contact-item_card__2SOIM was found
16165 [Test worker] INFO  manager.MyListener - 'Start find' element ---> By.xpath: //button[text()='Remove']
16171 [Test worker] INFO  manager.MyListener - 'The element with locator' -->By.xpath: //button[text()='Remove'] was found
16695 [Test worker] INFO  manager.MyListener - 'Start find' element ---> By.cssSelector: .contact-item_card__2SOIM
16702 [Test worker] INFO  manager.MyListener - 'The element with locator' -->By.cssSelector: .contact-item_card__2SOIM was found
16702 [Test worker] INFO  manager.MyListener - 'Start find' element ---> By.cssSelector: .contact-item_card__2SOIM
16707 [Test worker] INFO  manager.MyListener - 'The element with locator' -->By.cssSelector: .contact-item_card__2SOIM was found
16723 [Test worker] INFO  manager.MyListener - 'Start find' element ---> By.xpath: //button[text()='Remove']
16728 [Test worker] INFO  manager.MyListener - 'The element with locator' -->By.xpath: //button[text()='Remove'] was found
17256 [Test worker] INFO  manager.MyListener - 'Start find' element ---> By.cssSelector: .contact-item_card__2SOIM
17262 [Test worker] INFO  manager.MyListener - 'The element with locator' -->By.cssSelector: .contact-item_card__2SOIM was found
17262 [Test worker] INFO  manager.MyListener - 'Start find' element ---> By.cssSelector: .contact-item_card__2SOIM
17267 [Test worker] INFO  manager.MyListener - 'The element with locator' -->By.cssSelector: .contact-item_card__2SOIM was found
17282 [Test worker] INFO  manager.MyListener - 'Start find' element ---> By.xpath: //button[text()='Remove']
17287 [Test worker] INFO  manager.MyListener - 'The element with locator' -->By.xpath: //button[text()='Remove'] was found
17818 [Test worker] INFO  manager.MyListener - 'Start find' element ---> By.cssSelector: .contact-item_card__2SOIM
19880 [Test worker] INFO  manager.MyListener - 'The element with locator' -->By.cssSelector: .contact-item_card__2SOIM was found
19881 [Test worker] INFO  tests.TestBase - Start test --->removeOneContact
19881 [Test worker] INFO  manager.MyListener - 'Start find' element ---> By.xpath: //*[text()='Sign Out']
19886 [Test worker] INFO  manager.MyListener - 'The element with locator' -->By.xpath: //*[text()='Sign Out'] was found
19886 [Test worker] INFO  manager.MyListener - 'Start find' element ---> By.cssSelector: .navbar-logged_nav__2Hx7M a:nth-child(5)
19891 [Test worker] INFO  manager.MyListener - 'The element with locator' -->By.cssSelector: .navbar-logged_nav__2Hx7M a:nth-child(5) was found
19907 [Test worker] INFO  manager.MyListener - 'Start find' element ---> By.cssSelector: [placeholder='Name']
19915 [Test worker] INFO  manager.MyListener - 'The element with locator' -->By.cssSelector: [placeholder='Name'] was found
19964 [Test worker] INFO  manager.MyListener - 'Start find' element ---> By.cssSelector: [placeholder='Last Name']
19969 [Test worker] INFO  manager.MyListener - 'The element with locator' -->By.cssSelector: [placeholder='Last Name'] was found
20017 [Test worker] INFO  manager.MyListener - 'Start find' element ---> By.cssSelector: [placeholder='Phone']
20022 [Test worker] INFO  manager.MyListener - 'The element with locator' -->By.cssSelector: [placeholder='Phone'] was found
20073 [Test worker] INFO  manager.MyListener - 'Start find' element ---> By.cssSelector: [placeholder='email']
20078 [Test worker] INFO  manager.MyListener - 'The element with locator' -->By.cssSelector: [placeholder='email'] was found
20132 [Test worker] INFO  manager.MyListener - 'Start find' element ---> By.cssSelector: [placeholder='Address']
20137 [Test worker] INFO  manager.MyListener - 'The element with locator' -->By.cssSelector: [placeholder='Address'] was found
20186 [Test worker] INFO  manager.MyListener - 'Start find' element ---> By.cssSelector: [placeholder='description']
20191 [Test worker] INFO  manager.MyListener - 'The element with locator' -->By.cssSelector: [placeholder='description'] was found
20240 [Test worker] INFO  manager.MyListener - 'Start find' element ---> By.xpath: //*[text()='Save']
20245 [Test worker] INFO  manager.MyListener - 'The element with locator' -->By.xpath: //*[text()='Save'] was found
20263 [Test worker] INFO  manager.MyListener - 'Start find' element ---> By.cssSelector: h2
20521 [Test worker] INFO  manager.MyListener - 'The element with locator' -->By.cssSelector: h2 was found
20529 [Test worker] INFO  manager.MyListener - 'Start find' element ---> By.cssSelector: h3
20534 [Test worker] INFO  manager.MyListener - 'The element with locator' -->By.cssSelector: h3 was found
20542 [Test worker] INFO  manager.MyListener - 'Start find' element ---> By.cssSelector: .contact-item_card__2SOIM
20546 [Test worker] INFO  manager.MyListener - 'The element with locator' -->By.cssSelector: .contact-item_card__2SOIM was found
20546 [Test worker] INFO  manager.MyListener - 'Start find' element ---> By.cssSelector: .contact-item_card__2SOIM
20550 [Test worker] INFO  manager.MyListener - 'The element with locator' -->By.cssSelector: .contact-item_card__2SOIM was found
20550 [Test worker] INFO  manager.MyListener - 'Start find' element ---> By.cssSelector: .contact-item_card__2SOIM
20555 [Test worker] INFO  manager.MyListener - 'The element with locator' -->By.cssSelector: .contact-item_card__2SOIM was found
20578 [Test worker] INFO  manager.MyListener - 'Start find' element ---> By.xpath: //button[text()='Remove']
20584 [Test worker] INFO  manager.MyListener - 'The element with locator' -->By.xpath: //button[text()='Remove'] was found
21106 [Test worker] INFO  manager.MyListener - 'Start find' element ---> By.cssSelector: .contact-item_card__2SOIM
23160 [Test worker] INFO  manager.MyListener - 'The element with locator' -->By.cssSelector: .contact-item_card__2SOIM was found
23161 [Test worker] INFO  tests.TestBase - Start test --->registrationSuccess
23161 [Test worker] INFO  manager.MyListener - 'Start find' element ---> By.xpath: //*[text()='Sign Out']
23166 [Test worker] INFO  manager.MyListener - 'The element with locator' -->By.xpath: //*[text()='Sign Out'] was found
23166 [Test worker] INFO  manager.MyListener - 'Start find' element ---> By.xpath: //*[text()='Sign Out']
23174 [Test worker] INFO  manager.MyListener - 'The element with locator' -->By.xpath: //*[text()='Sign Out'] was found
23197 [Test worker] INFO  manager.MyListener - 'Start find' element ---> By.cssSelector: [href='/login']
23205 [Test worker] INFO  manager.MyListener - 'The element with locator' -->By.cssSelector: [href='/login'] was found
23226 [Test worker] INFO  manager.MyListener - 'Start find' element ---> By.xpath: //input[1]
23234 [Test worker] INFO  manager.MyListener - 'The element with locator' -->By.xpath: //input[1] was found
23286 [Test worker] INFO  manager.MyListener - 'Start find' element ---> By.xpath: //input[2]
23294 [Test worker] INFO  manager.MyListener - 'The element with locator' -->By.xpath: //input[2] was found
23345 [Test worker] INFO  manager.MyListener - 'Start find' element ---> By.xpath: //*[text()=' Registration']
23353 [Test worker] INFO  manager.MyListener - 'The element with locator' -->By.xpath: //*[text()=' Registration'] was found
23372 [Test worker] INFO  manager.MyListener - 'Start find' element ---> By.xpath: //*[text()='Sign Out']
23566 [Test worker] INFO  manager.MyListener - 'The element with locator' -->By.xpath: //*[text()='Sign Out'] was found
