2059 [Test worker] INFO  manager.ApplicationManager - test starts in chrome driver
2919 [Test worker] INFO  tests.TestBase - Start test --->addNewContactSuccsessDataProviderCSV
2922 [Test worker] INFO  manager.MyListener - 'Start find' element ---> By.xpath: //*[text()='Sign Out']
4929 [Test worker] INFO  manager.MyListener - 'The element with locator' -->By.xpath: //*[text()='Sign Out'] was found
4930 [Test worker] INFO  manager.MyListener - 'Start find' element ---> By.cssSelector: [href='/login']
4939 [Test worker] INFO  manager.MyListener - 'The element with locator' -->By.cssSelector: [href='/login'] was found
4985 [Test worker] INFO  manager.MyListener - 'Start find' element ---> By.xpath: //input[1]
4994 [Test worker] INFO  manager.MyListener - 'The element with locator' -->By.xpath: //input[1] was found
5061 [Test worker] INFO  manager.MyListener - 'Start find' element ---> By.xpath: //input[2]
5069 [Test worker] INFO  manager.MyListener - 'The element with locator' -->By.xpath: //input[2] was found
5131 [Test worker] INFO  manager.MyListener - 'Start find' element ---> By.xpath: //*[text()=' Login']
5141 [Test worker] INFO  manager.MyListener - 'The element with locator' -->By.xpath: //*[text()=' Login'] was found
5168 [Test worker] INFO  manager.MyListener - 'Start find' element ---> By.cssSelector: .navbar-logged_nav__2Hx7M a:nth-child(5)
5741 [Test worker] INFO  manager.MyListener - 'The element with locator' -->By.cssSelector: .navbar-logged_nav__2Hx7M a:nth-child(5) was found
5763 [Test worker] INFO  manager.MyListener - 'Start find' element ---> By.cssSelector: [placeholder='Name']
5773 [Test worker] INFO  manager.MyListener - 'The element with locator' -->By.cssSelector: [placeholder='Name'] was found
5828 [Test worker] INFO  manager.MyListener - 'Start find' element ---> By.cssSelector: [placeholder='Last Name']
5836 [Test worker] INFO  manager.MyListener - 'The element with locator' -->By.cssSelector: [placeholder='Last Name'] was found
5889 [Test worker] INFO  manager.MyListener - 'Start find' element ---> By.cssSelector: [placeholder='Phone']
5898 [Test worker] INFO  manager.MyListener - 'The element with locator' -->By.cssSelector: [placeholder='Phone'] was found
5950 [Test worker] INFO  manager.MyListener - 'Start find' element ---> By.cssSelector: [placeholder='email']
5958 [Test worker] INFO  manager.MyListener - 'The element with locator' -->By.cssSelector: [placeholder='email'] was found
6014 [Test worker] INFO  manager.MyListener - 'Start find' element ---> By.cssSelector: [placeholder='Address']
6023 [Test worker] INFO  manager.MyListener - 'The element with locator' -->By.cssSelector: [placeholder='Address'] was found
6074 [Test worker] INFO  manager.MyListener - 'Start find' element ---> By.cssSelector: [placeholder='description']
6082 [Test worker] INFO  manager.MyListener - 'The element with locator' -->By.cssSelector: [placeholder='description'] was found
6132 [Test worker] INFO  manager.MyListener - 'Start find' element ---> By.xpath: //*[text()='Save']
6141 [Test worker] INFO  manager.MyListener - 'The element with locator' -->By.xpath: //*[text()='Save'] was found
6159 [Test worker] INFO  manager.MyListener - 'Start find' element ---> By.cssSelector: h2
6479 [Test worker] INFO  manager.MyListener - 'The element with locator' -->By.cssSelector: h2 was found
6490 [Test worker] INFO  manager.MyListener - 'Start find' element ---> By.cssSelector: h3
6498 [Test worker] INFO  manager.MyListener - 'The element with locator' -->By.cssSelector: h3 was found
6506 [Test worker] INFO  tests.TestBase - Start test --->addNewContactSuccsessDataProviderCSV
6507 [Test worker] INFO  manager.MyListener - 'Start find' element ---> By.xpath: //*[text()='Sign Out']
6512 [Test worker] INFO  manager.MyListener - 'The element with locator' -->By.xpath: //*[text()='Sign Out'] was found
6513 [Test worker] INFO  manager.MyListener - 'Start find' element ---> By.cssSelector: .navbar-logged_nav__2Hx7M a:nth-child(5)
6517 [Test worker] INFO  manager.MyListener - 'The element with locator' -->By.cssSelector: .navbar-logged_nav__2Hx7M a:nth-child(5) was found
6534 [Test worker] INFO  manager.MyListener - 'Start find' element ---> By.cssSelector: [placeholder='Name']
6541 [Test worker] INFO  manager.MyListener - 'The element with locator' -->By.cssSelector: [placeholder='Name'] was found
6596 [Test worker] INFO  manager.MyListener - 'Start find' element ---> By.cssSelector: [placeholder='Last Name']
6602 [Test worker] INFO  manager.MyListener - 'The element with locator' -->By.cssSelector: [placeholder='Last Name'] was found
6652 [Test worker] INFO  manager.MyListener - 'Start find' element ---> By.cssSelector: [placeholder='Phone']
6657 [Test worker] INFO  manager.MyListener - 'The element with locator' -->By.cssSelector: [placeholder='Phone'] was found
6710 [Test worker] INFO  manager.MyListener - 'Start find' element ---> By.cssSelector: [placeholder='email']
6716 [Test worker] INFO  manager.MyListener - 'The element with locator' -->By.cssSelector: [placeholder='email'] was found
6772 [Test worker] INFO  manager.MyListener - 'Start find' element ---> By.cssSelector: [placeholder='Address']
6777 [Test worker] INFO  manager.MyListener - 'The element with locator' -->By.cssSelector: [placeholder='Address'] was found
6832 [Test worker] INFO  manager.MyListener - 'Start find' element ---> By.cssSelector: [placeholder='description']
6837 [Test worker] INFO  manager.MyListener - 'The element with locator' -->By.cssSelector: [placeholder='description'] was found
6887 [Test worker] INFO  manager.MyListener - 'Start find' element ---> By.xpath: //*[text()='Save']
6893 [Test worker] INFO  manager.MyListener - 'The element with locator' -->By.xpath: //*[text()='Save'] was found
6912 [Test worker] INFO  manager.MyListener - 'Start find' element ---> By.cssSelector: h2
7105 [Test worker] INFO  manager.MyListener - 'The element with locator' -->By.cssSelector: h2 was found
7121 [Test worker] INFO  manager.MyListener - 'Start find' element ---> By.cssSelector: h3
7127 [Test worker] INFO  manager.MyListener - 'The element with locator' -->By.cssSelector: h3 was found
7142 [Test worker] INFO  tests.TestBase - Start test --->addNewContactSuccsessDataProviderCSV
7142 [Test worker] INFO  manager.MyListener - 'Start find' element ---> By.xpath: //*[text()='Sign Out']
7148 [Test worker] INFO  manager.MyListener - 'The element with locator' -->By.xpath: //*[text()='Sign Out'] was found
7148 [Test worker] INFO  manager.MyListener - 'Start find' element ---> By.cssSelector: .navbar-logged_nav__2Hx7M a:nth-child(5)
7153 [Test worker] INFO  manager.MyListener - 'The element with locator' -->By.cssSelector: .navbar-logged_nav__2Hx7M a:nth-child(5) was found
7169 [Test worker] INFO  manager.MyListener - 'Start find' element ---> By.cssSelector: [placeholder='Name']
7176 [Test worker] INFO  manager.MyListener - 'The element with locator' -->By.cssSelector: [placeholder='Name'] was found
7234 [Test worker] INFO  manager.MyListener - 'Start find' element ---> By.cssSelector: [placeholder='Last Name']
7241 [Test worker] INFO  manager.MyListener - 'The element with locator' -->By.cssSelector: [placeholder='Last Name'] was found
7293 [Test worker] INFO  manager.MyListener - 'Start find' element ---> By.cssSelector: [placeholder='Phone']
7299 [Test worker] INFO  manager.MyListener - 'The element with locator' -->By.cssSelector: [placeholder='Phone'] was found
7352 [Test worker] INFO  manager.MyListener - 'Start find' element ---> By.cssSelector: [placeholder='email']
7357 [Test worker] INFO  manager.MyListener - 'The element with locator' -->By.cssSelector: [placeholder='email'] was found
7413 [Test worker] INFO  manager.MyListener - 'Start find' element ---> By.cssSelector: [placeholder='Address']
7419 [Test worker] INFO  manager.MyListener - 'The element with locator' -->By.cssSelector: [placeholder='Address'] was found
7469 [Test worker] INFO  manager.MyListener - 'Start find' element ---> By.cssSelector: [placeholder='description']
7475 [Test worker] INFO  manager.MyListener - 'The element with locator' -->By.cssSelector: [placeholder='description'] was found
7527 [Test worker] INFO  manager.MyListener - 'Start find' element ---> By.xpath: //*[text()='Save']
7532 [Test worker] INFO  manager.MyListener - 'The element with locator' -->By.xpath: //*[text()='Save'] was found
7551 [Test worker] INFO  manager.MyListener - 'Start find' element ---> By.cssSelector: h2
7733 [Test worker] INFO  manager.MyListener - 'The element with locator' -->By.cssSelector: h2 was found
7755 [Test worker] INFO  manager.MyListener - 'Start find' element ---> By.cssSelector: h3
7760 [Test worker] INFO  manager.MyListener - 'The element with locator' -->By.cssSelector: h3 was found
7781 [Test worker] INFO  tests.TestBase - Start test --->addNewContactSuccsessDataProviderCSV
7782 [Test worker] INFO  manager.MyListener - 'Start find' element ---> By.xpath: //*[text()='Sign Out']
7787 [Test worker] INFO  manager.MyListener - 'The element with locator' -->By.xpath: //*[text()='Sign Out'] was found
7788 [Test worker] INFO  manager.MyListener - 'Start find' element ---> By.cssSelector: .navbar-logged_nav__2Hx7M a:nth-child(5)
7792 [Test worker] INFO  manager.MyListener - 'The element with locator' -->By.cssSelector: .navbar-logged_nav__2Hx7M a:nth-child(5) was found
7806 [Test worker] INFO  manager.MyListener - 'Start find' element ---> By.cssSelector: [placeholder='Name']
7812 [Test worker] INFO  manager.MyListener - 'The element with locator' -->By.cssSelector: [placeholder='Name'] was found
7863 [Test worker] INFO  manager.MyListener - 'Start find' element ---> By.cssSelector: [placeholder='Last Name']
7868 [Test worker] INFO  manager.MyListener - 'The element with locator' -->By.cssSelector: [placeholder='Last Name'] was found
7918 [Test worker] INFO  manager.MyListener - 'Start find' element ---> By.cssSelector: [placeholder='Phone']
7923 [Test worker] INFO  manager.MyListener - 'The element with locator' -->By.cssSelector: [placeholder='Phone'] was found
7974 [Test worker] INFO  manager.MyListener - 'Start find' element ---> By.cssSelector: [placeholder='email']
7980 [Test worker] INFO  manager.MyListener - 'The element with locator' -->By.cssSelector: [placeholder='email'] was found
8035 [Test worker] INFO  manager.MyListener - 'Start find' element ---> By.cssSelector: [placeholder='Address']
8041 [Test worker] INFO  manager.MyListener - 'The element with locator' -->By.cssSelector: [placeholder='Address'] was found
8090 [Test worker] INFO  manager.MyListener - 'Start find' element ---> By.cssSelector: [placeholder='description']
8096 [Test worker] INFO  manager.MyListener - 'The element with locator' -->By.cssSelector: [placeholder='description'] was found
8146 [Test worker] INFO  manager.MyListener - 'Start find' element ---> By.xpath: //*[text()='Save']
8151 [Test worker] INFO  manager.MyListener - 'The element with locator' -->By.xpath: //*[text()='Save'] was found
8170 [Test worker] INFO  manager.MyListener - 'Start find' element ---> By.cssSelector: h2
8425 [Test worker] INFO  manager.MyListener - 'The element with locator' -->By.cssSelector: h2 was found
8455 [Test worker] INFO  manager.MyListener - 'Start find' element ---> By.cssSelector: h3
8460 [Test worker] INFO  manager.MyListener - 'The element with locator' -->By.cssSelector: h3 was found
8487 [Test worker] INFO  tests.TestBase - Start test --->fillContactPositive
8487 [Test worker] INFO  manager.MyListener - 'Start find' element ---> By.xpath: //*[text()='Sign Out']
8492 [Test worker] INFO  manager.MyListener - 'The element with locator' -->By.xpath: //*[text()='Sign Out'] was found
8494 [Test worker] INFO  manager.MyListener - 'Start find' element ---> By.cssSelector: .navbar-logged_nav__2Hx7M a:nth-child(5)
8499 [Test worker] INFO  manager.MyListener - 'The element with locator' -->By.cssSelector: .navbar-logged_nav__2Hx7M a:nth-child(5) was found
8514 [Test worker] INFO  manager.MyListener - 'Start find' element ---> By.cssSelector: [placeholder='Name']
8521 [Test worker] INFO  manager.MyListener - 'The element with locator' -->By.cssSelector: [placeholder='Name'] was found
8573 [Test worker] INFO  manager.MyListener - 'Start find' element ---> By.cssSelector: [placeholder='Last Name']
8578 [Test worker] INFO  manager.MyListener - 'The element with locator' -->By.cssSelector: [placeholder='Last Name'] was found
8631 [Test worker] INFO  manager.MyListener - 'Start find' element ---> By.cssSelector: [placeholder='Phone']
8636 [Test worker] INFO  manager.MyListener - 'The element with locator' -->By.cssSelector: [placeholder='Phone'] was found
8689 [Test worker] INFO  manager.MyListener - 'Start find' element ---> By.cssSelector: [placeholder='email']
8695 [Test worker] INFO  manager.MyListener - 'The element with locator' -->By.cssSelector: [placeholder='email'] was found
8752 [Test worker] INFO  manager.MyListener - 'Start find' element ---> By.cssSelector: [placeholder='Address']
8757 [Test worker] INFO  manager.MyListener - 'The element with locator' -->By.cssSelector: [placeholder='Address'] was found
8808 [Test worker] INFO  manager.MyListener - 'Start find' element ---> By.cssSelector: [placeholder='description']
8813 [Test worker] INFO  manager.MyListener - 'The element with locator' -->By.cssSelector: [placeholder='description'] was found
8864 [Test worker] INFO  manager.MyListener - 'Start find' element ---> By.xpath: //*[text()='Save']
8870 [Test worker] INFO  manager.MyListener - 'The element with locator' -->By.xpath: //*[text()='Save'] was found
8889 [Test worker] INFO  manager.MyListener - 'Start find' element ---> By.cssSelector: h2
9148 [Test worker] INFO  manager.MyListener - 'The element with locator' -->By.cssSelector: h2 was found
9184 [Test worker] INFO  manager.MyListener - 'Start find' element ---> By.cssSelector: h3
9189 [Test worker] INFO  manager.MyListener - 'The element with locator' -->By.cssSelector: h3 was found
9224 [Test worker] INFO  tests.TestBase - Start test --->loginModelDataPrividerCSV
9224 [Test worker] INFO  manager.MyListener - 'Start find' element ---> By.xpath: //*[text()='Sign Out']
9229 [Test worker] INFO  manager.MyListener - 'The element with locator' -->By.xpath: //*[text()='Sign Out'] was found
9229 [Test worker] INFO  manager.MyListener - 'Start find' element ---> By.xpath: //*[text()='Sign Out']
9236 [Test worker] INFO  manager.MyListener - 'The element with locator' -->By.xpath: //*[text()='Sign Out'] was found
9259 [Test worker] INFO  tests.TestBase - Tests start with email : bobik@gmail.comand password : Bobik12345$
9259 [Test worker] INFO  manager.MyListener - 'Start find' element ---> By.cssSelector: [href='/login']
9267 [Test worker] INFO  manager.MyListener - 'The element with locator' -->By.cssSelector: [href='/login'] was found
9288 [Test worker] INFO  manager.MyListener - 'Start find' element ---> By.xpath: //input[1]
9295 [Test worker] INFO  manager.MyListener - 'The element with locator' -->By.xpath: //input[1] was found
9350 [Test worker] INFO  manager.MyListener - 'Start find' element ---> By.xpath: //input[2]
9358 [Test worker] INFO  manager.MyListener - 'The element with locator' -->By.xpath: //input[2] was found
9409 [Test worker] INFO  manager.MyListener - 'Start find' element ---> By.xpath: //*[text()=' Login']
9416 [Test worker] INFO  manager.MyListener - 'The element with locator' -->By.xpath: //*[text()=' Login'] was found
9435 [Test worker] INFO  manager.MyListener - 'Start find' element ---> By.xpath: //*[text()='Sign Out']
9571 [Test worker] INFO  manager.MyListener - 'The element with locator' -->By.xpath: //*[text()='Sign Out'] was found
9571 [Test worker] INFO  tests.TestBase - test passed
9572 [Test worker] INFO  tests.TestBase - Start test --->loginModelDataPrividerCSV
9572 [Test worker] INFO  manager.MyListener - 'Start find' element ---> By.xpath: //*[text()='Sign Out']
9577 [Test worker] INFO  manager.MyListener - 'The element with locator' -->By.xpath: //*[text()='Sign Out'] was found
9577 [Test worker] INFO  manager.MyListener - 'Start find' element ---> By.xpath: //*[text()='Sign Out']
9581 [Test worker] INFO  manager.MyListener - 'The element with locator' -->By.xpath: //*[text()='Sign Out'] was found
9602 [Test worker] INFO  tests.TestBase - Tests start with email : bobik@gmail.comand password : Bobik12345$
9602 [Test worker] INFO  manager.MyListener - 'Start find' element ---> By.cssSelector: [href='/login']
9608 [Test worker] INFO  manager.MyListener - 'The element with locator' -->By.cssSelector: [href='/login'] was found
9629 [Test worker] INFO  manager.MyListener - 'Start find' element ---> By.xpath: //input[1]
9635 [Test worker] INFO  manager.MyListener - 'The element with locator' -->By.xpath: //input[1] was found
9690 [Test worker] INFO  manager.MyListener - 'Start find' element ---> By.xpath: //input[2]
9695 [Test worker] INFO  manager.MyListener - 'The element with locator' -->By.xpath: //input[2] was found
9747 [Test worker] INFO  manager.MyListener - 'Start find' element ---> By.xpath: //*[text()=' Login']
9753 [Test worker] INFO  manager.MyListener - 'The element with locator' -->By.xpath: //*[text()=' Login'] was found
9771 [Test worker] INFO  manager.MyListener - 'Start find' element ---> By.xpath: //*[text()='Sign Out']
9900 [Test worker] INFO  manager.MyListener - 'The element with locator' -->By.xpath: //*[text()='Sign Out'] was found
9901 [Test worker] INFO  tests.TestBase - test passed
9901 [Test worker] INFO  tests.TestBase - Start test --->loginModelDataPrividerCSV
9902 [Test worker] INFO  manager.MyListener - 'Start find' element ---> By.xpath: //*[text()='Sign Out']
9907 [Test worker] INFO  manager.MyListener - 'The element with locator' -->By.xpath: //*[text()='Sign Out'] was found
9907 [Test worker] INFO  manager.MyListener - 'Start find' element ---> By.xpath: //*[text()='Sign Out']
9912 [Test worker] INFO  manager.MyListener - 'The element with locator' -->By.xpath: //*[text()='Sign Out'] was found
9933 [Test worker] INFO  tests.TestBase - Tests start with email : bobik@gmail.comand password : Bobik12345$
9933 [Test worker] INFO  manager.MyListener - 'Start find' element ---> By.cssSelector: [href='/login']
9939 [Test worker] INFO  manager.MyListener - 'The element with locator' -->By.cssSelector: [href='/login'] was found
9959 [Test worker] INFO  manager.MyListener - 'Start find' element ---> By.xpath: //input[1]
9964 [Test worker] INFO  manager.MyListener - 'The element with locator' -->By.xpath: //input[1] was found
10019 [Test worker] INFO  manager.MyListener - 'Start find' element ---> By.xpath: //input[2]
10024 [Test worker] INFO  manager.MyListener - 'The element with locator' -->By.xpath: //input[2] was found
10077 [Test worker] INFO  manager.MyListener - 'Start find' element ---> By.xpath: //*[text()=' Login']
10083 [Test worker] INFO  manager.MyListener - 'The element with locator' -->By.xpath: //*[text()=' Login'] was found
10101 [Test worker] INFO  manager.MyListener - 'Start find' element ---> By.xpath: //*[text()='Sign Out']
10234 [Test worker] INFO  manager.MyListener - 'The element with locator' -->By.xpath: //*[text()='Sign Out'] was found
10234 [Test worker] INFO  tests.TestBase - test passed
10235 [Test worker] INFO  tests.TestBase - Start test --->loginModelDataPrividerCSV
10235 [Test worker] INFO  manager.MyListener - 'Start find' element ---> By.xpath: //*[text()='Sign Out']
10240 [Test worker] INFO  manager.MyListener - 'The element with locator' -->By.xpath: //*[text()='Sign Out'] was found
10241 [Test worker] INFO  manager.MyListener - 'Start find' element ---> By.xpath: //*[text()='Sign Out']
10245 [Test worker] INFO  manager.MyListener - 'The element with locator' -->By.xpath: //*[text()='Sign Out'] was found
10267 [Test worker] INFO  tests.TestBase - Tests start with email : bobik@gmail.comand password : Bobik12345$
10267 [Test worker] INFO  manager.MyListener - 'Start find' element ---> By.cssSelector: [href='/login']
10273 [Test worker] INFO  manager.MyListener - 'The element with locator' -->By.cssSelector: [href='/login'] was found
10293 [Test worker] INFO  manager.MyListener - 'Start find' element ---> By.xpath: //input[1]
10298 [Test worker] INFO  manager.MyListener - 'The element with locator' -->By.xpath: //input[1] was found
10354 [Test worker] INFO  manager.MyListener - 'Start find' element ---> By.xpath: //input[2]
10360 [Test worker] INFO  manager.MyListener - 'The element with locator' -->By.xpath: //input[2] was found
10411 [Test worker] INFO  manager.MyListener - 'Start find' element ---> By.xpath: //*[text()=' Login']
10416 [Test worker] INFO  manager.MyListener - 'The element with locator' -->By.xpath: //*[text()=' Login'] was found
10435 [Test worker] INFO  manager.MyListener - 'Start find' element ---> By.xpath: //*[text()='Sign Out']
10568 [Test worker] INFO  manager.MyListener - 'The element with locator' -->By.xpath: //*[text()='Sign Out'] was found
10568 [Test worker] INFO  tests.TestBase - test passed
10569 [Test worker] INFO  tests.TestBase - Start test --->loginNegativePass
10569 [Test worker] INFO  manager.MyListener - 'Start find' element ---> By.xpath: //*[text()='Sign Out']
10574 [Test worker] INFO  manager.MyListener - 'The element with locator' -->By.xpath: //*[text()='Sign Out'] was found
10574 [Test worker] INFO  manager.MyListener - 'Start find' element ---> By.xpath: //*[text()='Sign Out']
10580 [Test worker] INFO  manager.MyListener - 'The element with locator' -->By.xpath: //*[text()='Sign Out'] was found
10601 [Test worker] INFO  manager.MyListener - 'Start find' element ---> By.cssSelector: [href='/login']
10608 [Test worker] INFO  manager.MyListener - 'The element with locator' -->By.cssSelector: [href='/login'] was found
10627 [Test worker] INFO  manager.MyListener - 'Start find' element ---> By.xpath: //input[1]
10633 [Test worker] INFO  manager.MyListener - 'The element with locator' -->By.xpath: //input[1] was found
10690 [Test worker] INFO  manager.MyListener - 'Start find' element ---> By.xpath: //input[2]
10696 [Test worker] INFO  manager.MyListener - 'The element with locator' -->By.xpath: //input[2] was found
10745 [Test worker] INFO  manager.MyListener - 'Start find' element ---> By.xpath: //*[text()=' Login']
10751 [Test worker] INFO  manager.MyListener - 'The element with locator' -->By.xpath: //*[text()=' Login'] was found
10769 [Test worker] INFO  manager.MyListener - 'Start find' element ---> By.xpath: //*[text()='Sign Out']
10894 [Test worker] INFO  manager.MyListener - 'The element with locator' -->By.xpath: //*[text()='Sign Out'] was found
10907 [Test worker] INFO  tests.TestBase - Start test --->loginSuccessModel
10907 [Test worker] INFO  manager.MyListener - 'Start find' element ---> By.xpath: //*[text()='Sign Out']
12966 [Test worker] INFO  manager.MyListener - 'The element with locator' -->By.xpath: //*[text()='Sign Out'] was found
12967 [Test worker] INFO  manager.MyListener - 'Start find' element ---> By.cssSelector: [href='/login']
12972 [Test worker] INFO  manager.MyListener - 'The element with locator' -->By.cssSelector: [href='/login'] was found
12986 [Test worker] INFO  manager.MyListener - 'Start find' element ---> By.xpath: //input[1]
12992 [Test worker] INFO  manager.MyListener - 'The element with locator' -->By.xpath: //input[1] was found
13056 [Test worker] INFO  manager.MyListener - 'Start find' element ---> By.xpath: //input[2]
13061 [Test worker] INFO  manager.MyListener - 'The element with locator' -->By.xpath: //input[2] was found
13124 [Test worker] INFO  manager.MyListener - 'Start find' element ---> By.xpath: //*[text()=' Login']
13130 [Test worker] INFO  manager.MyListener - 'The element with locator' -->By.xpath: //*[text()=' Login'] was found
13149 [Test worker] INFO  manager.MyListener - 'Start find' element ---> By.xpath: //*[text()='Sign Out']
13280 [Test worker] INFO  manager.MyListener - 'The element with locator' -->By.xpath: //*[text()='Sign Out'] was found
13281 [Test worker] INFO  tests.TestBase - Start test --->loginSuccessNew
13281 [Test worker] INFO  manager.MyListener - 'Start find' element ---> By.xpath: //*[text()='Sign Out']
13286 [Test worker] INFO  manager.MyListener - 'The element with locator' -->By.xpath: //*[text()='Sign Out'] was found
13286 [Test worker] INFO  manager.MyListener - 'Start find' element ---> By.xpath: //*[text()='Sign Out']
13291 [Test worker] INFO  manager.MyListener - 'The element with locator' -->By.xpath: //*[text()='Sign Out'] was found
13312 [Test worker] INFO  tests.TestBase - test starts with email:bobik@gmail.com password:Bobik12345$
13312 [Test worker] INFO  manager.MyListener - 'Start find' element ---> By.cssSelector: [href='/login']
13317 [Test worker] INFO  manager.MyListener - 'The element with locator' -->By.cssSelector: [href='/login'] was found
13337 [Test worker] INFO  manager.MyListener - 'Start find' element ---> By.xpath: //input[1]
13342 [Test worker] INFO  manager.MyListener - 'The element with locator' -->By.xpath: //input[1] was found
13396 [Test worker] INFO  manager.MyListener - 'Start find' element ---> By.xpath: //input[2]
13401 [Test worker] INFO  manager.MyListener - 'The element with locator' -->By.xpath: //input[2] was found
13453 [Test worker] INFO  manager.MyListener - 'Start find' element ---> By.xpath: //*[text()=' Login']
13459 [Test worker] INFO  manager.MyListener - 'The element with locator' -->By.xpath: //*[text()=' Login'] was found
13477 [Test worker] INFO  manager.MyListener - 'Start find' element ---> By.xpath: //*[text()='Sign Out']
13606 [Test worker] INFO  manager.MyListener - 'The element with locator' -->By.xpath: //*[text()='Sign Out'] was found
13606 [Test worker] INFO  tests.TestBase - Start test --->loginSuccessNew
13607 [Test worker] INFO  manager.MyListener - 'Start find' element ---> By.xpath: //*[text()='Sign Out']
13612 [Test worker] INFO  manager.MyListener - 'The element with locator' -->By.xpath: //*[text()='Sign Out'] was found
13612 [Test worker] INFO  manager.MyListener - 'Start find' element ---> By.xpath: //*[text()='Sign Out']
13617 [Test worker] INFO  manager.MyListener - 'The element with locator' -->By.xpath: //*[text()='Sign Out'] was found
13640 [Test worker] INFO  tests.TestBase - test starts with email:bobik@gmail.com password:Bobik12345$
13640 [Test worker] INFO  manager.MyListener - 'Start find' element ---> By.cssSelector: [href='/login']
13646 [Test worker] INFO  manager.MyListener - 'The element with locator' -->By.cssSelector: [href='/login'] was found
13665 [Test worker] INFO  manager.MyListener - 'Start find' element ---> By.xpath: //input[1]
13670 [Test worker] INFO  manager.MyListener - 'The element with locator' -->By.xpath: //input[1] was found
13725 [Test worker] INFO  manager.MyListener - 'Start find' element ---> By.xpath: //input[2]
13730 [Test worker] INFO  manager.MyListener - 'The element with locator' -->By.xpath: //input[2] was found
13781 [Test worker] INFO  manager.MyListener - 'Start find' element ---> By.xpath: //*[text()=' Login']
13786 [Test worker] INFO  manager.MyListener - 'The element with locator' -->By.xpath: //*[text()=' Login'] was found
13805 [Test worker] INFO  manager.MyListener - 'Start find' element ---> By.xpath: //*[text()='Sign Out']
13936 [Test worker] INFO  manager.MyListener - 'The element with locator' -->By.xpath: //*[text()='Sign Out'] was found
13937 [Test worker] INFO  tests.TestBase - Start test --->loginSuccessNew
13937 [Test worker] INFO  manager.MyListener - 'Start find' element ---> By.xpath: //*[text()='Sign Out']
13942 [Test worker] INFO  manager.MyListener - 'The element with locator' -->By.xpath: //*[text()='Sign Out'] was found
13942 [Test worker] INFO  manager.MyListener - 'Start find' element ---> By.xpath: //*[text()='Sign Out']
13947 [Test worker] INFO  manager.MyListener - 'The element with locator' -->By.xpath: //*[text()='Sign Out'] was found
13969 [Test worker] INFO  tests.TestBase - test starts with email:bobik@gmail.com password:Bobik12345$
13970 [Test worker] INFO  manager.MyListener - 'Start find' element ---> By.cssSelector: [href='/login']
13978 [Test worker] INFO  manager.MyListener - 'The element with locator' -->By.cssSelector: [href='/login'] was found
13998 [Test worker] INFO  manager.MyListener - 'Start find' element ---> By.xpath: //input[1]
14003 [Test worker] INFO  manager.MyListener - 'The element with locator' -->By.xpath: //input[1] was found
14057 [Test worker] INFO  manager.MyListener - 'Start find' element ---> By.xpath: //input[2]
14063 [Test worker] INFO  manager.MyListener - 'The element with locator' -->By.xpath: //input[2] was found
14113 [Test worker] INFO  manager.MyListener - 'Start find' element ---> By.xpath: //*[text()=' Login']
14119 [Test worker] INFO  manager.MyListener - 'The element with locator' -->By.xpath: //*[text()=' Login'] was found
14138 [Test worker] INFO  manager.MyListener - 'Start find' element ---> By.xpath: //*[text()='Sign Out']
14264 [Test worker] INFO  manager.MyListener - 'The element with locator' -->By.xpath: //*[text()='Sign Out'] was found
14265 [Test worker] INFO  tests.TestBase - Start test --->loginSuccessNew
14265 [Test worker] INFO  manager.MyListener - 'Start find' element ---> By.xpath: //*[text()='Sign Out']
14271 [Test worker] INFO  manager.MyListener - 'The element with locator' -->By.xpath: //*[text()='Sign Out'] was found
14271 [Test worker] INFO  manager.MyListener - 'Start find' element ---> By.xpath: //*[text()='Sign Out']
14276 [Test worker] INFO  manager.MyListener - 'The element with locator' -->By.xpath: //*[text()='Sign Out'] was found
14296 [Test worker] INFO  tests.TestBase - test starts with email:bobik@gmail.com password:Bobik12345$
14296 [Test worker] INFO  manager.MyListener - 'Start find' element ---> By.cssSelector: [href='/login']
14302 [Test worker] INFO  manager.MyListener - 'The element with locator' -->By.cssSelector: [href='/login'] was found
14320 [Test worker] INFO  manager.MyListener - 'Start find' element ---> By.xpath: //input[1]
14326 [Test worker] INFO  manager.MyListener - 'The element with locator' -->By.xpath: //input[1] was found
14379 [Test worker] INFO  manager.MyListener - 'Start find' element ---> By.xpath: //input[2]
14384 [Test worker] INFO  manager.MyListener - 'The element with locator' -->By.xpath: //input[2] was found
14438 [Test worker] INFO  manager.MyListener - 'Start find' element ---> By.xpath: //*[text()=' Login']
14443 [Test worker] INFO  manager.MyListener - 'The element with locator' -->By.xpath: //*[text()=' Login'] was found
14461 [Test worker] INFO  manager.MyListener - 'Start find' element ---> By.xpath: //*[text()='Sign Out']
14595 [Test worker] INFO  manager.MyListener - 'The element with locator' -->By.xpath: //*[text()='Sign Out'] was found
14596 [Test worker] INFO  tests.TestBase - Start test --->removeAllContacts
14596 [Test worker] INFO  manager.MyListener - 'Start find' element ---> By.xpath: //*[text()='Sign Out']
14602 [Test worker] INFO  manager.MyListener - 'The element with locator' -->By.xpath: //*[text()='Sign Out'] was found
14602 [Test worker] INFO  manager.MyListener - 'Start find' element ---> By.cssSelector: .navbar-logged_nav__2Hx7M a:nth-child(5)
14609 [Test worker] INFO  manager.MyListener - 'The element with locator' -->By.cssSelector: .navbar-logged_nav__2Hx7M a:nth-child(5) was found
14630 [Test worker] INFO  manager.MyListener - 'Start find' element ---> By.cssSelector: [placeholder='Name']
14639 [Test worker] INFO  manager.MyListener - 'The element with locator' -->By.cssSelector: [placeholder='Name'] was found
14690 [Test worker] INFO  manager.MyListener - 'Start find' element ---> By.cssSelector: [placeholder='Last Name']
14698 [Test worker] INFO  manager.MyListener - 'The element with locator' -->By.cssSelector: [placeholder='Last Name'] was found
14751 [Test worker] INFO  manager.MyListener - 'Start find' element ---> By.cssSelector: [placeholder='Phone']
14759 [Test worker] INFO  manager.MyListener - 'The element with locator' -->By.cssSelector: [placeholder='Phone'] was found
14811 [Test worker] INFO  manager.MyListener - 'Start find' element ---> By.cssSelector: [placeholder='email']
14818 [Test worker] INFO  manager.MyListener - 'The element with locator' -->By.cssSelector: [placeholder='email'] was found
14872 [Test worker] INFO  manager.MyListener - 'Start find' element ---> By.cssSelector: [placeholder='Address']
14880 [Test worker] INFO  manager.MyListener - 'The element with locator' -->By.cssSelector: [placeholder='Address'] was found
14931 [Test worker] INFO  manager.MyListener - 'Start find' element ---> By.cssSelector: [placeholder='description']
14939 [Test worker] INFO  manager.MyListener - 'The element with locator' -->By.cssSelector: [placeholder='description'] was found
14988 [Test worker] INFO  manager.MyListener - 'Start find' element ---> By.xpath: //*[text()='Save']
14996 [Test worker] INFO  manager.MyListener - 'The element with locator' -->By.xpath: //*[text()='Save'] was found
15013 [Test worker] INFO  manager.MyListener - 'Start find' element ---> By.cssSelector: h2
15203 [Test worker] INFO  manager.MyListener - 'The element with locator' -->By.cssSelector: h2 was found
15236 [Test worker] INFO  manager.MyListener - 'Start find' element ---> By.cssSelector: h3
15243 [Test worker] INFO  manager.MyListener - 'The element with locator' -->By.cssSelector: h3 was found
15282 [Test worker] INFO  manager.MyListener - 'Start find' element ---> By.cssSelector: .contact-item_card__2SOIM
15289 [Test worker] INFO  manager.MyListener - 'The element with locator' -->By.cssSelector: .contact-item_card__2SOIM was found
15289 [Test worker] INFO  manager.MyListener - 'Start find' element ---> By.cssSelector: .contact-item_card__2SOIM
15296 [Test worker] INFO  manager.MyListener - 'The element with locator' -->By.cssSelector: .contact-item_card__2SOIM was found
15317 [Test worker] INFO  manager.MyListener - 'Start find' element ---> By.xpath: //button[text()='Remove']
15325 [Test worker] INFO  manager.MyListener - 'The element with locator' -->By.xpath: //button[text()='Remove'] was found
15844 [Test worker] INFO  manager.MyListener - 'Start find' element ---> By.cssSelector: .contact-item_card__2SOIM
15850 [Test worker] INFO  manager.MyListener - 'The element with locator' -->By.cssSelector: .contact-item_card__2SOIM was found
15850 [Test worker] INFO  manager.MyListener - 'Start find' element ---> By.cssSelector: .contact-item_card__2SOIM
15855 [Test worker] INFO  manager.MyListener - 'The element with locator' -->By.cssSelector: .contact-item_card__2SOIM was found
15874 [Test worker] INFO  manager.MyListener - 'Start find' element ---> By.xpath: //button[text()='Remove']
15880 [Test worker] INFO  manager.MyListener - 'The element with locator' -->By.xpath: //button[text()='Remove'] was found
16404 [Test worker] INFO  manager.MyListener - 'Start find' element ---> By.cssSelector: .contact-item_card__2SOIM
16410 [Test worker] INFO  manager.MyListener - 'The element with locator' -->By.cssSelector: .contact-item_card__2SOIM was found
16410 [Test worker] INFO  manager.MyListener - 'Start find' element ---> By.cssSelector: .contact-item_card__2SOIM
16415 [Test worker] INFO  manager.MyListener - 'The element with locator' -->By.cssSelector: .contact-item_card__2SOIM was found
16429 [Test worker] INFO  manager.MyListener - 'Start find' element ---> By.xpath: //button[text()='Remove']
16435 [Test worker] INFO  manager.MyListener - 'The element with locator' -->By.xpath: //button[text()='Remove'] was found
16964 [Test worker] INFO  manager.MyListener - 'Start find' element ---> By.cssSelector: .contact-item_card__2SOIM
16970 [Test worker] INFO  manager.MyListener - 'The element with locator' -->By.cssSelector: .contact-item_card__2SOIM was found
16970 [Test worker] INFO  manager.MyListener - 'Start find' element ---> By.cssSelector: .contact-item_card__2SOIM
16975 [Test worker] INFO  manager.MyListener - 'The element with locator' -->By.cssSelector: .contact-item_card__2SOIM was found
16992 [Test worker] INFO  manager.MyListener - 'Start find' element ---> By.xpath: //button[text()='Remove']
16998 [Test worker] INFO  manager.MyListener - 'The element with locator' -->By.xpath: //button[text()='Remove'] was found
17524 [Test worker] INFO  manager.MyListener - 'Start find' element ---> By.cssSelector: .contact-item_card__2SOIM
17530 [Test worker] INFO  manager.MyListener - 'The element with locator' -->By.cssSelector: .contact-item_card__2SOIM was found
17530 [Test worker] INFO  manager.MyListener - 'Start find' element ---> By.cssSelector: .contact-item_card__2SOIM
17535 [Test worker] INFO  manager.MyListener - 'The element with locator' -->By.cssSelector: .contact-item_card__2SOIM was found
17549 [Test worker] INFO  manager.MyListener - 'Start find' element ---> By.xpath: //button[text()='Remove']
17555 [Test worker] INFO  manager.MyListener - 'The element with locator' -->By.xpath: //button[text()='Remove'] was found
18087 [Test worker] INFO  manager.MyListener - 'Start find' element ---> By.cssSelector: .contact-item_card__2SOIM
18093 [Test worker] INFO  manager.MyListener - 'The element with locator' -->By.cssSelector: .contact-item_card__2SOIM was found
18093 [Test worker] INFO  manager.MyListener - 'Start find' element ---> By.cssSelector: .contact-item_card__2SOIM
18098 [Test worker] INFO  manager.MyListener - 'The element with locator' -->By.cssSelector: .contact-item_card__2SOIM was found
18111 [Test worker] INFO  manager.MyListener - 'Start find' element ---> By.xpath: //button[text()='Remove']
18115 [Test worker] INFO  manager.MyListener - 'The element with locator' -->By.xpath: //button[text()='Remove'] was found
18634 [Test worker] INFO  manager.MyListener - 'Start find' element ---> By.cssSelector: .contact-item_card__2SOIM
20696 [Test worker] INFO  manager.MyListener - 'The element with locator' -->By.cssSelector: .contact-item_card__2SOIM was found
20697 [Test worker] INFO  tests.TestBase - Start test --->removeOneContact
20697 [Test worker] INFO  manager.MyListener - 'Start find' element ---> By.xpath: //*[text()='Sign Out']
20702 [Test worker] INFO  manager.MyListener - 'The element with locator' -->By.xpath: //*[text()='Sign Out'] was found
20702 [Test worker] INFO  manager.MyListener - 'Start find' element ---> By.cssSelector: .navbar-logged_nav__2Hx7M a:nth-child(5)
20707 [Test worker] INFO  manager.MyListener - 'The element with locator' -->By.cssSelector: .navbar-logged_nav__2Hx7M a:nth-child(5) was found
20721 [Test worker] INFO  manager.MyListener - 'Start find' element ---> By.cssSelector: [placeholder='Name']
20728 [Test worker] INFO  manager.MyListener - 'The element with locator' -->By.cssSelector: [placeholder='Name'] was found
20779 [Test worker] INFO  manager.MyListener - 'Start find' element ---> By.cssSelector: [placeholder='Last Name']
20784 [Test worker] INFO  manager.MyListener - 'The element with locator' -->By.cssSelector: [placeholder='Last Name'] was found
20832 [Test worker] INFO  manager.MyListener - 'Start find' element ---> By.cssSelector: [placeholder='Phone']
20838 [Test worker] INFO  manager.MyListener - 'The element with locator' -->By.cssSelector: [placeholder='Phone'] was found
20890 [Test worker] INFO  manager.MyListener - 'Start find' element ---> By.cssSelector: [placeholder='email']
20895 [Test worker] INFO  manager.MyListener - 'The element with locator' -->By.cssSelector: [placeholder='email'] was found
20947 [Test worker] INFO  manager.MyListener - 'Start find' element ---> By.cssSelector: [placeholder='Address']
20952 [Test worker] INFO  manager.MyListener - 'The element with locator' -->By.cssSelector: [placeholder='Address'] was found
21001 [Test worker] INFO  manager.MyListener - 'Start find' element ---> By.cssSelector: [placeholder='description']
21006 [Test worker] INFO  manager.MyListener - 'The element with locator' -->By.cssSelector: [placeholder='description'] was found
21059 [Test worker] INFO  manager.MyListener - 'Start find' element ---> By.xpath: //*[text()='Save']
21064 [Test worker] INFO  manager.MyListener - 'The element with locator' -->By.xpath: //*[text()='Save'] was found
21082 [Test worker] INFO  manager.MyListener - 'Start find' element ---> By.cssSelector: h2
21280 [Test worker] INFO  manager.MyListener - 'The element with locator' -->By.cssSelector: h2 was found
21289 [Test worker] INFO  manager.MyListener - 'Start find' element ---> By.cssSelector: h3
21294 [Test worker] INFO  manager.MyListener - 'The element with locator' -->By.cssSelector: h3 was found
21301 [Test worker] INFO  manager.MyListener - 'Start find' element ---> By.cssSelector: .contact-item_card__2SOIM
21305 [Test worker] INFO  manager.MyListener - 'The element with locator' -->By.cssSelector: .contact-item_card__2SOIM was found
21305 [Test worker] INFO  manager.MyListener - 'Start find' element ---> By.cssSelector: .contact-item_card__2SOIM
21309 [Test worker] INFO  manager.MyListener - 'The element with locator' -->By.cssSelector: .contact-item_card__2SOIM was found
21309 [Test worker] INFO  manager.MyListener - 'Start find' element ---> By.cssSelector: .contact-item_card__2SOIM
21313 [Test worker] INFO  manager.MyListener - 'The element with locator' -->By.cssSelector: .contact-item_card__2SOIM was found
21331 [Test worker] INFO  manager.MyListener - 'Start find' element ---> By.xpath: //button[text()='Remove']
21337 [Test worker] INFO  manager.MyListener - 'The element with locator' -->By.xpath: //button[text()='Remove'] was found
21855 [Test worker] INFO  manager.MyListener - 'Start find' element ---> By.cssSelector: .contact-item_card__2SOIM
23915 [Test worker] INFO  manager.MyListener - 'The element with locator' -->By.cssSelector: .contact-item_card__2SOIM was found
23916 [Test worker] INFO  tests.TestBase - Start test --->registrationSuccess
23917 [Test worker] INFO  manager.MyListener - 'Start find' element ---> By.xpath: //*[text()='Sign Out']
23922 [Test worker] INFO  manager.MyListener - 'The element with locator' -->By.xpath: //*[text()='Sign Out'] was found
23922 [Test worker] INFO  manager.MyListener - 'Start find' element ---> By.xpath: //*[text()='Sign Out']
23929 [Test worker] INFO  manager.MyListener - 'The element with locator' -->By.xpath: //*[text()='Sign Out'] was found
23961 [Test worker] INFO  manager.MyListener - 'Start find' element ---> By.cssSelector: [href='/login']
23969 [Test worker] INFO  manager.MyListener - 'The element with locator' -->By.cssSelector: [href='/login'] was found
23987 [Test worker] INFO  manager.MyListener - 'Start find' element ---> By.xpath: //input[1]
23995 [Test worker] INFO  manager.MyListener - 'The element with locator' -->By.xpath: //input[1] was found
24049 [Test worker] INFO  manager.MyListener - 'Start find' element ---> By.xpath: //input[2]
24056 [Test worker] INFO  manager.MyListener - 'The element with locator' -->By.xpath: //input[2] was found
24107 [Test worker] INFO  manager.MyListener - 'Start find' element ---> By.xpath: //*[text()=' Registration']
24115 [Test worker] INFO  manager.MyListener - 'The element with locator' -->By.xpath: //*[text()=' Registration'] was found
24134 [Test worker] INFO  manager.MyListener - 'Start find' element ---> By.xpath: //*[text()='Sign Out']
24325 [Test worker] INFO  manager.MyListener - 'The element with locator' -->By.xpath: //*[text()='Sign Out'] was found
