1187 [Test worker] INFO  manager.ApplicationManager - test starts in chrome driver
2012 [Test worker] INFO  tests.TestBase - Start test --->addNewContactSuccsessDataProviderCSV
2013 [Test worker] INFO  manager.MyListener - 'Start find' element ---> By.xpath: //*[text()='Sign Out']
4074 [Test worker] INFO  manager.MyListener - 'The element with locator' -->By.xpath: //*[text()='Sign Out'] was found
4075 [Test worker] INFO  manager.MyListener - 'Start find' element ---> By.cssSelector: [href='/login']
4084 [Test worker] INFO  manager.MyListener - 'The element with locator' -->By.cssSelector: [href='/login'] was found
4127 [Test worker] INFO  manager.MyListener - 'Start find' element ---> By.xpath: //input[1]
4138 [Test worker] INFO  manager.MyListener - 'The element with locator' -->By.xpath: //input[1] was found
4203 [Test worker] INFO  manager.MyListener - 'Start find' element ---> By.xpath: //input[2]
4211 [Test worker] INFO  manager.MyListener - 'The element with locator' -->By.xpath: //input[2] was found
4274 [Test worker] INFO  manager.MyListener - 'Start find' element ---> By.xpath: //*[text()=' Login']
4284 [Test worker] INFO  manager.MyListener - 'The element with locator' -->By.xpath: //*[text()=' Login'] was found
4312 [Test worker] INFO  manager.MyListener - 'Start find' element ---> By.cssSelector: .navbar-logged_nav__2Hx7M a:nth-child(5)
5069 [Test worker] INFO  manager.MyListener - 'The element with locator' -->By.cssSelector: .navbar-logged_nav__2Hx7M a:nth-child(5) was found
5093 [Test worker] INFO  manager.MyListener - 'Start find' element ---> By.cssSelector: [placeholder='Name']
5103 [Test worker] INFO  manager.MyListener - 'The element with locator' -->By.cssSelector: [placeholder='Name'] was found
5159 [Test worker] INFO  manager.MyListener - 'Start find' element ---> By.cssSelector: [placeholder='Last Name']
5168 [Test worker] INFO  manager.MyListener - 'The element with locator' -->By.cssSelector: [placeholder='Last Name'] was found
5219 [Test worker] INFO  manager.MyListener - 'Start find' element ---> By.cssSelector: [placeholder='Phone']
5228 [Test worker] INFO  manager.MyListener - 'The element with locator' -->By.cssSelector: [placeholder='Phone'] was found
5285 [Test worker] INFO  manager.MyListener - 'Start find' element ---> By.cssSelector: [placeholder='email']
5294 [Test worker] INFO  manager.MyListener - 'The element with locator' -->By.cssSelector: [placeholder='email'] was found
5350 [Test worker] INFO  manager.MyListener - 'Start find' element ---> By.cssSelector: [placeholder='Address']
5359 [Test worker] INFO  manager.MyListener - 'The element with locator' -->By.cssSelector: [placeholder='Address'] was found
5412 [Test worker] INFO  manager.MyListener - 'Start find' element ---> By.cssSelector: [placeholder='description']
5420 [Test worker] INFO  manager.MyListener - 'The element with locator' -->By.cssSelector: [placeholder='description'] was found
5473 [Test worker] INFO  manager.MyListener - 'Start find' element ---> By.xpath: //*[text()='Save']
5482 [Test worker] INFO  manager.MyListener - 'The element with locator' -->By.xpath: //*[text()='Save'] was found
5501 [Test worker] INFO  manager.MyListener - 'Start find' element ---> By.cssSelector: h2
5886 [Test worker] INFO  manager.MyListener - 'The element with locator' -->By.cssSelector: h2 was found
5939 [Test worker] INFO  manager.MyListener - 'Start find' element ---> By.cssSelector: h3
5947 [Test worker] INFO  manager.MyListener - 'The element with locator' -->By.cssSelector: h3 was found
5999 [Test worker] INFO  tests.TestBase - Start test --->addNewContactSuccsessDataProviderCSV
6000 [Test worker] INFO  manager.MyListener - 'Start find' element ---> By.xpath: //*[text()='Sign Out']
6006 [Test worker] INFO  manager.MyListener - 'The element with locator' -->By.xpath: //*[text()='Sign Out'] was found
6007 [Test worker] INFO  manager.MyListener - 'Start find' element ---> By.cssSelector: .navbar-logged_nav__2Hx7M a:nth-child(5)
6013 [Test worker] INFO  manager.MyListener - 'The element with locator' -->By.cssSelector: .navbar-logged_nav__2Hx7M a:nth-child(5) was found
6030 [Test worker] INFO  manager.MyListener - 'Start find' element ---> By.cssSelector: [placeholder='Name']
6037 [Test worker] INFO  manager.MyListener - 'The element with locator' -->By.cssSelector: [placeholder='Name'] was found
6088 [Test worker] INFO  manager.MyListener - 'Start find' element ---> By.cssSelector: [placeholder='Last Name']
6094 [Test worker] INFO  manager.MyListener - 'The element with locator' -->By.cssSelector: [placeholder='Last Name'] was found
6147 [Test worker] INFO  manager.MyListener - 'Start find' element ---> By.cssSelector: [placeholder='Phone']
6154 [Test worker] INFO  manager.MyListener - 'The element with locator' -->By.cssSelector: [placeholder='Phone'] was found
6208 [Test worker] INFO  manager.MyListener - 'Start find' element ---> By.cssSelector: [placeholder='email']
6214 [Test worker] INFO  manager.MyListener - 'The element with locator' -->By.cssSelector: [placeholder='email'] was found
6273 [Test worker] INFO  manager.MyListener - 'Start find' element ---> By.cssSelector: [placeholder='Address']
6280 [Test worker] INFO  manager.MyListener - 'The element with locator' -->By.cssSelector: [placeholder='Address'] was found
6334 [Test worker] INFO  manager.MyListener - 'Start find' element ---> By.cssSelector: [placeholder='description']
6340 [Test worker] INFO  manager.MyListener - 'The element with locator' -->By.cssSelector: [placeholder='description'] was found
6397 [Test worker] INFO  manager.MyListener - 'Start find' element ---> By.xpath: //*[text()='Save']
6403 [Test worker] INFO  manager.MyListener - 'The element with locator' -->By.xpath: //*[text()='Save'] was found
6422 [Test worker] INFO  manager.MyListener - 'Start find' element ---> By.cssSelector: h2
8488 [Test worker] INFO  manager.MyListener - 'The element with locator' -->By.cssSelector: h2 was found
8490 [Test worker] INFO  tests.TestBase - Start test --->addNewContactSuccsessDataProviderCSV
8490 [Test worker] INFO  manager.MyListener - 'Start find' element ---> By.xpath: //*[text()='Sign Out']
8496 [Test worker] INFO  manager.MyListener - 'The element with locator' -->By.xpath: //*[text()='Sign Out'] was found
8497 [Test worker] INFO  manager.MyListener - 'Start find' element ---> By.cssSelector: .navbar-logged_nav__2Hx7M a:nth-child(5)
8503 [Test worker] INFO  manager.MyListener - 'The element with locator' -->By.cssSelector: .navbar-logged_nav__2Hx7M a:nth-child(5) was found
8521 [Test worker] INFO  manager.MyListener - 'Start find' element ---> By.cssSelector: [placeholder='Name']
8528 [Test worker] INFO  manager.MyListener - 'The element with locator' -->By.cssSelector: [placeholder='Name'] was found
8585 [Test worker] INFO  manager.MyListener - 'Start find' element ---> By.cssSelector: [placeholder='Last Name']
8593 [Test worker] INFO  manager.MyListener - 'The element with locator' -->By.cssSelector: [placeholder='Last Name'] was found
8642 [Test worker] INFO  manager.MyListener - 'Start find' element ---> By.cssSelector: [placeholder='Phone']
8649 [Test worker] INFO  manager.MyListener - 'The element with locator' -->By.cssSelector: [placeholder='Phone'] was found
8701 [Test worker] INFO  manager.MyListener - 'Start find' element ---> By.cssSelector: [placeholder='email']
8707 [Test worker] INFO  manager.MyListener - 'The element with locator' -->By.cssSelector: [placeholder='email'] was found
8759 [Test worker] INFO  manager.MyListener - 'Start find' element ---> By.cssSelector: [placeholder='Address']
8764 [Test worker] INFO  manager.MyListener - 'The element with locator' -->By.cssSelector: [placeholder='Address'] was found
8814 [Test worker] INFO  manager.MyListener - 'Start find' element ---> By.cssSelector: [placeholder='description']
8819 [Test worker] INFO  manager.MyListener - 'The element with locator' -->By.cssSelector: [placeholder='description'] was found
8874 [Test worker] INFO  manager.MyListener - 'Start find' element ---> By.xpath: //*[text()='Save']
8880 [Test worker] INFO  manager.MyListener - 'The element with locator' -->By.xpath: //*[text()='Save'] was found
8894 [Test worker] INFO  manager.MyListener - 'Start find' element ---> By.cssSelector: h2
10946 [Test worker] INFO  manager.MyListener - 'The element with locator' -->By.cssSelector: h2 was found
10947 [Test worker] INFO  tests.TestBase - Start test --->addNewContactSuccsessDataProviderCSV
10947 [Test worker] INFO  manager.MyListener - 'Start find' element ---> By.xpath: //*[text()='Sign Out']
10953 [Test worker] INFO  manager.MyListener - 'The element with locator' -->By.xpath: //*[text()='Sign Out'] was found
10954 [Test worker] INFO  manager.MyListener - 'Start find' element ---> By.cssSelector: .navbar-logged_nav__2Hx7M a:nth-child(5)
10959 [Test worker] INFO  manager.MyListener - 'The element with locator' -->By.cssSelector: .navbar-logged_nav__2Hx7M a:nth-child(5) was found
10972 [Test worker] INFO  manager.MyListener - 'Start find' element ---> By.cssSelector: [placeholder='Name']
10978 [Test worker] INFO  manager.MyListener - 'The element with locator' -->By.cssSelector: [placeholder='Name'] was found
11026 [Test worker] INFO  manager.MyListener - 'Start find' element ---> By.cssSelector: [placeholder='Last Name']
11032 [Test worker] INFO  manager.MyListener - 'The element with locator' -->By.cssSelector: [placeholder='Last Name'] was found
11077 [Test worker] INFO  manager.MyListener - 'Start find' element ---> By.cssSelector: [placeholder='Phone']
11084 [Test worker] INFO  manager.MyListener - 'The element with locator' -->By.cssSelector: [placeholder='Phone'] was found
11130 [Test worker] INFO  manager.MyListener - 'Start find' element ---> By.cssSelector: [placeholder='email']
11136 [Test worker] INFO  manager.MyListener - 'The element with locator' -->By.cssSelector: [placeholder='email'] was found
11183 [Test worker] INFO  manager.MyListener - 'Start find' element ---> By.cssSelector: [placeholder='Address']
11189 [Test worker] INFO  manager.MyListener - 'The element with locator' -->By.cssSelector: [placeholder='Address'] was found
11235 [Test worker] INFO  manager.MyListener - 'Start find' element ---> By.cssSelector: [placeholder='description']
11240 [Test worker] INFO  manager.MyListener - 'The element with locator' -->By.cssSelector: [placeholder='description'] was found
11287 [Test worker] INFO  manager.MyListener - 'Start find' element ---> By.xpath: //*[text()='Save']
11293 [Test worker] INFO  manager.MyListener - 'The element with locator' -->By.xpath: //*[text()='Save'] was found
11306 [Test worker] INFO  manager.MyListener - 'Start find' element ---> By.cssSelector: h2
13361 [Test worker] INFO  manager.MyListener - 'The element with locator' -->By.cssSelector: h2 was found
13364 [Test worker] INFO  tests.TestBase - Start test --->fillContactPositive
13365 [Test worker] INFO  manager.MyListener - 'Start find' element ---> By.xpath: //*[text()='Sign Out']
13370 [Test worker] INFO  manager.MyListener - 'The element with locator' -->By.xpath: //*[text()='Sign Out'] was found
13372 [Test worker] INFO  manager.MyListener - 'Start find' element ---> By.cssSelector: .navbar-logged_nav__2Hx7M a:nth-child(5)
13377 [Test worker] INFO  manager.MyListener - 'The element with locator' -->By.cssSelector: .navbar-logged_nav__2Hx7M a:nth-child(5) was found
13390 [Test worker] INFO  manager.MyListener - 'Start find' element ---> By.cssSelector: [placeholder='Name']
13397 [Test worker] INFO  manager.MyListener - 'The element with locator' -->By.cssSelector: [placeholder='Name'] was found
13445 [Test worker] INFO  manager.MyListener - 'Start find' element ---> By.cssSelector: [placeholder='Last Name']
13450 [Test worker] INFO  manager.MyListener - 'The element with locator' -->By.cssSelector: [placeholder='Last Name'] was found
13495 [Test worker] INFO  manager.MyListener - 'Start find' element ---> By.cssSelector: [placeholder='Phone']
13500 [Test worker] INFO  manager.MyListener - 'The element with locator' -->By.cssSelector: [placeholder='Phone'] was found
13548 [Test worker] INFO  manager.MyListener - 'Start find' element ---> By.cssSelector: [placeholder='email']
13554 [Test worker] INFO  manager.MyListener - 'The element with locator' -->By.cssSelector: [placeholder='email'] was found
13605 [Test worker] INFO  manager.MyListener - 'Start find' element ---> By.cssSelector: [placeholder='Address']
13610 [Test worker] INFO  manager.MyListener - 'The element with locator' -->By.cssSelector: [placeholder='Address'] was found
13658 [Test worker] INFO  manager.MyListener - 'Start find' element ---> By.cssSelector: [placeholder='description']
13663 [Test worker] INFO  manager.MyListener - 'The element with locator' -->By.cssSelector: [placeholder='description'] was found
13708 [Test worker] INFO  manager.MyListener - 'Start find' element ---> By.xpath: //*[text()='Save']
13713 [Test worker] INFO  manager.MyListener - 'The element with locator' -->By.xpath: //*[text()='Save'] was found
13726 [Test worker] INFO  manager.MyListener - 'Start find' element ---> By.cssSelector: h2
13984 [Test worker] INFO  manager.MyListener - 'The element with locator' -->By.cssSelector: h2 was found
14013 [Test worker] INFO  manager.MyListener - 'Start find' element ---> By.cssSelector: h3
14020 [Test worker] INFO  manager.MyListener - 'The element with locator' -->By.cssSelector: h3 was found
14074 [Test worker] INFO  tests.TestBase - Start test --->loginModelDataPrividerCSV
14074 [Test worker] INFO  manager.MyListener - 'Start find' element ---> By.xpath: //*[text()='Sign Out']
14080 [Test worker] INFO  manager.MyListener - 'The element with locator' -->By.xpath: //*[text()='Sign Out'] was found
14080 [Test worker] INFO  manager.MyListener - 'Start find' element ---> By.xpath: //*[text()='Sign Out']
14087 [Test worker] INFO  manager.MyListener - 'The element with locator' -->By.xpath: //*[text()='Sign Out'] was found
14109 [Test worker] INFO  tests.TestBase - Tests start with email : bobik@gmail.comand password : Bobik12345$
14109 [Test worker] INFO  manager.MyListener - 'Start find' element ---> By.cssSelector: [href='/login']
14119 [Test worker] INFO  manager.MyListener - 'The element with locator' -->By.cssSelector: [href='/login'] was found
14139 [Test worker] INFO  manager.MyListener - 'Start find' element ---> By.xpath: //input[1]
14149 [Test worker] INFO  manager.MyListener - 'The element with locator' -->By.xpath: //input[1] was found
14206 [Test worker] INFO  manager.MyListener - 'Start find' element ---> By.xpath: //input[2]
14214 [Test worker] INFO  manager.MyListener - 'The element with locator' -->By.xpath: //input[2] was found
14265 [Test worker] INFO  manager.MyListener - 'Start find' element ---> By.xpath: //*[text()=' Login']
14273 [Test worker] INFO  manager.MyListener - 'The element with locator' -->By.xpath: //*[text()=' Login'] was found
14292 [Test worker] INFO  manager.MyListener - 'Start find' element ---> By.xpath: //*[text()='Sign Out']
14542 [Test worker] INFO  manager.MyListener - 'The element with locator' -->By.xpath: //*[text()='Sign Out'] was found
14542 [Test worker] INFO  tests.TestBase - test passed
14543 [Test worker] INFO  tests.TestBase - Start test --->loginModelDataPrividerCSV
14543 [Test worker] INFO  manager.MyListener - 'Start find' element ---> By.xpath: //*[text()='Sign Out']
14549 [Test worker] INFO  manager.MyListener - 'The element with locator' -->By.xpath: //*[text()='Sign Out'] was found
14549 [Test worker] INFO  manager.MyListener - 'Start find' element ---> By.xpath: //*[text()='Sign Out']
14555 [Test worker] INFO  manager.MyListener - 'The element with locator' -->By.xpath: //*[text()='Sign Out'] was found
14577 [Test worker] INFO  tests.TestBase - Tests start with email : bobik@gmail.comand password : Bobik12345$
14578 [Test worker] INFO  manager.MyListener - 'Start find' element ---> By.cssSelector: [href='/login']
14583 [Test worker] INFO  manager.MyListener - 'The element with locator' -->By.cssSelector: [href='/login'] was found
14603 [Test worker] INFO  manager.MyListener - 'Start find' element ---> By.xpath: //input[1]
14609 [Test worker] INFO  manager.MyListener - 'The element with locator' -->By.xpath: //input[1] was found
14664 [Test worker] INFO  manager.MyListener - 'Start find' element ---> By.xpath: //input[2]
14671 [Test worker] INFO  manager.MyListener - 'The element with locator' -->By.xpath: //input[2] was found
14724 [Test worker] INFO  manager.MyListener - 'Start find' element ---> By.xpath: //*[text()=' Login']
14730 [Test worker] INFO  manager.MyListener - 'The element with locator' -->By.xpath: //*[text()=' Login'] was found
14748 [Test worker] INFO  manager.MyListener - 'Start find' element ---> By.xpath: //*[text()='Sign Out']
14872 [Test worker] INFO  manager.MyListener - 'The element with locator' -->By.xpath: //*[text()='Sign Out'] was found
14872 [Test worker] INFO  tests.TestBase - test passed
14873 [Test worker] INFO  tests.TestBase - Start test --->loginModelDataPrividerCSV
14874 [Test worker] INFO  manager.MyListener - 'Start find' element ---> By.xpath: //*[text()='Sign Out']
14880 [Test worker] INFO  manager.MyListener - 'The element with locator' -->By.xpath: //*[text()='Sign Out'] was found
14880 [Test worker] INFO  manager.MyListener - 'Start find' element ---> By.xpath: //*[text()='Sign Out']
14886 [Test worker] INFO  manager.MyListener - 'The element with locator' -->By.xpath: //*[text()='Sign Out'] was found
14907 [Test worker] INFO  tests.TestBase - Tests start with email : bobik@gmail.comand password : Bobik12345$
14907 [Test worker] INFO  manager.MyListener - 'Start find' element ---> By.cssSelector: [href='/login']
14914 [Test worker] INFO  manager.MyListener - 'The element with locator' -->By.cssSelector: [href='/login'] was found
14933 [Test worker] INFO  manager.MyListener - 'Start find' element ---> By.xpath: //input[1]
14939 [Test worker] INFO  manager.MyListener - 'The element with locator' -->By.xpath: //input[1] was found
14994 [Test worker] INFO  manager.MyListener - 'Start find' element ---> By.xpath: //input[2]
14999 [Test worker] INFO  manager.MyListener - 'The element with locator' -->By.xpath: //input[2] was found
15051 [Test worker] INFO  manager.MyListener - 'Start find' element ---> By.xpath: //*[text()=' Login']
15057 [Test worker] INFO  manager.MyListener - 'The element with locator' -->By.xpath: //*[text()=' Login'] was found
15076 [Test worker] INFO  manager.MyListener - 'Start find' element ---> By.xpath: //*[text()='Sign Out']
15200 [Test worker] INFO  manager.MyListener - 'The element with locator' -->By.xpath: //*[text()='Sign Out'] was found
15200 [Test worker] INFO  tests.TestBase - test passed
15201 [Test worker] INFO  tests.TestBase - Start test --->loginModelDataPrividerCSV
15201 [Test worker] INFO  manager.MyListener - 'Start find' element ---> By.xpath: //*[text()='Sign Out']
15207 [Test worker] INFO  manager.MyListener - 'The element with locator' -->By.xpath: //*[text()='Sign Out'] was found
15207 [Test worker] INFO  manager.MyListener - 'Start find' element ---> By.xpath: //*[text()='Sign Out']
15212 [Test worker] INFO  manager.MyListener - 'The element with locator' -->By.xpath: //*[text()='Sign Out'] was found
15232 [Test worker] INFO  tests.TestBase - Tests start with email : bobik@gmail.comand password : Bobik12345$
15232 [Test worker] INFO  manager.MyListener - 'Start find' element ---> By.cssSelector: [href='/login']
15238 [Test worker] INFO  manager.MyListener - 'The element with locator' -->By.cssSelector: [href='/login'] was found
15257 [Test worker] INFO  manager.MyListener - 'Start find' element ---> By.xpath: //input[1]
15262 [Test worker] INFO  manager.MyListener - 'The element with locator' -->By.xpath: //input[1] was found
15319 [Test worker] INFO  manager.MyListener - 'Start find' element ---> By.xpath: //input[2]
15324 [Test worker] INFO  manager.MyListener - 'The element with locator' -->By.xpath: //input[2] was found
15380 [Test worker] INFO  manager.MyListener - 'Start find' element ---> By.xpath: //*[text()=' Login']
15386 [Test worker] INFO  manager.MyListener - 'The element with locator' -->By.xpath: //*[text()=' Login'] was found
15409 [Test worker] INFO  manager.MyListener - 'Start find' element ---> By.xpath: //*[text()='Sign Out']
15529 [Test worker] INFO  manager.MyListener - 'The element with locator' -->By.xpath: //*[text()='Sign Out'] was found
15530 [Test worker] INFO  tests.TestBase - test passed
15530 [Test worker] INFO  tests.TestBase - Start test --->loginNegativePass
15531 [Test worker] INFO  manager.MyListener - 'Start find' element ---> By.xpath: //*[text()='Sign Out']
15536 [Test worker] INFO  manager.MyListener - 'The element with locator' -->By.xpath: //*[text()='Sign Out'] was found
15536 [Test worker] INFO  manager.MyListener - 'Start find' element ---> By.xpath: //*[text()='Sign Out']
15541 [Test worker] INFO  manager.MyListener - 'The element with locator' -->By.xpath: //*[text()='Sign Out'] was found
15561 [Test worker] INFO  manager.MyListener - 'Start find' element ---> By.cssSelector: [href='/login']
15567 [Test worker] INFO  manager.MyListener - 'The element with locator' -->By.cssSelector: [href='/login'] was found
15587 [Test worker] INFO  manager.MyListener - 'Start find' element ---> By.xpath: //input[1]
15593 [Test worker] INFO  manager.MyListener - 'The element with locator' -->By.xpath: //input[1] was found
15646 [Test worker] INFO  manager.MyListener - 'Start find' element ---> By.xpath: //input[2]
15651 [Test worker] INFO  manager.MyListener - 'The element with locator' -->By.xpath: //input[2] was found
15700 [Test worker] INFO  manager.MyListener - 'Start find' element ---> By.xpath: //*[text()=' Login']
15706 [Test worker] INFO  manager.MyListener - 'The element with locator' -->By.xpath: //*[text()=' Login'] was found
15724 [Test worker] INFO  manager.MyListener - 'Start find' element ---> By.xpath: //*[text()='Sign Out']
15846 [Test worker] INFO  manager.MyListener - 'The element with locator' -->By.xpath: //*[text()='Sign Out'] was found
15859 [Test worker] INFO  tests.TestBase - Start test --->loginSuccessModel
15860 [Test worker] INFO  manager.MyListener - 'Start find' element ---> By.xpath: //*[text()='Sign Out']
17920 [Test worker] INFO  manager.MyListener - 'The element with locator' -->By.xpath: //*[text()='Sign Out'] was found
17920 [Test worker] INFO  manager.MyListener - 'Start find' element ---> By.cssSelector: [href='/login']
17926 [Test worker] INFO  manager.MyListener - 'The element with locator' -->By.cssSelector: [href='/login'] was found
17940 [Test worker] INFO  manager.MyListener - 'Start find' element ---> By.xpath: //input[1]
17946 [Test worker] INFO  manager.MyListener - 'The element with locator' -->By.xpath: //input[1] was found
18010 [Test worker] INFO  manager.MyListener - 'Start find' element ---> By.xpath: //input[2]
18016 [Test worker] INFO  manager.MyListener - 'The element with locator' -->By.xpath: //input[2] was found
18079 [Test worker] INFO  manager.MyListener - 'Start find' element ---> By.xpath: //*[text()=' Login']
18085 [Test worker] INFO  manager.MyListener - 'The element with locator' -->By.xpath: //*[text()=' Login'] was found
18104 [Test worker] INFO  manager.MyListener - 'Start find' element ---> By.xpath: //*[text()='Sign Out']
18234 [Test worker] INFO  manager.MyListener - 'The element with locator' -->By.xpath: //*[text()='Sign Out'] was found
18236 [Test worker] INFO  tests.TestBase - Start test --->loginSuccessNew
18236 [Test worker] INFO  manager.MyListener - 'Start find' element ---> By.xpath: //*[text()='Sign Out']
18241 [Test worker] INFO  manager.MyListener - 'The element with locator' -->By.xpath: //*[text()='Sign Out'] was found
18242 [Test worker] INFO  manager.MyListener - 'Start find' element ---> By.xpath: //*[text()='Sign Out']
18247 [Test worker] INFO  manager.MyListener - 'The element with locator' -->By.xpath: //*[text()='Sign Out'] was found
18271 [Test worker] INFO  tests.TestBase - test starts with email:bobik@gmail.com password:Bobik12345$
18272 [Test worker] INFO  manager.MyListener - 'Start find' element ---> By.cssSelector: [href='/login']
18277 [Test worker] INFO  manager.MyListener - 'The element with locator' -->By.cssSelector: [href='/login'] was found
18297 [Test worker] INFO  manager.MyListener - 'Start find' element ---> By.xpath: //input[1]
18303 [Test worker] INFO  manager.MyListener - 'The element with locator' -->By.xpath: //input[1] was found
18358 [Test worker] INFO  manager.MyListener - 'Start find' element ---> By.xpath: //input[2]
18364 [Test worker] INFO  manager.MyListener - 'The element with locator' -->By.xpath: //input[2] was found
18416 [Test worker] INFO  manager.MyListener - 'Start find' element ---> By.xpath: //*[text()=' Login']
18422 [Test worker] INFO  manager.MyListener - 'The element with locator' -->By.xpath: //*[text()=' Login'] was found
18440 [Test worker] INFO  manager.MyListener - 'Start find' element ---> By.xpath: //*[text()='Sign Out']
18562 [Test worker] INFO  manager.MyListener - 'The element with locator' -->By.xpath: //*[text()='Sign Out'] was found
18563 [Test worker] INFO  tests.TestBase - Start test --->loginSuccessNew
18563 [Test worker] INFO  manager.MyListener - 'Start find' element ---> By.xpath: //*[text()='Sign Out']
18568 [Test worker] INFO  manager.MyListener - 'The element with locator' -->By.xpath: //*[text()='Sign Out'] was found
18569 [Test worker] INFO  manager.MyListener - 'Start find' element ---> By.xpath: //*[text()='Sign Out']
18574 [Test worker] INFO  manager.MyListener - 'The element with locator' -->By.xpath: //*[text()='Sign Out'] was found
18594 [Test worker] INFO  tests.TestBase - test starts with email:bobik@gmail.com password:Bobik12345$
18594 [Test worker] INFO  manager.MyListener - 'Start find' element ---> By.cssSelector: [href='/login']
18600 [Test worker] INFO  manager.MyListener - 'The element with locator' -->By.cssSelector: [href='/login'] was found
18621 [Test worker] INFO  manager.MyListener - 'Start find' element ---> By.xpath: //input[1]
18626 [Test worker] INFO  manager.MyListener - 'The element with locator' -->By.xpath: //input[1] was found
18680 [Test worker] INFO  manager.MyListener - 'Start find' element ---> By.xpath: //input[2]
18685 [Test worker] INFO  manager.MyListener - 'The element with locator' -->By.xpath: //input[2] was found
18737 [Test worker] INFO  manager.MyListener - 'Start find' element ---> By.xpath: //*[text()=' Login']
18742 [Test worker] INFO  manager.MyListener - 'The element with locator' -->By.xpath: //*[text()=' Login'] was found
18762 [Test worker] INFO  manager.MyListener - 'Start find' element ---> By.xpath: //*[text()='Sign Out']
18888 [Test worker] INFO  manager.MyListener - 'The element with locator' -->By.xpath: //*[text()='Sign Out'] was found
18889 [Test worker] INFO  tests.TestBase - Start test --->loginSuccessNew
18889 [Test worker] INFO  manager.MyListener - 'Start find' element ---> By.xpath: //*[text()='Sign Out']
18894 [Test worker] INFO  manager.MyListener - 'The element with locator' -->By.xpath: //*[text()='Sign Out'] was found
18894 [Test worker] INFO  manager.MyListener - 'Start find' element ---> By.xpath: //*[text()='Sign Out']
18899 [Test worker] INFO  manager.MyListener - 'The element with locator' -->By.xpath: //*[text()='Sign Out'] was found
18920 [Test worker] INFO  tests.TestBase - test starts with email:bobik@gmail.com password:Bobik12345$
18920 [Test worker] INFO  manager.MyListener - 'Start find' element ---> By.cssSelector: [href='/login']
18925 [Test worker] INFO  manager.MyListener - 'The element with locator' -->By.cssSelector: [href='/login'] was found
18945 [Test worker] INFO  manager.MyListener - 'Start find' element ---> By.xpath: //input[1]
18951 [Test worker] INFO  manager.MyListener - 'The element with locator' -->By.xpath: //input[1] was found
19006 [Test worker] INFO  manager.MyListener - 'Start find' element ---> By.xpath: //input[2]
19012 [Test worker] INFO  manager.MyListener - 'The element with locator' -->By.xpath: //input[2] was found
19067 [Test worker] INFO  manager.MyListener - 'Start find' element ---> By.xpath: //*[text()=' Login']
19072 [Test worker] INFO  manager.MyListener - 'The element with locator' -->By.xpath: //*[text()=' Login'] was found
19094 [Test worker] INFO  manager.MyListener - 'Start find' element ---> By.xpath: //*[text()='Sign Out']
19215 [Test worker] INFO  manager.MyListener - 'The element with locator' -->By.xpath: //*[text()='Sign Out'] was found
19216 [Test worker] INFO  tests.TestBase - Start test --->loginSuccessNew
19216 [Test worker] INFO  manager.MyListener - 'Start find' element ---> By.xpath: //*[text()='Sign Out']
19222 [Test worker] INFO  manager.MyListener - 'The element with locator' -->By.xpath: //*[text()='Sign Out'] was found
19222 [Test worker] INFO  manager.MyListener - 'Start find' element ---> By.xpath: //*[text()='Sign Out']
19227 [Test worker] INFO  manager.MyListener - 'The element with locator' -->By.xpath: //*[text()='Sign Out'] was found
19246 [Test worker] INFO  tests.TestBase - test starts with email:bobik@gmail.com password:Bobik12345$
19247 [Test worker] INFO  manager.MyListener - 'Start find' element ---> By.cssSelector: [href='/login']
19251 [Test worker] INFO  manager.MyListener - 'The element with locator' -->By.cssSelector: [href='/login'] was found
19272 [Test worker] INFO  manager.MyListener - 'Start find' element ---> By.xpath: //input[1]
19277 [Test worker] INFO  manager.MyListener - 'The element with locator' -->By.xpath: //input[1] was found
19333 [Test worker] INFO  manager.MyListener - 'Start find' element ---> By.xpath: //input[2]
19339 [Test worker] INFO  manager.MyListener - 'The element with locator' -->By.xpath: //input[2] was found
19392 [Test worker] INFO  manager.MyListener - 'Start find' element ---> By.xpath: //*[text()=' Login']
19397 [Test worker] INFO  manager.MyListener - 'The element with locator' -->By.xpath: //*[text()=' Login'] was found
19416 [Test worker] INFO  manager.MyListener - 'Start find' element ---> By.xpath: //*[text()='Sign Out']
19541 [Test worker] INFO  manager.MyListener - 'The element with locator' -->By.xpath: //*[text()='Sign Out'] was found
19542 [Test worker] INFO  tests.TestBase - Start test --->removeAllContacts
19543 [Test worker] INFO  manager.MyListener - 'Start find' element ---> By.xpath: //*[text()='Sign Out']
19548 [Test worker] INFO  manager.MyListener - 'The element with locator' -->By.xpath: //*[text()='Sign Out'] was found
19548 [Test worker] INFO  manager.MyListener - 'Start find' element ---> By.cssSelector: .navbar-logged_nav__2Hx7M a:nth-child(5)
19555 [Test worker] INFO  manager.MyListener - 'The element with locator' -->By.cssSelector: .navbar-logged_nav__2Hx7M a:nth-child(5) was found
19578 [Test worker] INFO  manager.MyListener - 'Start find' element ---> By.cssSelector: [placeholder='Name']
19586 [Test worker] INFO  manager.MyListener - 'The element with locator' -->By.cssSelector: [placeholder='Name'] was found
19639 [Test worker] INFO  manager.MyListener - 'Start find' element ---> By.cssSelector: [placeholder='Last Name']
19647 [Test worker] INFO  manager.MyListener - 'The element with locator' -->By.cssSelector: [placeholder='Last Name'] was found
19696 [Test worker] INFO  manager.MyListener - 'Start find' element ---> By.cssSelector: [placeholder='Phone']
19703 [Test worker] INFO  manager.MyListener - 'The element with locator' -->By.cssSelector: [placeholder='Phone'] was found
19762 [Test worker] INFO  manager.MyListener - 'Start find' element ---> By.cssSelector: [placeholder='email']
19769 [Test worker] INFO  manager.MyListener - 'The element with locator' -->By.cssSelector: [placeholder='email'] was found
19825 [Test worker] INFO  manager.MyListener - 'Start find' element ---> By.cssSelector: [placeholder='Address']
19833 [Test worker] INFO  manager.MyListener - 'The element with locator' -->By.cssSelector: [placeholder='Address'] was found
19885 [Test worker] INFO  manager.MyListener - 'Start find' element ---> By.cssSelector: [placeholder='description']
19892 [Test worker] INFO  manager.MyListener - 'The element with locator' -->By.cssSelector: [placeholder='description'] was found
19943 [Test worker] INFO  manager.MyListener - 'Start find' element ---> By.xpath: //*[text()='Save']
19951 [Test worker] INFO  manager.MyListener - 'The element with locator' -->By.xpath: //*[text()='Save'] was found
19970 [Test worker] INFO  manager.MyListener - 'Start find' element ---> By.cssSelector: h2
20230 [Test worker] INFO  manager.MyListener - 'The element with locator' -->By.cssSelector: h2 was found
20257 [Test worker] INFO  manager.MyListener - 'Start find' element ---> By.cssSelector: h3
20264 [Test worker] INFO  manager.MyListener - 'The element with locator' -->By.cssSelector: h3 was found
20324 [Test worker] INFO  manager.MyListener - 'Start find' element ---> By.cssSelector: .navbar-logged_nav__2Hx7M a:nth-child(5)
20329 [Test worker] INFO  manager.MyListener - 'The element with locator' -->By.cssSelector: .navbar-logged_nav__2Hx7M a:nth-child(5) was found
20343 [Test worker] INFO  manager.MyListener - 'Start find' element ---> By.cssSelector: [placeholder='Name']
20349 [Test worker] INFO  manager.MyListener - 'The element with locator' -->By.cssSelector: [placeholder='Name'] was found
20399 [Test worker] INFO  manager.MyListener - 'Start find' element ---> By.cssSelector: [placeholder='Last Name']
20404 [Test worker] INFO  manager.MyListener - 'The element with locator' -->By.cssSelector: [placeholder='Last Name'] was found
20456 [Test worker] INFO  manager.MyListener - 'Start find' element ---> By.cssSelector: [placeholder='Phone']
20462 [Test worker] INFO  manager.MyListener - 'The element with locator' -->By.cssSelector: [placeholder='Phone'] was found
20513 [Test worker] INFO  manager.MyListener - 'Start find' element ---> By.cssSelector: [placeholder='email']
20518 [Test worker] INFO  manager.MyListener - 'The element with locator' -->By.cssSelector: [placeholder='email'] was found
20572 [Test worker] INFO  manager.MyListener - 'Start find' element ---> By.cssSelector: [placeholder='Address']
20577 [Test worker] INFO  manager.MyListener - 'The element with locator' -->By.cssSelector: [placeholder='Address'] was found
20626 [Test worker] INFO  manager.MyListener - 'Start find' element ---> By.cssSelector: [placeholder='description']
20631 [Test worker] INFO  manager.MyListener - 'The element with locator' -->By.cssSelector: [placeholder='description'] was found
20684 [Test worker] INFO  manager.MyListener - 'Start find' element ---> By.xpath: //*[text()='Save']
20689 [Test worker] INFO  manager.MyListener - 'The element with locator' -->By.xpath: //*[text()='Save'] was found
20709 [Test worker] INFO  manager.MyListener - 'Start find' element ---> By.cssSelector: h2
20962 [Test worker] INFO  manager.MyListener - 'The element with locator' -->By.cssSelector: h2 was found
20991 [Test worker] INFO  manager.MyListener - 'Start find' element ---> By.cssSelector: h3
20996 [Test worker] INFO  manager.MyListener - 'The element with locator' -->By.cssSelector: h3 was found
21060 [Test worker] INFO  manager.MyListener - 'Start find' element ---> By.cssSelector: .navbar-logged_nav__2Hx7M a:nth-child(5)
21065 [Test worker] INFO  manager.MyListener - 'The element with locator' -->By.cssSelector: .navbar-logged_nav__2Hx7M a:nth-child(5) was found
21078 [Test worker] INFO  manager.MyListener - 'Start find' element ---> By.cssSelector: [placeholder='Name']
21084 [Test worker] INFO  manager.MyListener - 'The element with locator' -->By.cssSelector: [placeholder='Name'] was found
21135 [Test worker] INFO  manager.MyListener - 'Start find' element ---> By.cssSelector: [placeholder='Last Name']
21140 [Test worker] INFO  manager.MyListener - 'The element with locator' -->By.cssSelector: [placeholder='Last Name'] was found
21190 [Test worker] INFO  manager.MyListener - 'Start find' element ---> By.cssSelector: [placeholder='Phone']
21196 [Test worker] INFO  manager.MyListener - 'The element with locator' -->By.cssSelector: [placeholder='Phone'] was found
21249 [Test worker] INFO  manager.MyListener - 'Start find' element ---> By.cssSelector: [placeholder='email']
21254 [Test worker] INFO  manager.MyListener - 'The element with locator' -->By.cssSelector: [placeholder='email'] was found
21311 [Test worker] INFO  manager.MyListener - 'Start find' element ---> By.cssSelector: [placeholder='Address']
21318 [Test worker] INFO  manager.MyListener - 'The element with locator' -->By.cssSelector: [placeholder='Address'] was found
21368 [Test worker] INFO  manager.MyListener - 'Start find' element ---> By.cssSelector: [placeholder='description']
21374 [Test worker] INFO  manager.MyListener - 'The element with locator' -->By.cssSelector: [placeholder='description'] was found
21421 [Test worker] INFO  manager.MyListener - 'Start find' element ---> By.xpath: //*[text()='Save']
21426 [Test worker] INFO  manager.MyListener - 'The element with locator' -->By.xpath: //*[text()='Save'] was found
21444 [Test worker] INFO  manager.MyListener - 'Start find' element ---> By.cssSelector: h2
21702 [Test worker] INFO  manager.MyListener - 'The element with locator' -->By.cssSelector: h2 was found
21730 [Test worker] INFO  manager.MyListener - 'Start find' element ---> By.cssSelector: h3
21735 [Test worker] INFO  manager.MyListener - 'The element with locator' -->By.cssSelector: h3 was found
21807 [Test worker] INFO  manager.MyListener - 'Start find' element ---> By.cssSelector: .contact-item_card__2SOIM
21814 [Test worker] INFO  manager.MyListener - 'The element with locator' -->By.cssSelector: .contact-item_card__2SOIM was found
21814 [Test worker] INFO  manager.MyListener - 'Start find' element ---> By.cssSelector: .contact-item_card__2SOIM
21821 [Test worker] INFO  manager.MyListener - 'The element with locator' -->By.cssSelector: .contact-item_card__2SOIM was found
21841 [Test worker] INFO  manager.MyListener - 'Start find' element ---> By.xpath: //button[text()='Remove']
21849 [Test worker] INFO  manager.MyListener - 'The element with locator' -->By.xpath: //button[text()='Remove'] was found
22370 [Test worker] INFO  manager.MyListener - 'Start find' element ---> By.cssSelector: .contact-item_card__2SOIM
22376 [Test worker] INFO  manager.MyListener - 'The element with locator' -->By.cssSelector: .contact-item_card__2SOIM was found
22376 [Test worker] INFO  manager.MyListener - 'Start find' element ---> By.cssSelector: .contact-item_card__2SOIM
22381 [Test worker] INFO  manager.MyListener - 'The element with locator' -->By.cssSelector: .contact-item_card__2SOIM was found
22396 [Test worker] INFO  manager.MyListener - 'Start find' element ---> By.xpath: //button[text()='Remove']
22402 [Test worker] INFO  manager.MyListener - 'The element with locator' -->By.xpath: //button[text()='Remove'] was found
22921 [Test worker] INFO  manager.MyListener - 'Start find' element ---> By.cssSelector: .contact-item_card__2SOIM
22927 [Test worker] INFO  manager.MyListener - 'The element with locator' -->By.cssSelector: .contact-item_card__2SOIM was found
22928 [Test worker] INFO  manager.MyListener - 'Start find' element ---> By.cssSelector: .contact-item_card__2SOIM
22933 [Test worker] INFO  manager.MyListener - 'The element with locator' -->By.cssSelector: .contact-item_card__2SOIM was found
22948 [Test worker] INFO  manager.MyListener - 'Start find' element ---> By.xpath: //button[text()='Remove']
22953 [Test worker] INFO  manager.MyListener - 'The element with locator' -->By.xpath: //button[text()='Remove'] was found
23478 [Test worker] INFO  manager.MyListener - 'Start find' element ---> By.cssSelector: .contact-item_card__2SOIM
23485 [Test worker] INFO  manager.MyListener - 'The element with locator' -->By.cssSelector: .contact-item_card__2SOIM was found
23485 [Test worker] INFO  manager.MyListener - 'Start find' element ---> By.cssSelector: .contact-item_card__2SOIM
23490 [Test worker] INFO  manager.MyListener - 'The element with locator' -->By.cssSelector: .contact-item_card__2SOIM was found
23505 [Test worker] INFO  manager.MyListener - 'Start find' element ---> By.xpath: //button[text()='Remove']
23511 [Test worker] INFO  manager.MyListener - 'The element with locator' -->By.xpath: //button[text()='Remove'] was found
24038 [Test worker] INFO  manager.MyListener - 'Start find' element ---> By.cssSelector: .contact-item_card__2SOIM
24045 [Test worker] INFO  manager.MyListener - 'The element with locator' -->By.cssSelector: .contact-item_card__2SOIM was found
24046 [Test worker] INFO  manager.MyListener - 'Start find' element ---> By.cssSelector: .contact-item_card__2SOIM
24052 [Test worker] INFO  manager.MyListener - 'The element with locator' -->By.cssSelector: .contact-item_card__2SOIM was found
24067 [Test worker] INFO  manager.MyListener - 'Start find' element ---> By.xpath: //button[text()='Remove']
24073 [Test worker] INFO  manager.MyListener - 'The element with locator' -->By.xpath: //button[text()='Remove'] was found
24595 [Test worker] INFO  manager.MyListener - 'Start find' element ---> By.cssSelector: .contact-item_card__2SOIM
24601 [Test worker] INFO  manager.MyListener - 'The element with locator' -->By.cssSelector: .contact-item_card__2SOIM was found
24601 [Test worker] INFO  manager.MyListener - 'Start find' element ---> By.cssSelector: .contact-item_card__2SOIM
24606 [Test worker] INFO  manager.MyListener - 'The element with locator' -->By.cssSelector: .contact-item_card__2SOIM was found
24620 [Test worker] INFO  manager.MyListener - 'Start find' element ---> By.xpath: //button[text()='Remove']
24625 [Test worker] INFO  manager.MyListener - 'The element with locator' -->By.xpath: //button[text()='Remove'] was found
25146 [Test worker] INFO  manager.MyListener - 'Start find' element ---> By.cssSelector: .contact-item_card__2SOIM
25152 [Test worker] INFO  manager.MyListener - 'The element with locator' -->By.cssSelector: .contact-item_card__2SOIM was found
25153 [Test worker] INFO  manager.MyListener - 'Start find' element ---> By.cssSelector: .contact-item_card__2SOIM
25158 [Test worker] INFO  manager.MyListener - 'The element with locator' -->By.cssSelector: .contact-item_card__2SOIM was found
25173 [Test worker] INFO  manager.MyListener - 'Start find' element ---> By.xpath: //button[text()='Remove']
25179 [Test worker] INFO  manager.MyListener - 'The element with locator' -->By.xpath: //button[text()='Remove'] was found
25706 [Test worker] INFO  manager.MyListener - 'Start find' element ---> By.cssSelector: .contact-item_card__2SOIM
25712 [Test worker] INFO  manager.MyListener - 'The element with locator' -->By.cssSelector: .contact-item_card__2SOIM was found
25712 [Test worker] INFO  manager.MyListener - 'Start find' element ---> By.cssSelector: .contact-item_card__2SOIM
25717 [Test worker] INFO  manager.MyListener - 'The element with locator' -->By.cssSelector: .contact-item_card__2SOIM was found
25731 [Test worker] INFO  manager.MyListener - 'Start find' element ---> By.xpath: //button[text()='Remove']
25737 [Test worker] INFO  manager.MyListener - 'The element with locator' -->By.xpath: //button[text()='Remove'] was found
26262 [Test worker] INFO  manager.MyListener - 'Start find' element ---> By.cssSelector: .contact-item_card__2SOIM
26268 [Test worker] INFO  manager.MyListener - 'The element with locator' -->By.cssSelector: .contact-item_card__2SOIM was found
26269 [Test worker] INFO  manager.MyListener - 'Start find' element ---> By.cssSelector: .contact-item_card__2SOIM
26273 [Test worker] INFO  manager.MyListener - 'The element with locator' -->By.cssSelector: .contact-item_card__2SOIM was found
26291 [Test worker] INFO  manager.MyListener - 'Start find' element ---> By.xpath: //button[text()='Remove']
26297 [Test worker] INFO  manager.MyListener - 'The element with locator' -->By.xpath: //button[text()='Remove'] was found
26826 [Test worker] INFO  manager.MyListener - 'Start find' element ---> By.cssSelector: .contact-item_card__2SOIM
26832 [Test worker] INFO  manager.MyListener - 'The element with locator' -->By.cssSelector: .contact-item_card__2SOIM was found
26832 [Test worker] INFO  manager.MyListener - 'Start find' element ---> By.cssSelector: .contact-item_card__2SOIM
26837 [Test worker] INFO  manager.MyListener - 'The element with locator' -->By.cssSelector: .contact-item_card__2SOIM was found
26852 [Test worker] INFO  manager.MyListener - 'Start find' element ---> By.xpath: //button[text()='Remove']
26858 [Test worker] INFO  manager.MyListener - 'The element with locator' -->By.xpath: //button[text()='Remove'] was found
27389 [Test worker] INFO  manager.MyListener - 'Start find' element ---> By.cssSelector: .contact-item_card__2SOIM
27395 [Test worker] INFO  manager.MyListener - 'The element with locator' -->By.cssSelector: .contact-item_card__2SOIM was found
27395 [Test worker] INFO  manager.MyListener - 'Start find' element ---> By.cssSelector: .contact-item_card__2SOIM
27401 [Test worker] INFO  manager.MyListener - 'The element with locator' -->By.cssSelector: .contact-item_card__2SOIM was found
27417 [Test worker] INFO  manager.MyListener - 'Start find' element ---> By.xpath: //button[text()='Remove']
27423 [Test worker] INFO  manager.MyListener - 'The element with locator' -->By.xpath: //button[text()='Remove'] was found
27948 [Test worker] INFO  manager.MyListener - 'Start find' element ---> By.cssSelector: .contact-item_card__2SOIM
30007 [Test worker] INFO  manager.MyListener - 'The element with locator' -->By.cssSelector: .contact-item_card__2SOIM was found
30009 [Test worker] INFO  tests.TestBase - Start test --->removeOneContact
30009 [Test worker] INFO  manager.MyListener - 'Start find' element ---> By.xpath: //*[text()='Sign Out']
30018 [Test worker] INFO  manager.MyListener - 'The element with locator' -->By.xpath: //*[text()='Sign Out'] was found
30018 [Test worker] INFO  manager.MyListener - 'Start find' element ---> By.cssSelector: .navbar-logged_nav__2Hx7M a:nth-child(5)
30022 [Test worker] INFO  manager.MyListener - 'The element with locator' -->By.cssSelector: .navbar-logged_nav__2Hx7M a:nth-child(5) was found
30037 [Test worker] INFO  manager.MyListener - 'Start find' element ---> By.cssSelector: [placeholder='Name']
30051 [Test worker] INFO  manager.MyListener - 'The element with locator' -->By.cssSelector: [placeholder='Name'] was found
30102 [Test worker] INFO  manager.MyListener - 'Start find' element ---> By.cssSelector: [placeholder='Last Name']
30107 [Test worker] INFO  manager.MyListener - 'The element with locator' -->By.cssSelector: [placeholder='Last Name'] was found
30157 [Test worker] INFO  manager.MyListener - 'Start find' element ---> By.cssSelector: [placeholder='Phone']
30162 [Test worker] INFO  manager.MyListener - 'The element with locator' -->By.cssSelector: [placeholder='Phone'] was found
30215 [Test worker] INFO  manager.MyListener - 'Start find' element ---> By.cssSelector: [placeholder='email']
30221 [Test worker] INFO  manager.MyListener - 'The element with locator' -->By.cssSelector: [placeholder='email'] was found
30278 [Test worker] INFO  manager.MyListener - 'Start find' element ---> By.cssSelector: [placeholder='Address']
30286 [Test worker] INFO  manager.MyListener - 'The element with locator' -->By.cssSelector: [placeholder='Address'] was found
30338 [Test worker] INFO  manager.MyListener - 'Start find' element ---> By.cssSelector: [placeholder='description']
30343 [Test worker] INFO  manager.MyListener - 'The element with locator' -->By.cssSelector: [placeholder='description'] was found
30393 [Test worker] INFO  manager.MyListener - 'Start find' element ---> By.xpath: //*[text()='Save']
30398 [Test worker] INFO  manager.MyListener - 'The element with locator' -->By.xpath: //*[text()='Save'] was found
30417 [Test worker] INFO  manager.MyListener - 'Start find' element ---> By.cssSelector: h2
30738 [Test worker] INFO  manager.MyListener - 'The element with locator' -->By.cssSelector: h2 was found
30746 [Test worker] INFO  manager.MyListener - 'Start find' element ---> By.cssSelector: h3
30751 [Test worker] INFO  manager.MyListener - 'The element with locator' -->By.cssSelector: h3 was found
30758 [Test worker] INFO  manager.MyListener - 'Start find' element ---> By.cssSelector: .contact-item_card__2SOIM
30762 [Test worker] INFO  manager.MyListener - 'The element with locator' -->By.cssSelector: .contact-item_card__2SOIM was found
30762 [Test worker] INFO  manager.MyListener - 'Start find' element ---> By.cssSelector: .contact-item_card__2SOIM
30766 [Test worker] INFO  manager.MyListener - 'The element with locator' -->By.cssSelector: .contact-item_card__2SOIM was found
30766 [Test worker] INFO  manager.MyListener - 'Start find' element ---> By.cssSelector: .contact-item_card__2SOIM
30770 [Test worker] INFO  manager.MyListener - 'The element with locator' -->By.cssSelector: .contact-item_card__2SOIM was found
30791 [Test worker] INFO  manager.MyListener - 'Start find' element ---> By.xpath: //button[text()='Remove']
30796 [Test worker] INFO  manager.MyListener - 'The element with locator' -->By.xpath: //button[text()='Remove'] was found
31328 [Test worker] INFO  manager.MyListener - 'Start find' element ---> By.cssSelector: .contact-item_card__2SOIM
33388 [Test worker] INFO  manager.MyListener - 'The element with locator' -->By.cssSelector: .contact-item_card__2SOIM was found
33389 [Test worker] INFO  tests.TestBase - Start test --->registrationSuccess
33389 [Test worker] INFO  manager.MyListener - 'Start find' element ---> By.xpath: //*[text()='Sign Out']
33394 [Test worker] INFO  manager.MyListener - 'The element with locator' -->By.xpath: //*[text()='Sign Out'] was found
33395 [Test worker] INFO  manager.MyListener - 'Start find' element ---> By.xpath: //*[text()='Sign Out']
33402 [Test worker] INFO  manager.MyListener - 'The element with locator' -->By.xpath: //*[text()='Sign Out'] was found
33422 [Test worker] INFO  manager.MyListener - 'Start find' element ---> By.cssSelector: [href='/login']
33429 [Test worker] INFO  manager.MyListener - 'The element with locator' -->By.cssSelector: [href='/login'] was found
33448 [Test worker] INFO  manager.MyListener - 'Start find' element ---> By.xpath: //input[1]
33456 [Test worker] INFO  manager.MyListener - 'The element with locator' -->By.xpath: //input[1] was found
33511 [Test worker] INFO  manager.MyListener - 'Start find' element ---> By.xpath: //input[2]
33518 [Test worker] INFO  manager.MyListener - 'The element with locator' -->By.xpath: //input[2] was found
33571 [Test worker] INFO  manager.MyListener - 'Start find' element ---> By.xpath: //*[text()=' Registration']
33578 [Test worker] INFO  manager.MyListener - 'The element with locator' -->By.xpath: //*[text()=' Registration'] was found
33597 [Test worker] INFO  manager.MyListener - 'Start find' element ---> By.xpath: //*[text()='Sign Out']
33905 [Test worker] INFO  manager.MyListener - 'The element with locator' -->By.xpath: //*[text()='Sign Out'] was found
