4047 [Test worker] INFO  manager.ApplicationManager - test starts in chrome driver
5030 [Test worker] INFO  tests.TestBase - Start test --->addNewContactSuccsessDataProviderCSV
5031 [Test worker] INFO  manager.MyListener - 'Start find' element ---> By.xpath: //*[text()='Sign Out']
7104 [Test worker] INFO  manager.MyListener - 'The element with locator' -->By.xpath: //*[text()='Sign Out'] was found
7105 [Test worker] INFO  manager.MyListener - 'Start find' element ---> By.cssSelector: [href='/login']
7114 [Test worker] INFO  manager.MyListener - 'The element with locator' -->By.cssSelector: [href='/login'] was found
7147 [Test worker] INFO  manager.MyListener - 'Start find' element ---> By.xpath: //input[1]
7157 [Test worker] INFO  manager.MyListener - 'The element with locator' -->By.xpath: //input[1] was found
7223 [Test worker] INFO  manager.MyListener - 'Start find' element ---> By.xpath: //input[2]
7232 [Test worker] INFO  manager.MyListener - 'The element with locator' -->By.xpath: //input[2] was found
7295 [Test worker] INFO  manager.MyListener - 'Start find' element ---> By.xpath: //*[text()=' Login']
7305 [Test worker] INFO  manager.MyListener - 'The element with locator' -->By.xpath: //*[text()=' Login'] was found
7331 [Test worker] INFO  manager.MyListener - 'Start find' element ---> By.cssSelector: .navbar-logged_nav__2Hx7M a:nth-child(5)
8021 [Test worker] INFO  manager.MyListener - 'The element with locator' -->By.cssSelector: .navbar-logged_nav__2Hx7M a:nth-child(5) was found
8044 [Test worker] INFO  manager.MyListener - 'Start find' element ---> By.cssSelector: [placeholder='Name']
8055 [Test worker] INFO  manager.MyListener - 'The element with locator' -->By.cssSelector: [placeholder='Name'] was found
8111 [Test worker] INFO  manager.MyListener - 'Start find' element ---> By.cssSelector: [placeholder='Last Name']
8121 [Test worker] INFO  manager.MyListener - 'The element with locator' -->By.cssSelector: [placeholder='Last Name'] was found
8174 [Test worker] INFO  manager.MyListener - 'Start find' element ---> By.cssSelector: [placeholder='Phone']
8182 [Test worker] INFO  manager.MyListener - 'The element with locator' -->By.cssSelector: [placeholder='Phone'] was found
8238 [Test worker] INFO  manager.MyListener - 'Start find' element ---> By.cssSelector: [placeholder='email']
8246 [Test worker] INFO  manager.MyListener - 'The element with locator' -->By.cssSelector: [placeholder='email'] was found
8306 [Test worker] INFO  manager.MyListener - 'Start find' element ---> By.cssSelector: [placeholder='Address']
8316 [Test worker] INFO  manager.MyListener - 'The element with locator' -->By.cssSelector: [placeholder='Address'] was found
8372 [Test worker] INFO  manager.MyListener - 'Start find' element ---> By.cssSelector: [placeholder='description']
8381 [Test worker] INFO  manager.MyListener - 'The element with locator' -->By.cssSelector: [placeholder='description'] was found
8435 [Test worker] INFO  manager.MyListener - 'Start find' element ---> By.xpath: //*[text()='Save']
8444 [Test worker] INFO  manager.MyListener - 'The element with locator' -->By.xpath: //*[text()='Save'] was found
8464 [Test worker] INFO  manager.MyListener - 'Start find' element ---> By.cssSelector: h2
8789 [Test worker] INFO  manager.MyListener - 'The element with locator' -->By.cssSelector: h2 was found
8799 [Test worker] INFO  manager.MyListener - 'Start find' element ---> By.cssSelector: h3
8806 [Test worker] INFO  manager.MyListener - 'The element with locator' -->By.cssSelector: h3 was found
8816 [Test worker] INFO  tests.TestBase - Start test --->addNewContactSuccsessDataProviderCSV
8816 [Test worker] INFO  manager.MyListener - 'Start find' element ---> By.xpath: //*[text()='Sign Out']
8822 [Test worker] INFO  manager.MyListener - 'The element with locator' -->By.xpath: //*[text()='Sign Out'] was found
8823 [Test worker] INFO  manager.MyListener - 'Start find' element ---> By.cssSelector: .navbar-logged_nav__2Hx7M a:nth-child(5)
8828 [Test worker] INFO  manager.MyListener - 'The element with locator' -->By.cssSelector: .navbar-logged_nav__2Hx7M a:nth-child(5) was found
8846 [Test worker] INFO  manager.MyListener - 'Start find' element ---> By.cssSelector: [placeholder='Name']
8854 [Test worker] INFO  manager.MyListener - 'The element with locator' -->By.cssSelector: [placeholder='Name'] was found
8908 [Test worker] INFO  manager.MyListener - 'Start find' element ---> By.cssSelector: [placeholder='Last Name']
8914 [Test worker] INFO  manager.MyListener - 'The element with locator' -->By.cssSelector: [placeholder='Last Name'] was found
8965 [Test worker] INFO  manager.MyListener - 'Start find' element ---> By.cssSelector: [placeholder='Phone']
8972 [Test worker] INFO  manager.MyListener - 'The element with locator' -->By.cssSelector: [placeholder='Phone'] was found
9026 [Test worker] INFO  manager.MyListener - 'Start find' element ---> By.cssSelector: [placeholder='email']
9032 [Test worker] INFO  manager.MyListener - 'The element with locator' -->By.cssSelector: [placeholder='email'] was found
9087 [Test worker] INFO  manager.MyListener - 'Start find' element ---> By.cssSelector: [placeholder='Address']
9093 [Test worker] INFO  manager.MyListener - 'The element with locator' -->By.cssSelector: [placeholder='Address'] was found
9147 [Test worker] INFO  manager.MyListener - 'Start find' element ---> By.cssSelector: [placeholder='description']
9153 [Test worker] INFO  manager.MyListener - 'The element with locator' -->By.cssSelector: [placeholder='description'] was found
9205 [Test worker] INFO  manager.MyListener - 'Start find' element ---> By.xpath: //*[text()='Save']
9211 [Test worker] INFO  manager.MyListener - 'The element with locator' -->By.xpath: //*[text()='Save'] was found
9230 [Test worker] INFO  manager.MyListener - 'Start find' element ---> By.cssSelector: h2
9490 [Test worker] INFO  manager.MyListener - 'The element with locator' -->By.cssSelector: h2 was found
9505 [Test worker] INFO  manager.MyListener - 'Start find' element ---> By.cssSelector: h3
9511 [Test worker] INFO  manager.MyListener - 'The element with locator' -->By.cssSelector: h3 was found
9526 [Test worker] INFO  tests.TestBase - Start test --->addNewContactSuccsessDataProviderCSV
9526 [Test worker] INFO  manager.MyListener - 'Start find' element ---> By.xpath: //*[text()='Sign Out']
9531 [Test worker] INFO  manager.MyListener - 'The element with locator' -->By.xpath: //*[text()='Sign Out'] was found
9532 [Test worker] INFO  manager.MyListener - 'Start find' element ---> By.cssSelector: .navbar-logged_nav__2Hx7M a:nth-child(5)
9537 [Test worker] INFO  manager.MyListener - 'The element with locator' -->By.cssSelector: .navbar-logged_nav__2Hx7M a:nth-child(5) was found
9552 [Test worker] INFO  manager.MyListener - 'Start find' element ---> By.cssSelector: [placeholder='Name']
9558 [Test worker] INFO  manager.MyListener - 'The element with locator' -->By.cssSelector: [placeholder='Name'] was found
9612 [Test worker] INFO  manager.MyListener - 'Start find' element ---> By.cssSelector: [placeholder='Last Name']
9619 [Test worker] INFO  manager.MyListener - 'The element with locator' -->By.cssSelector: [placeholder='Last Name'] was found
9671 [Test worker] INFO  manager.MyListener - 'Start find' element ---> By.cssSelector: [placeholder='Phone']
9677 [Test worker] INFO  manager.MyListener - 'The element with locator' -->By.cssSelector: [placeholder='Phone'] was found
9730 [Test worker] INFO  manager.MyListener - 'Start find' element ---> By.cssSelector: [placeholder='email']
9736 [Test worker] INFO  manager.MyListener - 'The element with locator' -->By.cssSelector: [placeholder='email'] was found
9789 [Test worker] INFO  manager.MyListener - 'Start find' element ---> By.cssSelector: [placeholder='Address']
9795 [Test worker] INFO  manager.MyListener - 'The element with locator' -->By.cssSelector: [placeholder='Address'] was found
9847 [Test worker] INFO  manager.MyListener - 'Start find' element ---> By.cssSelector: [placeholder='description']
9853 [Test worker] INFO  manager.MyListener - 'The element with locator' -->By.cssSelector: [placeholder='description'] was found
9909 [Test worker] INFO  manager.MyListener - 'Start find' element ---> By.xpath: //*[text()='Save']
9914 [Test worker] INFO  manager.MyListener - 'The element with locator' -->By.xpath: //*[text()='Save'] was found
9933 [Test worker] INFO  manager.MyListener - 'Start find' element ---> By.cssSelector: h2
10186 [Test worker] INFO  manager.MyListener - 'The element with locator' -->By.cssSelector: h2 was found
10209 [Test worker] INFO  manager.MyListener - 'Start find' element ---> By.cssSelector: h3
10214 [Test worker] INFO  manager.MyListener - 'The element with locator' -->By.cssSelector: h3 was found
10234 [Test worker] INFO  tests.TestBase - Start test --->addNewContactSuccsessDataProviderCSV
10234 [Test worker] INFO  manager.MyListener - 'Start find' element ---> By.xpath: //*[text()='Sign Out']
10240 [Test worker] INFO  manager.MyListener - 'The element with locator' -->By.xpath: //*[text()='Sign Out'] was found
10240 [Test worker] INFO  manager.MyListener - 'Start find' element ---> By.cssSelector: .navbar-logged_nav__2Hx7M a:nth-child(5)
10245 [Test worker] INFO  manager.MyListener - 'The element with locator' -->By.cssSelector: .navbar-logged_nav__2Hx7M a:nth-child(5) was found
10260 [Test worker] INFO  manager.MyListener - 'Start find' element ---> By.cssSelector: [placeholder='Name']
10267 [Test worker] INFO  manager.MyListener - 'The element with locator' -->By.cssSelector: [placeholder='Name'] was found
10319 [Test worker] INFO  manager.MyListener - 'Start find' element ---> By.cssSelector: [placeholder='Last Name']
10325 [Test worker] INFO  manager.MyListener - 'The element with locator' -->By.cssSelector: [placeholder='Last Name'] was found
10376 [Test worker] INFO  manager.MyListener - 'Start find' element ---> By.cssSelector: [placeholder='Phone']
10381 [Test worker] INFO  manager.MyListener - 'The element with locator' -->By.cssSelector: [placeholder='Phone'] was found
10432 [Test worker] INFO  manager.MyListener - 'Start find' element ---> By.cssSelector: [placeholder='email']
10438 [Test worker] INFO  manager.MyListener - 'The element with locator' -->By.cssSelector: [placeholder='email'] was found
10492 [Test worker] INFO  manager.MyListener - 'Start find' element ---> By.cssSelector: [placeholder='Address']
10498 [Test worker] INFO  manager.MyListener - 'The element with locator' -->By.cssSelector: [placeholder='Address'] was found
10549 [Test worker] INFO  manager.MyListener - 'Start find' element ---> By.cssSelector: [placeholder='description']
10554 [Test worker] INFO  manager.MyListener - 'The element with locator' -->By.cssSelector: [placeholder='description'] was found
10606 [Test worker] INFO  manager.MyListener - 'Start find' element ---> By.xpath: //*[text()='Save']
10612 [Test worker] INFO  manager.MyListener - 'The element with locator' -->By.xpath: //*[text()='Save'] was found
10630 [Test worker] INFO  manager.MyListener - 'Start find' element ---> By.cssSelector: h2
10893 [Test worker] INFO  manager.MyListener - 'The element with locator' -->By.cssSelector: h2 was found
10920 [Test worker] INFO  manager.MyListener - 'Start find' element ---> By.cssSelector: h3
10926 [Test worker] INFO  manager.MyListener - 'The element with locator' -->By.cssSelector: h3 was found
10955 [Test worker] INFO  tests.TestBase - Start test --->fillContactPositive
10956 [Test worker] INFO  manager.MyListener - 'Start find' element ---> By.xpath: //*[text()='Sign Out']
10961 [Test worker] INFO  manager.MyListener - 'The element with locator' -->By.xpath: //*[text()='Sign Out'] was found
10964 [Test worker] INFO  manager.MyListener - 'Start find' element ---> By.cssSelector: .navbar-logged_nav__2Hx7M a:nth-child(5)
10969 [Test worker] INFO  manager.MyListener - 'The element with locator' -->By.cssSelector: .navbar-logged_nav__2Hx7M a:nth-child(5) was found
10984 [Test worker] INFO  manager.MyListener - 'Start find' element ---> By.cssSelector: [placeholder='Name']
10991 [Test worker] INFO  manager.MyListener - 'The element with locator' -->By.cssSelector: [placeholder='Name'] was found
11045 [Test worker] INFO  manager.MyListener - 'Start find' element ---> By.cssSelector: [placeholder='Last Name']
11050 [Test worker] INFO  manager.MyListener - 'The element with locator' -->By.cssSelector: [placeholder='Last Name'] was found
11104 [Test worker] INFO  manager.MyListener - 'Start find' element ---> By.cssSelector: [placeholder='Phone']
11110 [Test worker] INFO  manager.MyListener - 'The element with locator' -->By.cssSelector: [placeholder='Phone'] was found
11166 [Test worker] INFO  manager.MyListener - 'Start find' element ---> By.cssSelector: [placeholder='email']
11172 [Test worker] INFO  manager.MyListener - 'The element with locator' -->By.cssSelector: [placeholder='email'] was found
11228 [Test worker] INFO  manager.MyListener - 'Start find' element ---> By.cssSelector: [placeholder='Address']
11234 [Test worker] INFO  manager.MyListener - 'The element with locator' -->By.cssSelector: [placeholder='Address'] was found
11283 [Test worker] INFO  manager.MyListener - 'Start find' element ---> By.cssSelector: [placeholder='description']
11289 [Test worker] INFO  manager.MyListener - 'The element with locator' -->By.cssSelector: [placeholder='description'] was found
11339 [Test worker] INFO  manager.MyListener - 'Start find' element ---> By.xpath: //*[text()='Save']
11345 [Test worker] INFO  manager.MyListener - 'The element with locator' -->By.xpath: //*[text()='Save'] was found
11365 [Test worker] INFO  manager.MyListener - 'Start find' element ---> By.cssSelector: h2
11615 [Test worker] INFO  manager.MyListener - 'The element with locator' -->By.cssSelector: h2 was found
11652 [Test worker] INFO  manager.MyListener - 'Start find' element ---> By.cssSelector: h3
11657 [Test worker] INFO  manager.MyListener - 'The element with locator' -->By.cssSelector: h3 was found
11692 [Test worker] INFO  tests.TestBase - Start test --->loginModelDataPrividerCSV
11692 [Test worker] INFO  manager.MyListener - 'Start find' element ---> By.xpath: //*[text()='Sign Out']
11698 [Test worker] INFO  manager.MyListener - 'The element with locator' -->By.xpath: //*[text()='Sign Out'] was found
11698 [Test worker] INFO  manager.MyListener - 'Start find' element ---> By.xpath: //*[text()='Sign Out']
11705 [Test worker] INFO  manager.MyListener - 'The element with locator' -->By.xpath: //*[text()='Sign Out'] was found
11727 [Test worker] INFO  tests.TestBase - Tests start with email : bobik@gmail.comand password : Bobik12345$
11727 [Test worker] INFO  manager.MyListener - 'Start find' element ---> By.cssSelector: [href='/login']
11735 [Test worker] INFO  manager.MyListener - 'The element with locator' -->By.cssSelector: [href='/login'] was found
11756 [Test worker] INFO  manager.MyListener - 'Start find' element ---> By.xpath: //input[1]
11764 [Test worker] INFO  manager.MyListener - 'The element with locator' -->By.xpath: //input[1] was found
11819 [Test worker] INFO  manager.MyListener - 'Start find' element ---> By.xpath: //input[2]
11826 [Test worker] INFO  manager.MyListener - 'The element with locator' -->By.xpath: //input[2] was found
11882 [Test worker] INFO  manager.MyListener - 'Start find' element ---> By.xpath: //*[text()=' Login']
11890 [Test worker] INFO  manager.MyListener - 'The element with locator' -->By.xpath: //*[text()=' Login'] was found
11910 [Test worker] INFO  manager.MyListener - 'Start find' element ---> By.xpath: //*[text()='Sign Out']
12038 [Test worker] INFO  manager.MyListener - 'The element with locator' -->By.xpath: //*[text()='Sign Out'] was found
12039 [Test worker] INFO  tests.TestBase - test passed
12039 [Test worker] INFO  tests.TestBase - Start test --->loginModelDataPrividerCSV
12040 [Test worker] INFO  manager.MyListener - 'Start find' element ---> By.xpath: //*[text()='Sign Out']
12045 [Test worker] INFO  manager.MyListener - 'The element with locator' -->By.xpath: //*[text()='Sign Out'] was found
12045 [Test worker] INFO  manager.MyListener - 'Start find' element ---> By.xpath: //*[text()='Sign Out']
12050 [Test worker] INFO  manager.MyListener - 'The element with locator' -->By.xpath: //*[text()='Sign Out'] was found
12071 [Test worker] INFO  tests.TestBase - Tests start with email : bobik@gmail.comand password : Bobik12345$
12071 [Test worker] INFO  manager.MyListener - 'Start find' element ---> By.cssSelector: [href='/login']
12077 [Test worker] INFO  manager.MyListener - 'The element with locator' -->By.cssSelector: [href='/login'] was found
12100 [Test worker] INFO  manager.MyListener - 'Start find' element ---> By.xpath: //input[1]
12106 [Test worker] INFO  manager.MyListener - 'The element with locator' -->By.xpath: //input[1] was found
12160 [Test worker] INFO  manager.MyListener - 'Start find' element ---> By.xpath: //input[2]
12166 [Test worker] INFO  manager.MyListener - 'The element with locator' -->By.xpath: //input[2] was found
12220 [Test worker] INFO  manager.MyListener - 'Start find' element ---> By.xpath: //*[text()=' Login']
12226 [Test worker] INFO  manager.MyListener - 'The element with locator' -->By.xpath: //*[text()=' Login'] was found
12245 [Test worker] INFO  manager.MyListener - 'Start find' element ---> By.xpath: //*[text()='Sign Out']
12382 [Test worker] INFO  manager.MyListener - 'The element with locator' -->By.xpath: //*[text()='Sign Out'] was found
12382 [Test worker] INFO  tests.TestBase - test passed
12383 [Test worker] INFO  tests.TestBase - Start test --->loginModelDataPrividerCSV
12384 [Test worker] INFO  manager.MyListener - 'Start find' element ---> By.xpath: //*[text()='Sign Out']
12389 [Test worker] INFO  manager.MyListener - 'The element with locator' -->By.xpath: //*[text()='Sign Out'] was found
12390 [Test worker] INFO  manager.MyListener - 'Start find' element ---> By.xpath: //*[text()='Sign Out']
12395 [Test worker] INFO  manager.MyListener - 'The element with locator' -->By.xpath: //*[text()='Sign Out'] was found
12416 [Test worker] INFO  tests.TestBase - Tests start with email : bobik@gmail.comand password : Bobik12345$
12416 [Test worker] INFO  manager.MyListener - 'Start find' element ---> By.cssSelector: [href='/login']
12421 [Test worker] INFO  manager.MyListener - 'The element with locator' -->By.cssSelector: [href='/login'] was found
12441 [Test worker] INFO  manager.MyListener - 'Start find' element ---> By.xpath: //input[1]
12447 [Test worker] INFO  manager.MyListener - 'The element with locator' -->By.xpath: //input[1] was found
12503 [Test worker] INFO  manager.MyListener - 'Start find' element ---> By.xpath: //input[2]
12508 [Test worker] INFO  manager.MyListener - 'The element with locator' -->By.xpath: //input[2] was found
12562 [Test worker] INFO  manager.MyListener - 'Start find' element ---> By.xpath: //*[text()=' Login']
12568 [Test worker] INFO  manager.MyListener - 'The element with locator' -->By.xpath: //*[text()=' Login'] was found
12587 [Test worker] INFO  manager.MyListener - 'Start find' element ---> By.xpath: //*[text()='Sign Out']
12712 [Test worker] INFO  manager.MyListener - 'The element with locator' -->By.xpath: //*[text()='Sign Out'] was found
12712 [Test worker] INFO  tests.TestBase - test passed
12713 [Test worker] INFO  tests.TestBase - Start test --->loginModelDataPrividerCSV
12713 [Test worker] INFO  manager.MyListener - 'Start find' element ---> By.xpath: //*[text()='Sign Out']
12719 [Test worker] INFO  manager.MyListener - 'The element with locator' -->By.xpath: //*[text()='Sign Out'] was found
12719 [Test worker] INFO  manager.MyListener - 'Start find' element ---> By.xpath: //*[text()='Sign Out']
12725 [Test worker] INFO  manager.MyListener - 'The element with locator' -->By.xpath: //*[text()='Sign Out'] was found
12746 [Test worker] INFO  tests.TestBase - Tests start with email : bobik@gmail.comand password : Bobik12345$
12746 [Test worker] INFO  manager.MyListener - 'Start find' element ---> By.cssSelector: [href='/login']
12753 [Test worker] INFO  manager.MyListener - 'The element with locator' -->By.cssSelector: [href='/login'] was found
12775 [Test worker] INFO  manager.MyListener - 'Start find' element ---> By.xpath: //input[1]
12793 [Test worker] INFO  manager.MyListener - 'The element with locator' -->By.xpath: //input[1] was found
12850 [Test worker] INFO  manager.MyListener - 'Start find' element ---> By.xpath: //input[2]
12855 [Test worker] INFO  manager.MyListener - 'The element with locator' -->By.xpath: //input[2] was found
12911 [Test worker] INFO  manager.MyListener - 'Start find' element ---> By.xpath: //*[text()=' Login']
12920 [Test worker] INFO  manager.MyListener - 'The element with locator' -->By.xpath: //*[text()=' Login'] was found
12939 [Test worker] INFO  manager.MyListener - 'Start find' element ---> By.xpath: //*[text()='Sign Out']
13132 [Test worker] INFO  manager.MyListener - 'The element with locator' -->By.xpath: //*[text()='Sign Out'] was found
13132 [Test worker] INFO  tests.TestBase - test passed
13133 [Test worker] INFO  tests.TestBase - Start test --->loginNegativePass
13133 [Test worker] INFO  manager.MyListener - 'Start find' element ---> By.xpath: //*[text()='Sign Out']
13139 [Test worker] INFO  manager.MyListener - 'The element with locator' -->By.xpath: //*[text()='Sign Out'] was found
13139 [Test worker] INFO  manager.MyListener - 'Start find' element ---> By.xpath: //*[text()='Sign Out']
13144 [Test worker] INFO  manager.MyListener - 'The element with locator' -->By.xpath: //*[text()='Sign Out'] was found
13165 [Test worker] INFO  manager.MyListener - 'Start find' element ---> By.cssSelector: [href='/login']
13172 [Test worker] INFO  manager.MyListener - 'The element with locator' -->By.cssSelector: [href='/login'] was found
13191 [Test worker] INFO  manager.MyListener - 'Start find' element ---> By.xpath: //input[1]
13198 [Test worker] INFO  manager.MyListener - 'The element with locator' -->By.xpath: //input[1] was found
13251 [Test worker] INFO  manager.MyListener - 'Start find' element ---> By.xpath: //input[2]
13258 [Test worker] INFO  manager.MyListener - 'The element with locator' -->By.xpath: //input[2] was found
13309 [Test worker] INFO  manager.MyListener - 'Start find' element ---> By.xpath: //*[text()=' Login']
13314 [Test worker] INFO  manager.MyListener - 'The element with locator' -->By.xpath: //*[text()=' Login'] was found
13333 [Test worker] INFO  manager.MyListener - 'Start find' element ---> By.xpath: //*[text()='Sign Out']
13461 [Test worker] INFO  manager.MyListener - 'The element with locator' -->By.xpath: //*[text()='Sign Out'] was found
13475 [Test worker] INFO  tests.TestBase - Start test --->loginSuccessModel
13476 [Test worker] INFO  manager.MyListener - 'Start find' element ---> By.xpath: //*[text()='Sign Out']
15539 [Test worker] INFO  manager.MyListener - 'The element with locator' -->By.xpath: //*[text()='Sign Out'] was found
15539 [Test worker] INFO  manager.MyListener - 'Start find' element ---> By.cssSelector: [href='/login']
15545 [Test worker] INFO  manager.MyListener - 'The element with locator' -->By.cssSelector: [href='/login'] was found
15560 [Test worker] INFO  manager.MyListener - 'Start find' element ---> By.xpath: //input[1]
15567 [Test worker] INFO  manager.MyListener - 'The element with locator' -->By.xpath: //input[1] was found
15636 [Test worker] INFO  manager.MyListener - 'Start find' element ---> By.xpath: //input[2]
15642 [Test worker] INFO  manager.MyListener - 'The element with locator' -->By.xpath: //input[2] was found
15704 [Test worker] INFO  manager.MyListener - 'Start find' element ---> By.xpath: //*[text()=' Login']
15710 [Test worker] INFO  manager.MyListener - 'The element with locator' -->By.xpath: //*[text()=' Login'] was found
15729 [Test worker] INFO  manager.MyListener - 'Start find' element ---> By.xpath: //*[text()='Sign Out']
15865 [Test worker] INFO  manager.MyListener - 'The element with locator' -->By.xpath: //*[text()='Sign Out'] was found
15867 [Test worker] INFO  tests.TestBase - Start test --->loginSuccessNew
15868 [Test worker] INFO  manager.MyListener - 'Start find' element ---> By.xpath: //*[text()='Sign Out']
15873 [Test worker] INFO  manager.MyListener - 'The element with locator' -->By.xpath: //*[text()='Sign Out'] was found
15874 [Test worker] INFO  manager.MyListener - 'Start find' element ---> By.xpath: //*[text()='Sign Out']
15883 [Test worker] INFO  manager.MyListener - 'The element with locator' -->By.xpath: //*[text()='Sign Out'] was found
15910 [Test worker] INFO  tests.TestBase - test starts with email:bobik@gmail.com password:Bobik12345$
15910 [Test worker] INFO  manager.MyListener - 'Start find' element ---> By.cssSelector: [href='/login']
15916 [Test worker] INFO  manager.MyListener - 'The element with locator' -->By.cssSelector: [href='/login'] was found
15936 [Test worker] INFO  manager.MyListener - 'Start find' element ---> By.xpath: //input[1]
15942 [Test worker] INFO  manager.MyListener - 'The element with locator' -->By.xpath: //input[1] was found
15996 [Test worker] INFO  manager.MyListener - 'Start find' element ---> By.xpath: //input[2]
16002 [Test worker] INFO  manager.MyListener - 'The element with locator' -->By.xpath: //input[2] was found
16055 [Test worker] INFO  manager.MyListener - 'Start find' element ---> By.xpath: //*[text()=' Login']
16061 [Test worker] INFO  manager.MyListener - 'The element with locator' -->By.xpath: //*[text()=' Login'] was found
16084 [Test worker] INFO  manager.MyListener - 'Start find' element ---> By.xpath: //*[text()='Sign Out']
16218 [Test worker] INFO  manager.MyListener - 'The element with locator' -->By.xpath: //*[text()='Sign Out'] was found
16219 [Test worker] INFO  tests.TestBase - Start test --->loginSuccessNew
16219 [Test worker] INFO  manager.MyListener - 'Start find' element ---> By.xpath: //*[text()='Sign Out']
16224 [Test worker] INFO  manager.MyListener - 'The element with locator' -->By.xpath: //*[text()='Sign Out'] was found
16224 [Test worker] INFO  manager.MyListener - 'Start find' element ---> By.xpath: //*[text()='Sign Out']
16229 [Test worker] INFO  manager.MyListener - 'The element with locator' -->By.xpath: //*[text()='Sign Out'] was found
16250 [Test worker] INFO  tests.TestBase - test starts with email:bobik@gmail.com password:Bobik12345$
16250 [Test worker] INFO  manager.MyListener - 'Start find' element ---> By.cssSelector: [href='/login']
16256 [Test worker] INFO  manager.MyListener - 'The element with locator' -->By.cssSelector: [href='/login'] was found
16276 [Test worker] INFO  manager.MyListener - 'Start find' element ---> By.xpath: //input[1]
16283 [Test worker] INFO  manager.MyListener - 'The element with locator' -->By.xpath: //input[1] was found
16339 [Test worker] INFO  manager.MyListener - 'Start find' element ---> By.xpath: //input[2]
16344 [Test worker] INFO  manager.MyListener - 'The element with locator' -->By.xpath: //input[2] was found
16397 [Test worker] INFO  manager.MyListener - 'Start find' element ---> By.xpath: //*[text()=' Login']
16403 [Test worker] INFO  manager.MyListener - 'The element with locator' -->By.xpath: //*[text()=' Login'] was found
16421 [Test worker] INFO  manager.MyListener - 'Start find' element ---> By.xpath: //*[text()='Sign Out']
16546 [Test worker] INFO  manager.MyListener - 'The element with locator' -->By.xpath: //*[text()='Sign Out'] was found
16547 [Test worker] INFO  tests.TestBase - Start test --->loginSuccessNew
16548 [Test worker] INFO  manager.MyListener - 'Start find' element ---> By.xpath: //*[text()='Sign Out']
16553 [Test worker] INFO  manager.MyListener - 'The element with locator' -->By.xpath: //*[text()='Sign Out'] was found
16553 [Test worker] INFO  manager.MyListener - 'Start find' element ---> By.xpath: //*[text()='Sign Out']
16558 [Test worker] INFO  manager.MyListener - 'The element with locator' -->By.xpath: //*[text()='Sign Out'] was found
16580 [Test worker] INFO  tests.TestBase - test starts with email:bobik@gmail.com password:Bobik12345$
16580 [Test worker] INFO  manager.MyListener - 'Start find' element ---> By.cssSelector: [href='/login']
16586 [Test worker] INFO  manager.MyListener - 'The element with locator' -->By.cssSelector: [href='/login'] was found
16606 [Test worker] INFO  manager.MyListener - 'Start find' element ---> By.xpath: //input[1]
16612 [Test worker] INFO  manager.MyListener - 'The element with locator' -->By.xpath: //input[1] was found
16668 [Test worker] INFO  manager.MyListener - 'Start find' element ---> By.xpath: //input[2]
16673 [Test worker] INFO  manager.MyListener - 'The element with locator' -->By.xpath: //input[2] was found
16727 [Test worker] INFO  manager.MyListener - 'Start find' element ---> By.xpath: //*[text()=' Login']
16732 [Test worker] INFO  manager.MyListener - 'The element with locator' -->By.xpath: //*[text()=' Login'] was found
16752 [Test worker] INFO  manager.MyListener - 'Start find' element ---> By.xpath: //*[text()='Sign Out']
16875 [Test worker] INFO  manager.MyListener - 'The element with locator' -->By.xpath: //*[text()='Sign Out'] was found
16876 [Test worker] INFO  tests.TestBase - Start test --->loginSuccessNew
16876 [Test worker] INFO  manager.MyListener - 'Start find' element ---> By.xpath: //*[text()='Sign Out']
16882 [Test worker] INFO  manager.MyListener - 'The element with locator' -->By.xpath: //*[text()='Sign Out'] was found
16882 [Test worker] INFO  manager.MyListener - 'Start find' element ---> By.xpath: //*[text()='Sign Out']
16887 [Test worker] INFO  manager.MyListener - 'The element with locator' -->By.xpath: //*[text()='Sign Out'] was found
16908 [Test worker] INFO  tests.TestBase - test starts with email:bobik@gmail.com password:Bobik12345$
16908 [Test worker] INFO  manager.MyListener - 'Start find' element ---> By.cssSelector: [href='/login']
16914 [Test worker] INFO  manager.MyListener - 'The element with locator' -->By.cssSelector: [href='/login'] was found
16934 [Test worker] INFO  manager.MyListener - 'Start find' element ---> By.xpath: //input[1]
16939 [Test worker] INFO  manager.MyListener - 'The element with locator' -->By.xpath: //input[1] was found
16996 [Test worker] INFO  manager.MyListener - 'Start find' element ---> By.xpath: //input[2]
17002 [Test worker] INFO  manager.MyListener - 'The element with locator' -->By.xpath: //input[2] was found
17063 [Test worker] INFO  manager.MyListener - 'Start find' element ---> By.xpath: //*[text()=' Login']
17068 [Test worker] INFO  manager.MyListener - 'The element with locator' -->By.xpath: //*[text()=' Login'] was found
17088 [Test worker] INFO  manager.MyListener - 'Start find' element ---> By.xpath: //*[text()='Sign Out']
17276 [Test worker] INFO  manager.MyListener - 'The element with locator' -->By.xpath: //*[text()='Sign Out'] was found
17278 [Test worker] INFO  tests.TestBase - Start test --->removeAllContacts
17279 [Test worker] INFO  manager.MyListener - 'Start find' element ---> By.xpath: //*[text()='Sign Out']
17285 [Test worker] INFO  manager.MyListener - 'The element with locator' -->By.xpath: //*[text()='Sign Out'] was found
17285 [Test worker] INFO  manager.MyListener - 'Start find' element ---> By.cssSelector: .navbar-logged_nav__2Hx7M a:nth-child(5)
17292 [Test worker] INFO  manager.MyListener - 'The element with locator' -->By.cssSelector: .navbar-logged_nav__2Hx7M a:nth-child(5) was found
17314 [Test worker] INFO  manager.MyListener - 'Start find' element ---> By.cssSelector: [placeholder='Name']
17322 [Test worker] INFO  manager.MyListener - 'The element with locator' -->By.cssSelector: [placeholder='Name'] was found
17375 [Test worker] INFO  manager.MyListener - 'Start find' element ---> By.cssSelector: [placeholder='Last Name']
17383 [Test worker] INFO  manager.MyListener - 'The element with locator' -->By.cssSelector: [placeholder='Last Name'] was found
17431 [Test worker] INFO  manager.MyListener - 'Start find' element ---> By.cssSelector: [placeholder='Phone']
17439 [Test worker] INFO  manager.MyListener - 'The element with locator' -->By.cssSelector: [placeholder='Phone'] was found
17492 [Test worker] INFO  manager.MyListener - 'Start find' element ---> By.cssSelector: [placeholder='email']
17497 [Test worker] INFO  manager.MyListener - 'The element with locator' -->By.cssSelector: [placeholder='email'] was found
17556 [Test worker] INFO  manager.MyListener - 'Start find' element ---> By.cssSelector: [placeholder='Address']
17563 [Test worker] INFO  manager.MyListener - 'The element with locator' -->By.cssSelector: [placeholder='Address'] was found
17616 [Test worker] INFO  manager.MyListener - 'Start find' element ---> By.cssSelector: [placeholder='description']
17621 [Test worker] INFO  manager.MyListener - 'The element with locator' -->By.cssSelector: [placeholder='description'] was found
17672 [Test worker] INFO  manager.MyListener - 'Start find' element ---> By.xpath: //*[text()='Save']
17677 [Test worker] INFO  manager.MyListener - 'The element with locator' -->By.xpath: //*[text()='Save'] was found
17696 [Test worker] INFO  manager.MyListener - 'Start find' element ---> By.cssSelector: h2
17953 [Test worker] INFO  manager.MyListener - 'The element with locator' -->By.cssSelector: h2 was found
17990 [Test worker] INFO  manager.MyListener - 'Start find' element ---> By.cssSelector: h3
17995 [Test worker] INFO  manager.MyListener - 'The element with locator' -->By.cssSelector: h3 was found
18036 [Test worker] INFO  manager.MyListener - 'Start find' element ---> By.cssSelector: .navbar-logged_nav__2Hx7M a:nth-child(5)
18040 [Test worker] INFO  manager.MyListener - 'The element with locator' -->By.cssSelector: .navbar-logged_nav__2Hx7M a:nth-child(5) was found
18055 [Test worker] INFO  manager.MyListener - 'Start find' element ---> By.cssSelector: [placeholder='Name']
18061 [Test worker] INFO  manager.MyListener - 'The element with locator' -->By.cssSelector: [placeholder='Name'] was found
18114 [Test worker] INFO  manager.MyListener - 'Start find' element ---> By.cssSelector: [placeholder='Last Name']
18119 [Test worker] INFO  manager.MyListener - 'The element with locator' -->By.cssSelector: [placeholder='Last Name'] was found
18171 [Test worker] INFO  manager.MyListener - 'Start find' element ---> By.cssSelector: [placeholder='Phone']
18176 [Test worker] INFO  manager.MyListener - 'The element with locator' -->By.cssSelector: [placeholder='Phone'] was found
18229 [Test worker] INFO  manager.MyListener - 'Start find' element ---> By.cssSelector: [placeholder='email']
18234 [Test worker] INFO  manager.MyListener - 'The element with locator' -->By.cssSelector: [placeholder='email'] was found
18292 [Test worker] INFO  manager.MyListener - 'Start find' element ---> By.cssSelector: [placeholder='Address']
18298 [Test worker] INFO  manager.MyListener - 'The element with locator' -->By.cssSelector: [placeholder='Address'] was found
18349 [Test worker] INFO  manager.MyListener - 'Start find' element ---> By.cssSelector: [placeholder='description']
18354 [Test worker] INFO  manager.MyListener - 'The element with locator' -->By.cssSelector: [placeholder='description'] was found
18410 [Test worker] INFO  manager.MyListener - 'Start find' element ---> By.xpath: //*[text()='Save']
18415 [Test worker] INFO  manager.MyListener - 'The element with locator' -->By.xpath: //*[text()='Save'] was found
18436 [Test worker] INFO  manager.MyListener - 'Start find' element ---> By.cssSelector: h2
20486 [Test worker] INFO  manager.MyListener - 'The element with locator' -->By.cssSelector: h2 was found
20488 [Test worker] INFO  tests.TestBase - Start test --->removeOneContact
20488 [Test worker] INFO  manager.MyListener - 'Start find' element ---> By.xpath: //*[text()='Sign Out']
20493 [Test worker] INFO  manager.MyListener - 'The element with locator' -->By.xpath: //*[text()='Sign Out'] was found
20493 [Test worker] INFO  manager.MyListener - 'Start find' element ---> By.cssSelector: .navbar-logged_nav__2Hx7M a:nth-child(5)
20498 [Test worker] INFO  manager.MyListener - 'The element with locator' -->By.cssSelector: .navbar-logged_nav__2Hx7M a:nth-child(5) was found
20516 [Test worker] INFO  manager.MyListener - 'Start find' element ---> By.cssSelector: [placeholder='Name']
20522 [Test worker] INFO  manager.MyListener - 'The element with locator' -->By.cssSelector: [placeholder='Name'] was found
20573 [Test worker] INFO  manager.MyListener - 'Start find' element ---> By.cssSelector: [placeholder='Last Name']
20579 [Test worker] INFO  manager.MyListener - 'The element with locator' -->By.cssSelector: [placeholder='Last Name'] was found
20630 [Test worker] INFO  manager.MyListener - 'Start find' element ---> By.cssSelector: [placeholder='Phone']
20636 [Test worker] INFO  manager.MyListener - 'The element with locator' -->By.cssSelector: [placeholder='Phone'] was found
20687 [Test worker] INFO  manager.MyListener - 'Start find' element ---> By.cssSelector: [placeholder='email']
20692 [Test worker] INFO  manager.MyListener - 'The element with locator' -->By.cssSelector: [placeholder='email'] was found
20745 [Test worker] INFO  manager.MyListener - 'Start find' element ---> By.cssSelector: [placeholder='Address']
20751 [Test worker] INFO  manager.MyListener - 'The element with locator' -->By.cssSelector: [placeholder='Address'] was found
20801 [Test worker] INFO  manager.MyListener - 'Start find' element ---> By.cssSelector: [placeholder='description']
20807 [Test worker] INFO  manager.MyListener - 'The element with locator' -->By.cssSelector: [placeholder='description'] was found
20865 [Test worker] INFO  manager.MyListener - 'Start find' element ---> By.xpath: //*[text()='Save']
20871 [Test worker] INFO  manager.MyListener - 'The element with locator' -->By.xpath: //*[text()='Save'] was found
20887 [Test worker] INFO  manager.MyListener - 'Start find' element ---> By.cssSelector: h2
21142 [Test worker] INFO  manager.MyListener - 'The element with locator' -->By.cssSelector: h2 was found
21176 [Test worker] INFO  manager.MyListener - 'Start find' element ---> By.cssSelector: h3
21181 [Test worker] INFO  manager.MyListener - 'The element with locator' -->By.cssSelector: h3 was found
21227 [Test worker] INFO  manager.MyListener - 'Start find' element ---> By.cssSelector: .contact-item_card__2SOIM
21234 [Test worker] INFO  manager.MyListener - 'The element with locator' -->By.cssSelector: .contact-item_card__2SOIM was found
21234 [Test worker] INFO  manager.MyListener - 'Start find' element ---> By.cssSelector: .contact-item_card__2SOIM
21239 [Test worker] INFO  manager.MyListener - 'The element with locator' -->By.cssSelector: .contact-item_card__2SOIM was found
21239 [Test worker] INFO  manager.MyListener - 'Start find' element ---> By.cssSelector: .contact-item_card__2SOIM
21246 [Test worker] INFO  manager.MyListener - 'The element with locator' -->By.cssSelector: .contact-item_card__2SOIM was found
21267 [Test worker] INFO  manager.MyListener - 'Start find' element ---> By.xpath: //button[text()='Remove']
21275 [Test worker] INFO  manager.MyListener - 'The element with locator' -->By.xpath: //button[text()='Remove'] was found
21795 [Test worker] INFO  manager.MyListener - 'Start find' element ---> By.cssSelector: .contact-item_card__2SOIM
21801 [Test worker] INFO  manager.MyListener - 'The element with locator' -->By.cssSelector: .contact-item_card__2SOIM was found
21802 [Test worker] INFO  tests.TestBase - Start test --->registrationSuccess
21803 [Test worker] INFO  manager.MyListener - 'Start find' element ---> By.xpath: //*[text()='Sign Out']
21808 [Test worker] INFO  manager.MyListener - 'The element with locator' -->By.xpath: //*[text()='Sign Out'] was found
21808 [Test worker] INFO  manager.MyListener - 'Start find' element ---> By.xpath: //*[text()='Sign Out']
21813 [Test worker] INFO  manager.MyListener - 'The element with locator' -->By.xpath: //*[text()='Sign Out'] was found
21834 [Test worker] INFO  manager.MyListener - 'Start find' element ---> By.cssSelector: [href='/login']
21839 [Test worker] INFO  manager.MyListener - 'The element with locator' -->By.cssSelector: [href='/login'] was found
21860 [Test worker] INFO  manager.MyListener - 'Start find' element ---> By.xpath: //input[1]
21866 [Test worker] INFO  manager.MyListener - 'The element with locator' -->By.xpath: //input[1] was found
21920 [Test worker] INFO  manager.MyListener - 'Start find' element ---> By.xpath: //input[2]
21926 [Test worker] INFO  manager.MyListener - 'The element with locator' -->By.xpath: //input[2] was found
21979 [Test worker] INFO  manager.MyListener - 'Start find' element ---> By.xpath: //*[text()=' Registration']
21987 [Test worker] INFO  manager.MyListener - 'The element with locator' -->By.xpath: //*[text()=' Registration'] was found
22007 [Test worker] INFO  manager.MyListener - 'Start find' element ---> By.xpath: //*[text()='Sign Out']
22253 [Test worker] INFO  manager.MyListener - 'The element with locator' -->By.xpath: //*[text()='Sign Out'] was found
