1133 [Test worker] INFO  manager.ApplicationManager - test starts in chrome driver
2048 [Test worker] INFO  tests.TestBase - Start test --->loginModelDataPrividerCSV
2051 [Test worker] INFO  manager.MyListener - 'Start find' element ---> By.xpath: //*[text()='Sign Out']
4063 [Test worker] INFO  manager.MyListener - 'The element with locator' -->By.xpath: //*[text()='Sign Out'] was found
4065 [Test worker] INFO  tests.TestBase - Tests start with email : bobik@gmail.comand password : Bobik12345$
4065 [Test worker] INFO  manager.MyListener - 'Start find' element ---> By.cssSelector: [href='/login']
4084 [Test worker] INFO  manager.MyListener - 'The element with locator' -->By.cssSelector: [href='/login'] was found
4128 [Test worker] INFO  manager.MyListener - 'Start find' element ---> By.xpath: //input[1]
4137 [Test worker] INFO  manager.MyListener - 'The element with locator' -->By.xpath: //input[1] was found
4204 [Test worker] INFO  manager.MyListener - 'Start find' element ---> By.xpath: //input[2]
4213 [Test worker] INFO  manager.MyListener - 'The element with locator' -->By.xpath: //input[2] was found
4277 [Test worker] INFO  manager.MyListener - 'Start find' element ---> By.xpath: //*[text()=' Login']
4286 [Test worker] INFO  manager.MyListener - 'The element with locator' -->By.xpath: //*[text()=' Login'] was found
4307 [Test worker] INFO  manager.MyListener - 'Start find' element ---> By.xpath: //*[text()='Sign Out']
4945 [Test worker] INFO  manager.MyListener - 'The element with locator' -->By.xpath: //*[text()='Sign Out'] was found
4946 [Test worker] INFO  tests.TestBase - test passed
4948 [Test worker] INFO  tests.TestBase - Start test --->loginModelDataPrividerCSV
4949 [Test worker] INFO  manager.MyListener - 'Start find' element ---> By.xpath: //*[text()='Sign Out']
4955 [Test worker] INFO  manager.MyListener - 'The element with locator' -->By.xpath: //*[text()='Sign Out'] was found
4955 [Test worker] INFO  manager.MyListener - 'Start find' element ---> By.xpath: //*[text()='Sign Out']
4963 [Test worker] INFO  manager.MyListener - 'The element with locator' -->By.xpath: //*[text()='Sign Out'] was found
4985 [Test worker] INFO  tests.TestBase - Tests start with email : bobik@gmail.comand password : Bobik12345$
4986 [Test worker] INFO  manager.MyListener - 'Start find' element ---> By.cssSelector: [href='/login']
4992 [Test worker] INFO  manager.MyListener - 'The element with locator' -->By.cssSelector: [href='/login'] was found
5013 [Test worker] INFO  manager.MyListener - 'Start find' element ---> By.xpath: //input[1]
5019 [Test worker] INFO  manager.MyListener - 'The element with locator' -->By.xpath: //input[1] was found
5075 [Test worker] INFO  manager.MyListener - 'Start find' element ---> By.xpath: //input[2]
5081 [Test worker] INFO  manager.MyListener - 'The element with locator' -->By.xpath: //input[2] was found
5134 [Test worker] INFO  manager.MyListener - 'Start find' element ---> By.xpath: //*[text()=' Login']
5141 [Test worker] INFO  manager.MyListener - 'The element with locator' -->By.xpath: //*[text()=' Login'] was found
5159 [Test worker] INFO  manager.MyListener - 'Start find' element ---> By.xpath: //*[text()='Sign Out']
5287 [Test worker] INFO  manager.MyListener - 'The element with locator' -->By.xpath: //*[text()='Sign Out'] was found
5287 [Test worker] INFO  tests.TestBase - test passed
5288 [Test worker] INFO  tests.TestBase - Start test --->loginModelDataPrividerCSV
5289 [Test worker] INFO  manager.MyListener - 'Start find' element ---> By.xpath: //*[text()='Sign Out']
5294 [Test worker] INFO  manager.MyListener - 'The element with locator' -->By.xpath: //*[text()='Sign Out'] was found
5295 [Test worker] INFO  manager.MyListener - 'Start find' element ---> By.xpath: //*[text()='Sign Out']
5300 [Test worker] INFO  manager.MyListener - 'The element with locator' -->By.xpath: //*[text()='Sign Out'] was found
5321 [Test worker] INFO  tests.TestBase - Tests start with email : bobik@gmail.comand password : Bobik12345$
5321 [Test worker] INFO  manager.MyListener - 'Start find' element ---> By.cssSelector: [href='/login']
5328 [Test worker] INFO  manager.MyListener - 'The element with locator' -->By.cssSelector: [href='/login'] was found
5348 [Test worker] INFO  manager.MyListener - 'Start find' element ---> By.xpath: //input[1]
5355 [Test worker] INFO  manager.MyListener - 'The element with locator' -->By.xpath: //input[1] was found
5409 [Test worker] INFO  manager.MyListener - 'Start find' element ---> By.xpath: //input[2]
5415 [Test worker] INFO  manager.MyListener - 'The element with locator' -->By.xpath: //input[2] was found
5468 [Test worker] INFO  manager.MyListener - 'Start find' element ---> By.xpath: //*[text()=' Login']
5474 [Test worker] INFO  manager.MyListener - 'The element with locator' -->By.xpath: //*[text()=' Login'] was found
5493 [Test worker] INFO  manager.MyListener - 'Start find' element ---> By.xpath: //*[text()='Sign Out']
5615 [Test worker] INFO  manager.MyListener - 'The element with locator' -->By.xpath: //*[text()='Sign Out'] was found
5616 [Test worker] INFO  tests.TestBase - test passed
5616 [Test worker] INFO  tests.TestBase - Start test --->loginModelDataPrividerCSV
5617 [Test worker] INFO  manager.MyListener - 'Start find' element ---> By.xpath: //*[text()='Sign Out']
5622 [Test worker] INFO  manager.MyListener - 'The element with locator' -->By.xpath: //*[text()='Sign Out'] was found
5623 [Test worker] INFO  manager.MyListener - 'Start find' element ---> By.xpath: //*[text()='Sign Out']
5628 [Test worker] INFO  manager.MyListener - 'The element with locator' -->By.xpath: //*[text()='Sign Out'] was found
5648 [Test worker] INFO  tests.TestBase - Tests start with email : bobik@gmail.comand password : Bobik12345$
5648 [Test worker] INFO  manager.MyListener - 'Start find' element ---> By.cssSelector: [href='/login']
5654 [Test worker] INFO  manager.MyListener - 'The element with locator' -->By.cssSelector: [href='/login'] was found
5673 [Test worker] INFO  manager.MyListener - 'Start find' element ---> By.xpath: //input[1]
5680 [Test worker] INFO  manager.MyListener - 'The element with locator' -->By.xpath: //input[1] was found
5739 [Test worker] INFO  manager.MyListener - 'Start find' element ---> By.xpath: //input[2]
5745 [Test worker] INFO  manager.MyListener - 'The element with locator' -->By.xpath: //input[2] was found
5802 [Test worker] INFO  manager.MyListener - 'Start find' element ---> By.xpath: //*[text()=' Login']
5807 [Test worker] INFO  manager.MyListener - 'The element with locator' -->By.xpath: //*[text()=' Login'] was found
5826 [Test worker] INFO  manager.MyListener - 'Start find' element ---> By.xpath: //*[text()='Sign Out']
5957 [Test worker] INFO  manager.MyListener - 'The element with locator' -->By.xpath: //*[text()='Sign Out'] was found
5957 [Test worker] INFO  tests.TestBase - test passed
5959 [Test worker] INFO  tests.TestBase - Start test --->loginNegativePass
5959 [Test worker] INFO  manager.MyListener - 'Start find' element ---> By.xpath: //*[text()='Sign Out']
5965 [Test worker] INFO  manager.MyListener - 'The element with locator' -->By.xpath: //*[text()='Sign Out'] was found
5965 [Test worker] INFO  manager.MyListener - 'Start find' element ---> By.xpath: //*[text()='Sign Out']
5970 [Test worker] INFO  manager.MyListener - 'The element with locator' -->By.xpath: //*[text()='Sign Out'] was found
5994 [Test worker] INFO  manager.MyListener - 'Start find' element ---> By.cssSelector: [href='/login']
6000 [Test worker] INFO  manager.MyListener - 'The element with locator' -->By.cssSelector: [href='/login'] was found
6022 [Test worker] INFO  manager.MyListener - 'Start find' element ---> By.xpath: //input[1]
6028 [Test worker] INFO  manager.MyListener - 'The element with locator' -->By.xpath: //input[1] was found
6083 [Test worker] INFO  manager.MyListener - 'Start find' element ---> By.xpath: //input[2]
6089 [Test worker] INFO  manager.MyListener - 'The element with locator' -->By.xpath: //input[2] was found
6141 [Test worker] INFO  manager.MyListener - 'Start find' element ---> By.xpath: //*[text()=' Login']
6147 [Test worker] INFO  manager.MyListener - 'The element with locator' -->By.xpath: //*[text()=' Login'] was found
6165 [Test worker] INFO  manager.MyListener - 'Start find' element ---> By.xpath: //*[text()='Sign Out']
6286 [Test worker] INFO  manager.MyListener - 'The element with locator' -->By.xpath: //*[text()='Sign Out'] was found
6299 [Test worker] INFO  tests.TestBase - Start test --->loginSuccessModel
6300 [Test worker] INFO  manager.MyListener - 'Start find' element ---> By.xpath: //*[text()='Sign Out']
8361 [Test worker] INFO  manager.MyListener - 'The element with locator' -->By.xpath: //*[text()='Sign Out'] was found
8362 [Test worker] INFO  manager.MyListener - 'Start find' element ---> By.cssSelector: [href='/login']
8367 [Test worker] INFO  manager.MyListener - 'The element with locator' -->By.cssSelector: [href='/login'] was found
8391 [Test worker] INFO  manager.MyListener - 'Start find' element ---> By.xpath: //input[1]
8397 [Test worker] INFO  manager.MyListener - 'The element with locator' -->By.xpath: //input[1] was found
8463 [Test worker] INFO  manager.MyListener - 'Start find' element ---> By.xpath: //input[2]
8469 [Test worker] INFO  manager.MyListener - 'The element with locator' -->By.xpath: //input[2] was found
8530 [Test worker] INFO  manager.MyListener - 'Start find' element ---> By.xpath: //*[text()=' Login']
8536 [Test worker] INFO  manager.MyListener - 'The element with locator' -->By.xpath: //*[text()=' Login'] was found
8554 [Test worker] INFO  manager.MyListener - 'Start find' element ---> By.xpath: //*[text()='Sign Out']
8686 [Test worker] INFO  manager.MyListener - 'The element with locator' -->By.xpath: //*[text()='Sign Out'] was found
8687 [Test worker] INFO  tests.TestBase - Start test --->loginSuccessNew
8687 [Test worker] INFO  manager.MyListener - 'Start find' element ---> By.xpath: //*[text()='Sign Out']
8693 [Test worker] INFO  manager.MyListener - 'The element with locator' -->By.xpath: //*[text()='Sign Out'] was found
8693 [Test worker] INFO  manager.MyListener - 'Start find' element ---> By.xpath: //*[text()='Sign Out']
8699 [Test worker] INFO  manager.MyListener - 'The element with locator' -->By.xpath: //*[text()='Sign Out'] was found
8719 [Test worker] INFO  tests.TestBase - test starts with email:bobik@gmail.com password:Bobik12345$
8719 [Test worker] INFO  manager.MyListener - 'Start find' element ---> By.cssSelector: [href='/login']
8726 [Test worker] INFO  manager.MyListener - 'The element with locator' -->By.cssSelector: [href='/login'] was found
8746 [Test worker] INFO  manager.MyListener - 'Start find' element ---> By.xpath: //input[1]
8752 [Test worker] INFO  manager.MyListener - 'The element with locator' -->By.xpath: //input[1] was found
8808 [Test worker] INFO  manager.MyListener - 'Start find' element ---> By.xpath: //input[2]
8813 [Test worker] INFO  manager.MyListener - 'The element with locator' -->By.xpath: //input[2] was found
8866 [Test worker] INFO  manager.MyListener - 'Start find' element ---> By.xpath: //*[text()=' Login']
8872 [Test worker] INFO  manager.MyListener - 'The element with locator' -->By.xpath: //*[text()=' Login'] was found
8891 [Test worker] INFO  manager.MyListener - 'Start find' element ---> By.xpath: //*[text()='Sign Out']
9014 [Test worker] INFO  manager.MyListener - 'The element with locator' -->By.xpath: //*[text()='Sign Out'] was found
9015 [Test worker] INFO  tests.TestBase - Start test --->loginSuccessNew
9015 [Test worker] INFO  manager.MyListener - 'Start find' element ---> By.xpath: //*[text()='Sign Out']
9021 [Test worker] INFO  manager.MyListener - 'The element with locator' -->By.xpath: //*[text()='Sign Out'] was found
9022 [Test worker] INFO  manager.MyListener - 'Start find' element ---> By.xpath: //*[text()='Sign Out']
9027 [Test worker] INFO  manager.MyListener - 'The element with locator' -->By.xpath: //*[text()='Sign Out'] was found
9048 [Test worker] INFO  tests.TestBase - test starts with email:bobik@gmail.com password:Bobik12345$
9048 [Test worker] INFO  manager.MyListener - 'Start find' element ---> By.cssSelector: [href='/login']
9055 [Test worker] INFO  manager.MyListener - 'The element with locator' -->By.cssSelector: [href='/login'] was found
9076 [Test worker] INFO  manager.MyListener - 'Start find' element ---> By.xpath: //input[1]
9082 [Test worker] INFO  manager.MyListener - 'The element with locator' -->By.xpath: //input[1] was found
9140 [Test worker] INFO  manager.MyListener - 'Start find' element ---> By.xpath: //input[2]
9145 [Test worker] INFO  manager.MyListener - 'The element with locator' -->By.xpath: //input[2] was found
9197 [Test worker] INFO  manager.MyListener - 'Start find' element ---> By.xpath: //*[text()=' Login']
9203 [Test worker] INFO  manager.MyListener - 'The element with locator' -->By.xpath: //*[text()=' Login'] was found
9221 [Test worker] INFO  manager.MyListener - 'Start find' element ---> By.xpath: //*[text()='Sign Out']
9357 [Test worker] INFO  manager.MyListener - 'The element with locator' -->By.xpath: //*[text()='Sign Out'] was found
9358 [Test worker] INFO  tests.TestBase - Start test --->loginSuccessNew
9358 [Test worker] INFO  manager.MyListener - 'Start find' element ---> By.xpath: //*[text()='Sign Out']
9363 [Test worker] INFO  manager.MyListener - 'The element with locator' -->By.xpath: //*[text()='Sign Out'] was found
9363 [Test worker] INFO  manager.MyListener - 'Start find' element ---> By.xpath: //*[text()='Sign Out']
9368 [Test worker] INFO  manager.MyListener - 'The element with locator' -->By.xpath: //*[text()='Sign Out'] was found
9390 [Test worker] INFO  tests.TestBase - test starts with email:bobik@gmail.com password:Bobik12345$
9390 [Test worker] INFO  manager.MyListener - 'Start find' element ---> By.cssSelector: [href='/login']
9397 [Test worker] INFO  manager.MyListener - 'The element with locator' -->By.cssSelector: [href='/login'] was found
9416 [Test worker] INFO  manager.MyListener - 'Start find' element ---> By.xpath: //input[1]
9422 [Test worker] INFO  manager.MyListener - 'The element with locator' -->By.xpath: //input[1] was found
9477 [Test worker] INFO  manager.MyListener - 'Start find' element ---> By.xpath: //input[2]
9482 [Test worker] INFO  manager.MyListener - 'The element with locator' -->By.xpath: //input[2] was found
9533 [Test worker] INFO  manager.MyListener - 'Start find' element ---> By.xpath: //*[text()=' Login']
9539 [Test worker] INFO  manager.MyListener - 'The element with locator' -->By.xpath: //*[text()=' Login'] was found
9558 [Test worker] INFO  manager.MyListener - 'Start find' element ---> By.xpath: //*[text()='Sign Out']
9688 [Test worker] INFO  manager.MyListener - 'The element with locator' -->By.xpath: //*[text()='Sign Out'] was found
9689 [Test worker] INFO  tests.TestBase - Start test --->loginSuccessNew
9689 [Test worker] INFO  manager.MyListener - 'Start find' element ---> By.xpath: //*[text()='Sign Out']
9695 [Test worker] INFO  manager.MyListener - 'The element with locator' -->By.xpath: //*[text()='Sign Out'] was found
9695 [Test worker] INFO  manager.MyListener - 'Start find' element ---> By.xpath: //*[text()='Sign Out']
9700 [Test worker] INFO  manager.MyListener - 'The element with locator' -->By.xpath: //*[text()='Sign Out'] was found
9722 [Test worker] INFO  tests.TestBase - test starts with email:bobik@gmail.com password:Bobik12345$
9722 [Test worker] INFO  manager.MyListener - 'Start find' element ---> By.cssSelector: [href='/login']
9728 [Test worker] INFO  manager.MyListener - 'The element with locator' -->By.cssSelector: [href='/login'] was found
9749 [Test worker] INFO  manager.MyListener - 'Start find' element ---> By.xpath: //input[1]
9755 [Test worker] INFO  manager.MyListener - 'The element with locator' -->By.xpath: //input[1] was found
9812 [Test worker] INFO  manager.MyListener - 'Start find' element ---> By.xpath: //input[2]
9818 [Test worker] INFO  manager.MyListener - 'The element with locator' -->By.xpath: //input[2] was found
9870 [Test worker] INFO  manager.MyListener - 'Start find' element ---> By.xpath: //*[text()=' Login']
9876 [Test worker] INFO  manager.MyListener - 'The element with locator' -->By.xpath: //*[text()=' Login'] was found
9898 [Test worker] INFO  manager.MyListener - 'Start find' element ---> By.xpath: //*[text()='Sign Out']
10158 [Test worker] INFO  manager.MyListener - 'The element with locator' -->By.xpath: //*[text()='Sign Out'] was found
10162 [Test worker] INFO  tests.TestBase - Start test --->addNewContactSuccsessDataProviderCSV
10162 [Test worker] INFO  manager.MyListener - 'Start find' element ---> By.xpath: //*[text()='Sign Out']
10167 [Test worker] INFO  manager.MyListener - 'The element with locator' -->By.xpath: //*[text()='Sign Out'] was found
10172 [Test worker] INFO  manager.MyListener - 'Start find' element ---> By.cssSelector: .navbar-logged_nav__2Hx7M a:nth-child(5)
10180 [Test worker] INFO  manager.MyListener - 'The element with locator' -->By.cssSelector: .navbar-logged_nav__2Hx7M a:nth-child(5) was found
10203 [Test worker] INFO  manager.MyListener - 'Start find' element ---> By.cssSelector: [placeholder='Name']
10211 [Test worker] INFO  manager.MyListener - 'The element with locator' -->By.cssSelector: [placeholder='Name'] was found
10265 [Test worker] INFO  manager.MyListener - 'Start find' element ---> By.cssSelector: [placeholder='Last Name']
10273 [Test worker] INFO  manager.MyListener - 'The element with locator' -->By.cssSelector: [placeholder='Last Name'] was found
10322 [Test worker] INFO  manager.MyListener - 'Start find' element ---> By.cssSelector: [placeholder='Phone']
10330 [Test worker] INFO  manager.MyListener - 'The element with locator' -->By.cssSelector: [placeholder='Phone'] was found
10381 [Test worker] INFO  manager.MyListener - 'Start find' element ---> By.cssSelector: [placeholder='email']
10388 [Test worker] INFO  manager.MyListener - 'The element with locator' -->By.cssSelector: [placeholder='email'] was found
10440 [Test worker] INFO  manager.MyListener - 'Start find' element ---> By.cssSelector: [placeholder='Address']
10448 [Test worker] INFO  manager.MyListener - 'The element with locator' -->By.cssSelector: [placeholder='Address'] was found
10499 [Test worker] INFO  manager.MyListener - 'Start find' element ---> By.cssSelector: [placeholder='description']
10507 [Test worker] INFO  manager.MyListener - 'The element with locator' -->By.cssSelector: [placeholder='description'] was found
10557 [Test worker] INFO  manager.MyListener - 'Start find' element ---> By.xpath: //*[text()='Save']
10565 [Test worker] INFO  manager.MyListener - 'The element with locator' -->By.xpath: //*[text()='Save'] was found
10585 [Test worker] INFO  manager.MyListener - 'Start find' element ---> By.cssSelector: h2
10973 [Test worker] INFO  manager.MyListener - 'The element with locator' -->By.cssSelector: h2 was found
10982 [Test worker] INFO  manager.MyListener - 'Start find' element ---> By.cssSelector: h3
10990 [Test worker] INFO  manager.MyListener - 'The element with locator' -->By.cssSelector: h3 was found
10999 [Test worker] INFO  tests.TestBase - Start test --->addNewContactSuccsessDataProviderCSV
10999 [Test worker] INFO  manager.MyListener - 'Start find' element ---> By.xpath: //*[text()='Sign Out']
11005 [Test worker] INFO  manager.MyListener - 'The element with locator' -->By.xpath: //*[text()='Sign Out'] was found
11006 [Test worker] INFO  manager.MyListener - 'Start find' element ---> By.cssSelector: .navbar-logged_nav__2Hx7M a:nth-child(5)
11010 [Test worker] INFO  manager.MyListener - 'The element with locator' -->By.cssSelector: .navbar-logged_nav__2Hx7M a:nth-child(5) was found
11025 [Test worker] INFO  manager.MyListener - 'Start find' element ---> By.cssSelector: [placeholder='Name']
11031 [Test worker] INFO  manager.MyListener - 'The element with locator' -->By.cssSelector: [placeholder='Name'] was found
11084 [Test worker] INFO  manager.MyListener - 'Start find' element ---> By.cssSelector: [placeholder='Last Name']
11089 [Test worker] INFO  manager.MyListener - 'The element with locator' -->By.cssSelector: [placeholder='Last Name'] was found
11138 [Test worker] INFO  manager.MyListener - 'Start find' element ---> By.cssSelector: [placeholder='Phone']
11144 [Test worker] INFO  manager.MyListener - 'The element with locator' -->By.cssSelector: [placeholder='Phone'] was found
11195 [Test worker] INFO  manager.MyListener - 'Start find' element ---> By.cssSelector: [placeholder='email']
11201 [Test worker] INFO  manager.MyListener - 'The element with locator' -->By.cssSelector: [placeholder='email'] was found
11255 [Test worker] INFO  manager.MyListener - 'Start find' element ---> By.cssSelector: [placeholder='Address']
11261 [Test worker] INFO  manager.MyListener - 'The element with locator' -->By.cssSelector: [placeholder='Address'] was found
11311 [Test worker] INFO  manager.MyListener - 'Start find' element ---> By.cssSelector: [placeholder='description']
11317 [Test worker] INFO  manager.MyListener - 'The element with locator' -->By.cssSelector: [placeholder='description'] was found
11366 [Test worker] INFO  manager.MyListener - 'Start find' element ---> By.xpath: //*[text()='Save']
11373 [Test worker] INFO  manager.MyListener - 'The element with locator' -->By.xpath: //*[text()='Save'] was found
11391 [Test worker] INFO  manager.MyListener - 'Start find' element ---> By.cssSelector: h2
11583 [Test worker] INFO  manager.MyListener - 'The element with locator' -->By.cssSelector: h2 was found
11599 [Test worker] INFO  manager.MyListener - 'Start find' element ---> By.cssSelector: h3
11604 [Test worker] INFO  manager.MyListener - 'The element with locator' -->By.cssSelector: h3 was found
11619 [Test worker] INFO  tests.TestBase - Start test --->addNewContactSuccsessDataProviderCSV
11619 [Test worker] INFO  manager.MyListener - 'Start find' element ---> By.xpath: //*[text()='Sign Out']
11624 [Test worker] INFO  manager.MyListener - 'The element with locator' -->By.xpath: //*[text()='Sign Out'] was found
11625 [Test worker] INFO  manager.MyListener - 'Start find' element ---> By.cssSelector: .navbar-logged_nav__2Hx7M a:nth-child(5)
11629 [Test worker] INFO  manager.MyListener - 'The element with locator' -->By.cssSelector: .navbar-logged_nav__2Hx7M a:nth-child(5) was found
11643 [Test worker] INFO  manager.MyListener - 'Start find' element ---> By.cssSelector: [placeholder='Name']
11649 [Test worker] INFO  manager.MyListener - 'The element with locator' -->By.cssSelector: [placeholder='Name'] was found
11707 [Test worker] INFO  manager.MyListener - 'Start find' element ---> By.cssSelector: [placeholder='Last Name']
11713 [Test worker] INFO  manager.MyListener - 'The element with locator' -->By.cssSelector: [placeholder='Last Name'] was found
11762 [Test worker] INFO  manager.MyListener - 'Start find' element ---> By.cssSelector: [placeholder='Phone']
11768 [Test worker] INFO  manager.MyListener - 'The element with locator' -->By.cssSelector: [placeholder='Phone'] was found
11820 [Test worker] INFO  manager.MyListener - 'Start find' element ---> By.cssSelector: [placeholder='email']
11826 [Test worker] INFO  manager.MyListener - 'The element with locator' -->By.cssSelector: [placeholder='email'] was found
11880 [Test worker] INFO  manager.MyListener - 'Start find' element ---> By.cssSelector: [placeholder='Address']
11886 [Test worker] INFO  manager.MyListener - 'The element with locator' -->By.cssSelector: [placeholder='Address'] was found
11937 [Test worker] INFO  manager.MyListener - 'Start find' element ---> By.cssSelector: [placeholder='description']
11943 [Test worker] INFO  manager.MyListener - 'The element with locator' -->By.cssSelector: [placeholder='description'] was found
11992 [Test worker] INFO  manager.MyListener - 'Start find' element ---> By.xpath: //*[text()='Save']
11998 [Test worker] INFO  manager.MyListener - 'The element with locator' -->By.xpath: //*[text()='Save'] was found
12016 [Test worker] INFO  manager.MyListener - 'Start find' element ---> By.cssSelector: h2
12272 [Test worker] INFO  manager.MyListener - 'The element with locator' -->By.cssSelector: h2 was found
12294 [Test worker] INFO  manager.MyListener - 'Start find' element ---> By.cssSelector: h3
12298 [Test worker] INFO  manager.MyListener - 'The element with locator' -->By.cssSelector: h3 was found
12317 [Test worker] INFO  tests.TestBase - Start test --->addNewContactSuccsessDataProviderCSV
12318 [Test worker] INFO  manager.MyListener - 'Start find' element ---> By.xpath: //*[text()='Sign Out']
12323 [Test worker] INFO  manager.MyListener - 'The element with locator' -->By.xpath: //*[text()='Sign Out'] was found
12324 [Test worker] INFO  manager.MyListener - 'Start find' element ---> By.cssSelector: .navbar-logged_nav__2Hx7M a:nth-child(5)
12328 [Test worker] INFO  manager.MyListener - 'The element with locator' -->By.cssSelector: .navbar-logged_nav__2Hx7M a:nth-child(5) was found
12343 [Test worker] INFO  manager.MyListener - 'Start find' element ---> By.cssSelector: [placeholder='Name']
12349 [Test worker] INFO  manager.MyListener - 'The element with locator' -->By.cssSelector: [placeholder='Name'] was found
12400 [Test worker] INFO  manager.MyListener - 'Start find' element ---> By.cssSelector: [placeholder='Last Name']
12405 [Test worker] INFO  manager.MyListener - 'The element with locator' -->By.cssSelector: [placeholder='Last Name'] was found
12453 [Test worker] INFO  manager.MyListener - 'Start find' element ---> By.cssSelector: [placeholder='Phone']
12458 [Test worker] INFO  manager.MyListener - 'The element with locator' -->By.cssSelector: [placeholder='Phone'] was found
12510 [Test worker] INFO  manager.MyListener - 'Start find' element ---> By.cssSelector: [placeholder='email']
12517 [Test worker] INFO  manager.MyListener - 'The element with locator' -->By.cssSelector: [placeholder='email'] was found
12569 [Test worker] INFO  manager.MyListener - 'Start find' element ---> By.cssSelector: [placeholder='Address']
12575 [Test worker] INFO  manager.MyListener - 'The element with locator' -->By.cssSelector: [placeholder='Address'] was found
12625 [Test worker] INFO  manager.MyListener - 'Start find' element ---> By.cssSelector: [placeholder='description']
12630 [Test worker] INFO  manager.MyListener - 'The element with locator' -->By.cssSelector: [placeholder='description'] was found
12680 [Test worker] INFO  manager.MyListener - 'Start find' element ---> By.xpath: //*[text()='Save']
12685 [Test worker] INFO  manager.MyListener - 'The element with locator' -->By.xpath: //*[text()='Save'] was found
12703 [Test worker] INFO  manager.MyListener - 'Start find' element ---> By.cssSelector: h2
12897 [Test worker] INFO  manager.MyListener - 'The element with locator' -->By.cssSelector: h2 was found
12925 [Test worker] INFO  manager.MyListener - 'Start find' element ---> By.cssSelector: h3
12930 [Test worker] INFO  manager.MyListener - 'The element with locator' -->By.cssSelector: h3 was found
12960 [Test worker] INFO  tests.TestBase - Start test --->fillContactPositive
12960 [Test worker] INFO  manager.MyListener - 'Start find' element ---> By.xpath: //*[text()='Sign Out']
12965 [Test worker] INFO  manager.MyListener - 'The element with locator' -->By.xpath: //*[text()='Sign Out'] was found
12968 [Test worker] INFO  manager.MyListener - 'Start find' element ---> By.cssSelector: .navbar-logged_nav__2Hx7M a:nth-child(5)
12972 [Test worker] INFO  manager.MyListener - 'The element with locator' -->By.cssSelector: .navbar-logged_nav__2Hx7M a:nth-child(5) was found
12986 [Test worker] INFO  manager.MyListener - 'Start find' element ---> By.cssSelector: [placeholder='Name']
12993 [Test worker] INFO  manager.MyListener - 'The element with locator' -->By.cssSelector: [placeholder='Name'] was found
13044 [Test worker] INFO  manager.MyListener - 'Start find' element ---> By.cssSelector: [placeholder='Last Name']
13050 [Test worker] INFO  manager.MyListener - 'The element with locator' -->By.cssSelector: [placeholder='Last Name'] was found
13097 [Test worker] INFO  manager.MyListener - 'Start find' element ---> By.cssSelector: [placeholder='Phone']
13103 [Test worker] INFO  manager.MyListener - 'The element with locator' -->By.cssSelector: [placeholder='Phone'] was found
13155 [Test worker] INFO  manager.MyListener - 'Start find' element ---> By.cssSelector: [placeholder='email']
13160 [Test worker] INFO  manager.MyListener - 'The element with locator' -->By.cssSelector: [placeholder='email'] was found
13215 [Test worker] INFO  manager.MyListener - 'Start find' element ---> By.cssSelector: [placeholder='Address']
13220 [Test worker] INFO  manager.MyListener - 'The element with locator' -->By.cssSelector: [placeholder='Address'] was found
13271 [Test worker] INFO  manager.MyListener - 'Start find' element ---> By.cssSelector: [placeholder='description']
13277 [Test worker] INFO  manager.MyListener - 'The element with locator' -->By.cssSelector: [placeholder='description'] was found
13326 [Test worker] INFO  manager.MyListener - 'Start find' element ---> By.xpath: //*[text()='Save']
13331 [Test worker] INFO  manager.MyListener - 'The element with locator' -->By.xpath: //*[text()='Save'] was found
13350 [Test worker] INFO  manager.MyListener - 'Start find' element ---> By.cssSelector: h2
13602 [Test worker] INFO  manager.MyListener - 'The element with locator' -->By.cssSelector: h2 was found
13637 [Test worker] INFO  manager.MyListener - 'Start find' element ---> By.cssSelector: h3
13642 [Test worker] INFO  manager.MyListener - 'The element with locator' -->By.cssSelector: h3 was found
